<?xml version="1.0" encoding="UTF-8"?>
<testsuite xmlns:xsi="http://www.w3.org/2001/XMLSchema-instance" xsi:noNamespaceSchemaLocation="https://maven.apache.org/surefire/maven-failsafe-plugin/xsd/failsafe-test-report-3.0.xsd" version="3.0" name="runner.SerenityRunner" time="53.998" tests="3" errors="2" skipped="0" failures="0">
  <properties>
    <property name="java.specification.version" value="19"/>
    <property name="webdriver.chrome.driver" value="C:\\Selenium Software\\chromedriver_win32\\chromedriver.exe"/>
    <property name="sun.cpu.isalist" value="amd64"/>
    <property name="sun.jnu.encoding" value="Cp1252"/>
    <property name="java.class.path" value="C:\Users\vijayalaxmi.rajaa\eclipse-workspace\SerenityProject\target\test-classes;C:\Users\vijayalaxmi.rajaa\.m2\repository\net\serenity-bdd\serenity-core\3.6.21\serenity-core-3.6.21.jar;C:\Users\vijayalaxmi.rajaa\.m2\repository\net\serenity-bdd\serenity-model\3.6.21\serenity-model-3.6.21.jar;C:\Users\vijayalaxmi.rajaa\.m2\repository\org\apache\commons\commons-text\1.10.0\commons-text-1.10.0.jar;C:\Users\vijayalaxmi.rajaa\.m2\repository\commons-net\commons-net\3.9.0\commons-net-3.9.0.jar;C:\Users\vijayalaxmi.rajaa\.m2\repository\com\google\guava\guava\31.1-jre\guava-31.1-jre.jar;C:\Users\vijayalaxmi.rajaa\.m2\repository\com\google\guava\failureaccess\1.0.1\failureaccess-1.0.1.jar;C:\Users\vijayalaxmi.rajaa\.m2\repository\com\google\guava\listenablefuture\9999.0-empty-to-avoid-conflict-with-guava\listenablefuture-9999.0-empty-to-avoid-conflict-with-guava.jar;C:\Users\vijayalaxmi.rajaa\.m2\repository\com\google\code\findbugs\jsr305\3.0.2\jsr305-3.0.2.jar;C:\Users\vijayalaxmi.rajaa\.m2\repository\org\checkerframework\checker-qual\3.12.0\checker-qual-3.12.0.jar;C:\Users\vijayalaxmi.rajaa\.m2\repository\com\google\errorprone\error_prone_annotations\2.11.0\error_prone_annotations-2.11.0.jar;C:\Users\vijayalaxmi.rajaa\.m2\repository\com\google\j2objc\j2objc-annotations\1.3\j2objc-annotations-1.3.jar;C:\Users\vijayalaxmi.rajaa\.m2\repository\com\google\inject\guice\5.1.0\guice-5.1.0.jar;C:\Users\vijayalaxmi.rajaa\.m2\repository\javax\inject\javax.inject\1\javax.inject-1.jar;C:\Users\vijayalaxmi.rajaa\.m2\repository\aopalliance\aopalliance\1.0\aopalliance-1.0.jar;C:\Users\vijayalaxmi.rajaa\.m2\repository\org\jsoup\jsoup\1.14.3\jsoup-1.14.3.jar;C:\Users\vijayalaxmi.rajaa\.m2\repository\com\thoughtworks\xstream\xstream\1.4.20\xstream-1.4.20.jar;C:\Users\vijayalaxmi.rajaa\.m2\repository\io\github\x-stream\mxparser\1.2.2\mxparser-1.2.2.jar;C:\Users\vijayalaxmi.rajaa\.m2\repository\xmlpull\xmlpull\1.1.3.1\xmlpull-1.1.3.1.jar;C:\Users\vijayalaxmi.rajaa\.m2\repository\com\typesafe\config\1.4.2\config-1.4.2.jar;C:\Users\vijayalaxmi.rajaa\.m2\repository\org\imgscalr\imgscalr-lib\4.2\imgscalr-lib-4.2.jar;C:\Users\vijayalaxmi.rajaa\.m2\repository\org\awaitility\awaitility\4.2.0\awaitility-4.2.0.jar;C:\Users\vijayalaxmi.rajaa\.m2\repository\org\freemarker\freemarker\2.3.31\freemarker-2.3.31.jar;C:\Users\vijayalaxmi.rajaa\.m2\repository\io\github\classgraph\classgraph\4.8.138\classgraph-4.8.138.jar;C:\Users\vijayalaxmi.rajaa\.m2\repository\net\sourceforge\jexcelapi\jxl\2.6.12\jxl-2.6.12.jar;C:\Users\vijayalaxmi.rajaa\.m2\repository\net\bytebuddy\byte-buddy-agent\1.14.2\byte-buddy-agent-1.14.2.jar;C:\Users\vijayalaxmi.rajaa\.m2\repository\org\objenesis\objenesis\3.3\objenesis-3.3.jar;C:\Users\vijayalaxmi.rajaa\.m2\repository\net\serenity-bdd\serenity-reports\3.6.21\serenity-reports-3.6.21.jar;C:\Users\vijayalaxmi.rajaa\.m2\repository\net\serenity-bdd\serenity-stats\3.6.21\serenity-stats-3.6.21.jar;C:\Users\vijayalaxmi.rajaa\.m2\repository\net\serenity-bdd\serenity-reports-configuration\3.6.21\serenity-reports-configuration-3.6.21.jar;C:\Users\vijayalaxmi.rajaa\.m2\repository\com\vladsch\flexmark\flexmark-all\0.62.2\flexmark-all-0.62.2.jar;C:\Users\vijayalaxmi.rajaa\.m2\repository\com\vladsch\flexmark\flexmark\0.62.2\flexmark-0.62.2.jar;C:\Users\vijayalaxmi.rajaa\.m2\repository\com\vladsch\flexmark\flexmark-ext-abbreviation\0.62.2\flexmark-ext-abbreviation-0.62.2.jar;C:\Users\vijayalaxmi.rajaa\.m2\repository\com\vladsch\flexmark\flexmark-util\0.62.2\flexmark-util-0.62.2.jar;C:\Users\vijayalaxmi.rajaa\.m2\repository\com\vladsch\flexmark\flexmark-ext-admonition\0.62.2\flexmark-ext-admonition-0.62.2.jar;C:\Users\vijayalaxmi.rajaa\.m2\repository\com\vladsch\flexmark\flexmark-ext-anchorlink\0.62.2\flexmark-ext-anchorlink-0.62.2.jar;C:\Users\vijayalaxmi.rajaa\.m2\repository\com\vladsch\flexmark\flexmark-ext-aside\0.62.2\flexmark-ext-aside-0.62.2.jar;C:\Users\vijayalaxmi.rajaa\.m2\repository\com\vladsch\flexmark\flexmark-ext-attributes\0.62.2\flexmark-ext-attributes-0.62.2.jar;C:\Users\vijayalaxmi.rajaa\.m2\repository\com\vladsch\flexmark\flexmark-ext-autolink\0.62.2\flexmark-ext-autolink-0.62.2.jar;C:\Users\vijayalaxmi.rajaa\.m2\repository\org\nibor\autolink\autolink\0.6.0\autolink-0.6.0.jar;C:\Users\vijayalaxmi.rajaa\.m2\repository\com\vladsch\flexmark\flexmark-ext-definition\0.62.2\flexmark-ext-definition-0.62.2.jar;C:\Users\vijayalaxmi.rajaa\.m2\repository\com\vladsch\flexmark\flexmark-ext-emoji\0.62.2\flexmark-ext-emoji-0.62.2.jar;C:\Users\vijayalaxmi.rajaa\.m2\repository\com\vladsch\flexmark\flexmark-ext-enumerated-reference\0.62.2\flexmark-ext-enumerated-reference-0.62.2.jar;C:\Users\vijayalaxmi.rajaa\.m2\repository\com\vladsch\flexmark\flexmark-ext-escaped-character\0.62.2\flexmark-ext-escaped-character-0.62.2.jar;C:\Users\vijayalaxmi.rajaa\.m2\repository\com\vladsch\flexmark\flexmark-ext-footnotes\0.62.2\flexmark-ext-footnotes-0.62.2.jar;C:\Users\vijayalaxmi.rajaa\.m2\repository\com\vladsch\flexmark\flexmark-ext-gfm-issues\0.62.2\flexmark-ext-gfm-issues-0.62.2.jar;C:\Users\vijayalaxmi.rajaa\.m2\repository\com\vladsch\flexmark\flexmark-ext-gfm-strikethrough\0.62.2\flexmark-ext-gfm-strikethrough-0.62.2.jar;C:\Users\vijayalaxmi.rajaa\.m2\repository\com\vladsch\flexmark\flexmark-ext-gfm-tasklist\0.62.2\flexmark-ext-gfm-tasklist-0.62.2.jar;C:\Users\vijayalaxmi.rajaa\.m2\repository\com\vladsch\flexmark\flexmark-ext-gfm-users\0.62.2\flexmark-ext-gfm-users-0.62.2.jar;C:\Users\vijayalaxmi.rajaa\.m2\repository\com\vladsch\flexmark\flexmark-ext-gitlab\0.62.2\flexmark-ext-gitlab-0.62.2.jar;C:\Users\vijayalaxmi.rajaa\.m2\repository\com\vladsch\flexmark\flexmark-ext-jekyll-front-matter\0.62.2\flexmark-ext-jekyll-front-matter-0.62.2.jar;C:\Users\vijayalaxmi.rajaa\.m2\repository\com\vladsch\flexmark\flexmark-ext-jekyll-tag\0.62.2\flexmark-ext-jekyll-tag-0.62.2.jar;C:\Users\vijayalaxmi.rajaa\.m2\repository\com\vladsch\flexmark\flexmark-ext-media-tags\0.62.2\flexmark-ext-media-tags-0.62.2.jar;C:\Users\vijayalaxmi.rajaa\.m2\repository\com\vladsch\flexmark\flexmark-ext-macros\0.62.2\flexmark-ext-macros-0.62.2.jar;C:\Users\vijayalaxmi.rajaa\.m2\repository\com\vladsch\flexmark\flexmark-ext-ins\0.62.2\flexmark-ext-ins-0.62.2.jar;C:\Users\vijayalaxmi.rajaa\.m2\repository\com\vladsch\flexmark\flexmark-ext-xwiki-macros\0.62.2\flexmark-ext-xwiki-macros-0.62.2.jar;C:\Users\vijayalaxmi.rajaa\.m2\repository\com\vladsch\flexmark\flexmark-ext-superscript\0.62.2\flexmark-ext-superscript-0.62.2.jar;C:\Users\vijayalaxmi.rajaa\.m2\repository\com\vladsch\flexmark\flexmark-ext-tables\0.62.2\flexmark-ext-tables-0.62.2.jar;C:\Users\vijayalaxmi.rajaa\.m2\repository\com\vladsch\flexmark\flexmark-ext-toc\0.62.2\flexmark-ext-toc-0.62.2.jar;C:\Users\vijayalaxmi.rajaa\.m2\repository\com\vladsch\flexmark\flexmark-ext-typographic\0.62.2\flexmark-ext-typographic-0.62.2.jar;C:\Users\vijayalaxmi.rajaa\.m2\repository\com\vladsch\flexmark\flexmark-ext-wikilink\0.62.2\flexmark-ext-wikilink-0.62.2.jar;C:\Users\vijayalaxmi.rajaa\.m2\repository\com\vladsch\flexmark\flexmark-ext-yaml-front-matter\0.62.2\flexmark-ext-yaml-front-matter-0.62.2.jar;C:\Users\vijayalaxmi.rajaa\.m2\repository\com\vladsch\flexmark\flexmark-ext-youtube-embedded\0.62.2\flexmark-ext-youtube-embedded-0.62.2.jar;C:\Users\vijayalaxmi.rajaa\.m2\repository\com\vladsch\flexmark\flexmark-html2md-converter\0.62.2\flexmark-html2md-converter-0.62.2.jar;C:\Users\vijayalaxmi.rajaa\.m2\repository\com\vladsch\flexmark\flexmark-jira-converter\0.62.2\flexmark-jira-converter-0.62.2.jar;C:\Users\vijayalaxmi.rajaa\.m2\repository\com\vladsch\flexmark\flexmark-pdf-converter\0.62.2\flexmark-pdf-converter-0.62.2.jar;C:\Users\vijayalaxmi.rajaa\.m2\repository\com\openhtmltopdf\openhtmltopdf-core\1.0.0\openhtmltopdf-core-1.0.0.jar;C:\Users\vijayalaxmi.rajaa\.m2\repository\com\openhtmltopdf\openhtmltopdf-pdfbox\1.0.0\openhtmltopdf-pdfbox-1.0.0.jar;C:\Users\vijayalaxmi.rajaa\.m2\repository\org\apache\pdfbox\pdfbox\2.0.16\pdfbox-2.0.16.jar;C:\Users\vijayalaxmi.rajaa\.m2\repository\org\apache\pdfbox\fontbox\2.0.16\fontbox-2.0.16.jar;C:\Users\vijayalaxmi.rajaa\.m2\repository\org\apache\pdfbox\xmpbox\2.0.16\xmpbox-2.0.16.jar;C:\Users\vijayalaxmi.rajaa\.m2\repository\de\rototor\pdfbox\graphics2d\0.24\graphics2d-0.24.jar;C:\Users\vijayalaxmi.rajaa\.m2\repository\com\openhtmltopdf\openhtmltopdf-rtl-support\1.0.0\openhtmltopdf-rtl-support-1.0.0.jar;C:\Users\vijayalaxmi.rajaa\.m2\repository\com\openhtmltopdf\openhtmltopdf-jsoup-dom-converter\1.0.0\openhtmltopdf-jsoup-dom-converter-1.0.0.jar;C:\Users\vijayalaxmi.rajaa\.m2\repository\com\vladsch\flexmark\flexmark-profile-pegdown\0.62.2\flexmark-profile-pegdown-0.62.2.jar;C:\Users\vijayalaxmi.rajaa\.m2\repository\com\vladsch\flexmark\flexmark-util-ast\0.62.2\flexmark-util-ast-0.62.2.jar;C:\Users\vijayalaxmi.rajaa\.m2\repository\com\vladsch\flexmark\flexmark-util-builder\0.62.2\flexmark-util-builder-0.62.2.jar;C:\Users\vijayalaxmi.rajaa\.m2\repository\com\vladsch\flexmark\flexmark-util-collection\0.62.2\flexmark-util-collection-0.62.2.jar;C:\Users\vijayalaxmi.rajaa\.m2\repository\com\vladsch\flexmark\flexmark-util-data\0.62.2\flexmark-util-data-0.62.2.jar;C:\Users\vijayalaxmi.rajaa\.m2\repository\com\vladsch\flexmark\flexmark-util-dependency\0.62.2\flexmark-util-dependency-0.62.2.jar;C:\Users\vijayalaxmi.rajaa\.m2\repository\com\vladsch\flexmark\flexmark-util-format\0.62.2\flexmark-util-format-0.62.2.jar;C:\Users\vijayalaxmi.rajaa\.m2\repository\com\vladsch\flexmark\flexmark-util-html\0.62.2\flexmark-util-html-0.62.2.jar;C:\Users\vijayalaxmi.rajaa\.m2\repository\com\vladsch\flexmark\flexmark-util-misc\0.62.2\flexmark-util-misc-0.62.2.jar;C:\Users\vijayalaxmi.rajaa\.m2\repository\com\vladsch\flexmark\flexmark-util-options\0.62.2\flexmark-util-options-0.62.2.jar;C:\Users\vijayalaxmi.rajaa\.m2\repository\com\vladsch\flexmark\flexmark-util-sequence\0.62.2\flexmark-util-sequence-0.62.2.jar;C:\Users\vijayalaxmi.rajaa\.m2\repository\com\vladsch\flexmark\flexmark-util-visitor\0.62.2\flexmark-util-visitor-0.62.2.jar;C:\Users\vijayalaxmi.rajaa\.m2\repository\com\vladsch\flexmark\flexmark-youtrack-converter\0.62.2\flexmark-youtrack-converter-0.62.2.jar;C:\Users\vijayalaxmi.rajaa\.m2\repository\com\ibm\icu\icu4j\72.1\icu4j-72.1.jar;C:\Users\vijayalaxmi.rajaa\.m2\repository\es\nitaur\markdown\txtmark\0.16\txtmark-0.16.jar;C:\Users\vijayalaxmi.rajaa\.m2\repository\net\serenity-bdd\serenity-report-resources\3.6.21\serenity-report-resources-3.6.21.jar;C:\Users\vijayalaxmi.rajaa\.m2\repository\com\google\code\gson\gson\2.10.1\gson-2.10.1.jar;C:\Users\vijayalaxmi.rajaa\.m2\repository\com\fasterxml\jackson\core\jackson-core\2.15.0-rc1\jackson-core-2.15.0-rc1.jar;C:\Users\vijayalaxmi.rajaa\.m2\repository\com\fasterxml\jackson\core\jackson-databind\2.15.0-rc1\jackson-databind-2.15.0-rc1.jar;C:\Users\vijayalaxmi.rajaa\.m2\repository\com\fasterxml\jackson\core\jackson-annotations\2.15.0-rc1\jackson-annotations-2.15.0-rc1.jar;C:\Users\vijayalaxmi.rajaa\.m2\repository\commons-codec\commons-codec\1.15\commons-codec-1.15.jar;C:\Users\vijayalaxmi.rajaa\.m2\repository\commons-io\commons-io\2.11.0\commons-io-2.11.0.jar;C:\Users\vijayalaxmi.rajaa\.m2\repository\org\apache\httpcomponents\httpclient\4.5.13\httpclient-4.5.13.jar;C:\Users\vijayalaxmi.rajaa\.m2\repository\org\apache\httpcomponents\httpcore\4.4.13\httpcore-4.4.13.jar;C:\Users\vijayalaxmi.rajaa\.m2\repository\commons-logging\commons-logging\1.2\commons-logging-1.2.jar;C:\Users\vijayalaxmi.rajaa\.m2\repository\org\seleniumhq\selenium\selenium-java\4.8.1\selenium-java-4.8.1.jar;C:\Users\vijayalaxmi.rajaa\.m2\repository\org\seleniumhq\selenium\selenium-devtools-v108\4.8.1\selenium-devtools-v108-4.8.1.jar;C:\Users\vijayalaxmi.rajaa\.m2\repository\org\seleniumhq\selenium\selenium-devtools-v109\4.8.1\selenium-devtools-v109-4.8.1.jar;C:\Users\vijayalaxmi.rajaa\.m2\repository\org\seleniumhq\selenium\selenium-devtools-v110\4.8.1\selenium-devtools-v110-4.8.1.jar;C:\Users\vijayalaxmi.rajaa\.m2\repository\org\seleniumhq\selenium\selenium-devtools-v85\4.8.1\selenium-devtools-v85-4.8.1.jar;C:\Users\vijayalaxmi.rajaa\.m2\repository\org\seleniumhq\selenium\selenium-remote-driver\4.8.1\selenium-remote-driver-4.8.1.jar;C:\Users\vijayalaxmi.rajaa\.m2\repository\com\beust\jcommander\1.82\jcommander-1.82.jar;C:\Users\vijayalaxmi.rajaa\.m2\repository\io\netty\netty-buffer\4.1.87.Final\netty-buffer-4.1.87.Final.jar;C:\Users\vijayalaxmi.rajaa\.m2\repository\io\netty\netty-codec-http\4.1.87.Final\netty-codec-http-4.1.87.Final.jar;C:\Users\vijayalaxmi.rajaa\.m2\repository\io\netty\netty-codec\4.1.87.Final\netty-codec-4.1.87.Final.jar;C:\Users\vijayalaxmi.rajaa\.m2\repository\io\netty\netty-handler\4.1.87.Final\netty-handler-4.1.87.Final.jar;C:\Users\vijayalaxmi.rajaa\.m2\repository\io\netty\netty-common\4.1.87.Final\netty-common-4.1.87.Final.jar;C:\Users\vijayalaxmi.rajaa\.m2\repository\io\netty\netty-transport-classes-epoll\4.1.87.Final\netty-transport-classes-epoll-4.1.87.Final.jar;C:\Users\vijayalaxmi.rajaa\.m2\repository\io\netty\netty-transport-classes-kqueue\4.1.87.Final\netty-transport-classes-kqueue-4.1.87.Final.jar;C:\Users\vijayalaxmi.rajaa\.m2\repository\io\netty\netty-transport-native-epoll\4.1.87.Final\netty-transport-native-epoll-4.1.87.Final.jar;C:\Users\vijayalaxmi.rajaa\.m2\repository\io\netty\netty-transport-native-kqueue\4.1.87.Final\netty-transport-native-kqueue-4.1.87.Final.jar;C:\Users\vijayalaxmi.rajaa\.m2\repository\io\netty\netty-transport-native-unix-common\4.1.87.Final\netty-transport-native-unix-common-4.1.87.Final.jar;C:\Users\vijayalaxmi.rajaa\.m2\repository\io\netty\netty-transport\4.1.87.Final\netty-transport-4.1.87.Final.jar;C:\Users\vijayalaxmi.rajaa\.m2\repository\io\netty\netty-resolver\4.1.87.Final\netty-resolver-4.1.87.Final.jar;C:\Users\vijayalaxmi.rajaa\.m2\repository\io\opentelemetry\opentelemetry-api\1.22.0\opentelemetry-api-1.22.0.jar;C:\Users\vijayalaxmi.rajaa\.m2\repository\io\opentelemetry\opentelemetry-context\1.22.0\opentelemetry-context-1.22.0.jar;C:\Users\vijayalaxmi.rajaa\.m2\repository\io\opentelemetry\opentelemetry-exporter-logging\1.22.0\opentelemetry-exporter-logging-1.22.0.jar;C:\Users\vijayalaxmi.rajaa\.m2\repository\io\opentelemetry\opentelemetry-sdk-metrics\1.22.0\opentelemetry-sdk-metrics-1.22.0.jar;C:\Users\vijayalaxmi.rajaa\.m2\repository\io\opentelemetry\opentelemetry-sdk-logs\1.22.0-alpha\opentelemetry-sdk-logs-1.22.0-alpha.jar;C:\Users\vijayalaxmi.rajaa\.m2\repository\io\opentelemetry\opentelemetry-api-logs\1.22.0-alpha\opentelemetry-api-logs-1.22.0-alpha.jar;C:\Users\vijayalaxmi.rajaa\.m2\repository\io\opentelemetry\opentelemetry-sdk-common\1.22.0\opentelemetry-sdk-common-1.22.0.jar;C:\Users\vijayalaxmi.rajaa\.m2\repository\io\opentelemetry\opentelemetry-sdk-extension-autoconfigure-spi\1.22.0\opentelemetry-sdk-extension-autoconfigure-spi-1.22.0.jar;C:\Users\vijayalaxmi.rajaa\.m2\repository\io\opentelemetry\opentelemetry-sdk-extension-autoconfigure\1.22.0-alpha\opentelemetry-sdk-extension-autoconfigure-1.22.0-alpha.jar;C:\Users\vijayalaxmi.rajaa\.m2\repository\io\opentelemetry\opentelemetry-sdk-trace\1.22.0\opentelemetry-sdk-trace-1.22.0.jar;C:\Users\vijayalaxmi.rajaa\.m2\repository\io\opentelemetry\opentelemetry-sdk\1.22.0\opentelemetry-sdk-1.22.0.jar;C:\Users\vijayalaxmi.rajaa\.m2\repository\io\opentelemetry\opentelemetry-semconv\1.22.0-alpha\opentelemetry-semconv-1.22.0-alpha.jar;C:\Users\vijayalaxmi.rajaa\.m2\repository\io\ous\jtoml\2.0.0\jtoml-2.0.0.jar;C:\Users\vijayalaxmi.rajaa\.m2\repository\org\apache\commons\commons-exec\1.3\commons-exec-1.3.jar;C:\Users\vijayalaxmi.rajaa\.m2\repository\org\asynchttpclient\async-http-client\2.12.3\async-http-client-2.12.3.jar;C:\Users\vijayalaxmi.rajaa\.m2\repository\org\asynchttpclient\async-http-client-netty-utils\2.12.3\async-http-client-netty-utils-2.12.3.jar;C:\Users\vijayalaxmi.rajaa\.m2\repository\io\netty\netty-codec-socks\4.1.60.Final\netty-codec-socks-4.1.60.Final.jar;C:\Users\vijayalaxmi.rajaa\.m2\repository\io\netty\netty-handler-proxy\4.1.60.Final\netty-handler-proxy-4.1.60.Final.jar;C:\Users\vijayalaxmi.rajaa\.m2\repository\io\netty\netty-transport-native-epoll\4.1.60.Final\netty-transport-native-epoll-4.1.60.Final-linux-x86_64.jar;C:\Users\vijayalaxmi.rajaa\.m2\repository\io\netty\netty-transport-native-kqueue\4.1.60.Final\netty-transport-native-kqueue-4.1.60.Final-osx-x86_64.jar;C:\Users\vijayalaxmi.rajaa\.m2\repository\org\reactivestreams\reactive-streams\1.0.3\reactive-streams-1.0.3.jar;C:\Users\vijayalaxmi.rajaa\.m2\repository\com\typesafe\netty\netty-reactive-streams\2.0.4\netty-reactive-streams-2.0.4.jar;C:\Users\vijayalaxmi.rajaa\.m2\repository\org\seleniumhq\selenium\selenium-manager\4.8.1\selenium-manager-4.8.1.jar;C:\Users\vijayalaxmi.rajaa\.m2\repository\org\seleniumhq\selenium\selenium-safari-driver\4.8.1\selenium-safari-driver-4.8.1.jar;C:\Users\vijayalaxmi.rajaa\.m2\repository\org\seleniumhq\selenium\selenium-api\4.8.1\selenium-api-4.8.1.jar;C:\Users\vijayalaxmi.rajaa\.m2\repository\org\seleniumhq\selenium\selenium-support\4.8.1\selenium-support-4.8.1.jar;C:\Users\vijayalaxmi.rajaa\.m2\repository\com\google\auto\service\auto-service-annotations\1.0.1\auto-service-annotations-1.0.1.jar;C:\Users\vijayalaxmi.rajaa\.m2\repository\com\google\auto\service\auto-service\1.0.1\auto-service-1.0.1.jar;C:\Users\vijayalaxmi.rajaa\.m2\repository\com\google\auto\auto-common\1.2\auto-common-1.2.jar;C:\Users\vijayalaxmi.rajaa\.m2\repository\org\seleniumhq\selenium\selenium-json\4.8.1\selenium-json-4.8.1.jar;C:\Users\vijayalaxmi.rajaa\.m2\repository\org\seleniumhq\selenium\selenium-chrome-driver\4.8.1\selenium-chrome-driver-4.8.1.jar;C:\Users\vijayalaxmi.rajaa\.m2\repository\org\seleniumhq\selenium\selenium-chromium-driver\4.8.1\selenium-chromium-driver-4.8.1.jar;C:\Users\vijayalaxmi.rajaa\.m2\repository\org\seleniumhq\selenium\selenium-firefox-driver\4.8.1\selenium-firefox-driver-4.8.1.jar;C:\Users\vijayalaxmi.rajaa\.m2\repository\org\seleniumhq\selenium\selenium-http\4.8.1\selenium-http-4.8.1.jar;C:\Users\vijayalaxmi.rajaa\.m2\repository\dev\failsafe\failsafe\3.3.0\failsafe-3.3.0.jar;C:\Users\vijayalaxmi.rajaa\.m2\repository\org\seleniumhq\selenium\selenium-edge-driver\4.8.1\selenium-edge-driver-4.8.1.jar;C:\Users\vijayalaxmi.rajaa\.m2\repository\org\seleniumhq\selenium\selenium-ie-driver\4.8.1\selenium-ie-driver-4.8.1.jar;C:\Users\vijayalaxmi.rajaa\.m2\repository\org\projectlombok\lombok\1.18.20\lombok-1.18.20.jar;C:\Users\vijayalaxmi.rajaa\.m2\repository\io\appium\java-client\8.3.0\java-client-8.3.0.jar;C:\Users\vijayalaxmi.rajaa\.m2\repository\commons-validator\commons-validator\1.7\commons-validator-1.7.jar;C:\Users\vijayalaxmi.rajaa\.m2\repository\commons-digester\commons-digester\2.1\commons-digester-2.1.jar;C:\Users\vijayalaxmi.rajaa\.m2\repository\org\apache\groovy\groovy\4.0.10\groovy-4.0.10.jar;C:\Users\vijayalaxmi.rajaa\.m2\repository\net\sf\opencsv\opencsv\2.0\opencsv-2.0.jar;C:\Users\vijayalaxmi.rajaa\.m2\repository\commons-beanutils\commons-beanutils\1.9.4\commons-beanutils-1.9.4.jar;C:\Users\vijayalaxmi.rajaa\.m2\repository\org\apache\commons\commons-lang3\3.12.0\commons-lang3-3.12.0.jar;C:\Users\vijayalaxmi.rajaa\.m2\repository\commons-collections\commons-collections\3.2.2\commons-collections-3.2.2.jar;C:\Users\vijayalaxmi.rajaa\.m2\repository\org\fluentlenium\fluentlenium-core\0.10.2\fluentlenium-core-0.10.2.jar;C:\Users\vijayalaxmi.rajaa\.m2\repository\io\github\bonigarcia\webdrivermanager\5.3.0\webdrivermanager-5.3.0.jar;C:\Users\vijayalaxmi.rajaa\.m2\repository\com\github\docker-java\docker-java\3.2.13\docker-java-3.2.13.jar;C:\Users\vijayalaxmi.rajaa\.m2\repository\com\github\docker-java\docker-java-core\3.2.13\docker-java-core-3.2.13.jar;C:\Users\vijayalaxmi.rajaa\.m2\repository\com\github\docker-java\docker-java-api\3.2.13\docker-java-api-3.2.13.jar;C:\Users\vijayalaxmi.rajaa\.m2\repository\org\apache\commons\commons-compress\1.21\commons-compress-1.21.jar;C:\Users\vijayalaxmi.rajaa\.m2\repository\org\bouncycastle\bcpkix-jdk15on\1.64\bcpkix-jdk15on-1.64.jar;C:\Users\vijayalaxmi.rajaa\.m2\repository\org\bouncycastle\bcprov-jdk15on\1.64\bcprov-jdk15on-1.64.jar;C:\Users\vijayalaxmi.rajaa\.m2\repository\org\slf4j\jcl-over-slf4j\1.7.30\jcl-over-slf4j-1.7.30.jar;C:\Users\vijayalaxmi.rajaa\.m2\repository\com\github\docker-java\docker-java-transport-httpclient5\3.2.13\docker-java-transport-httpclient5-3.2.13.jar;C:\Users\vijayalaxmi.rajaa\.m2\repository\com\github\docker-java\docker-java-transport\3.2.13\docker-java-transport-3.2.13.jar;C:\Users\vijayalaxmi.rajaa\.m2\repository\net\java\dev\jna\jna\5.8.0\jna-5.8.0.jar;C:\Users\vijayalaxmi.rajaa\.m2\repository\org\brotli\dec\0.1.2\dec-0.1.2.jar;C:\Users\vijayalaxmi.rajaa\.m2\repository\org\apache\httpcomponents\client5\httpclient5\5.1.3\httpclient5-5.1.3.jar;C:\Users\vijayalaxmi.rajaa\.m2\repository\org\apache\httpcomponents\core5\httpcore5\5.1.3\httpcore5-5.1.3.jar;C:\Users\vijayalaxmi.rajaa\.m2\repository\org\apache\httpcomponents\core5\httpcore5-h2\5.1.3\httpcore5-h2-5.1.3.jar;C:\Users\vijayalaxmi.rajaa\.m2\repository\com\jhlabs\filters\2.0.235\filters-2.0.235.jar;C:\Users\vijayalaxmi.rajaa\.m2\repository\com\paulhammant\ngwebdriver\1.1.6\ngwebdriver-1.1.6.jar;C:\Users\vijayalaxmi.rajaa\.m2\repository\joda-time\joda-time\2.12.2\joda-time-2.12.2.jar;C:\Users\vijayalaxmi.rajaa\.m2\repository\org\hamcrest\hamcrest\2.2\hamcrest-2.2.jar;C:\Users\vijayalaxmi.rajaa\.m2\repository\com\google\jimfs\jimfs\1.2\jimfs-1.2.jar;C:\Users\vijayalaxmi.rajaa\.m2\repository\org\mockito\mockito-core\3.3.3\mockito-core-3.3.3.jar;C:\Users\vijayalaxmi.rajaa\.m2\repository\javax\xml\bind\jaxb-api\2.3.1\jaxb-api-2.3.1.jar;C:\Users\vijayalaxmi.rajaa\.m2\repository\javax\activation\javax.activation-api\1.2.0\javax.activation-api-1.2.0.jar;C:\Users\vijayalaxmi.rajaa\.m2\repository\com\sun\xml\bind\jaxb-core\2.3.0.1\jaxb-core-2.3.0.1.jar;C:\Users\vijayalaxmi.rajaa\.m2\repository\com\sun\xml\bind\jaxb-impl\2.3.3\jaxb-impl-2.3.3.jar;C:\Users\vijayalaxmi.rajaa\.m2\repository\jakarta\xml\bind\jakarta.xml.bind-api\2.3.3\jakarta.xml.bind-api-2.3.3.jar;C:\Users\vijayalaxmi.rajaa\.m2\repository\com\sun\activation\jakarta.activation\1.2.2\jakarta.activation-1.2.2.jar;C:\Users\vijayalaxmi.rajaa\.m2\repository\javax\activation\activation\1.1.1\activation-1.1.1.jar;C:\Users\vijayalaxmi.rajaa\.m2\repository\net\serenity-bdd\serenity-cucumber\3.6.21\serenity-cucumber-3.6.21.jar;C:\Users\vijayalaxmi.rajaa\.m2\repository\io\cucumber\cucumber-core\7.11.0\cucumber-core-7.11.0.jar;C:\Users\vijayalaxmi.rajaa\.m2\repository\io\cucumber\cucumber-gherkin\7.11.0\cucumber-gherkin-7.11.0.jar;C:\Users\vijayalaxmi.rajaa\.m2\repository\io\cucumber\cucumber-gherkin-messages\7.11.0\cucumber-gherkin-messages-7.11.0.jar;C:\Users\vijayalaxmi.rajaa\.m2\repository\io\cucumber\gherkin\26.0.3\gherkin-26.0.3.jar;C:\Users\vijayalaxmi.rajaa\.m2\repository\io\cucumber\messages\21.0.1\messages-21.0.1.jar;C:\Users\vijayalaxmi.rajaa\.m2\repository\io\cucumber\tag-expressions\5.0.1\tag-expressions-5.0.1.jar;C:\Users\vijayalaxmi.rajaa\.m2\repository\io\cucumber\cucumber-expressions\16.1.1\cucumber-expressions-16.1.1.jar;C:\Users\vijayalaxmi.rajaa\.m2\repository\io\cucumber\datatable\7.11.0\datatable-7.11.0.jar;C:\Users\vijayalaxmi.rajaa\.m2\repository\io\cucumber\cucumber-plugin\7.11.0\cucumber-plugin-7.11.0.jar;C:\Users\vijayalaxmi.rajaa\.m2\repository\io\cucumber\docstring\7.11.0\docstring-7.11.0.jar;C:\Users\vijayalaxmi.rajaa\.m2\repository\io\cucumber\html-formatter\20.2.1\html-formatter-20.2.1.jar;C:\Users\vijayalaxmi.rajaa\.m2\repository\io\cucumber\junit-xml-formatter\0.1.0\junit-xml-formatter-0.1.0.jar;C:\Users\vijayalaxmi.rajaa\.m2\repository\io\cucumber\ci-environment\9.1.0\ci-environment-9.1.0.jar;C:\Users\vijayalaxmi.rajaa\.m2\repository\io\cucumber\cucumber-java\7.11.0\cucumber-java-7.11.0.jar;C:\Users\vijayalaxmi.rajaa\.m2\repository\io\cucumber\cucumber-junit\7.11.0\cucumber-junit-7.11.0.jar;C:\Users\vijayalaxmi.rajaa\.m2\repository\org\apache\commons\commons-csv\1.5\commons-csv-1.5.jar;C:\Users\vijayalaxmi.rajaa\.m2\repository\net\serenity-bdd\serenity-screenplay\3.6.21\serenity-screenplay-3.6.21.jar;C:\Users\vijayalaxmi.rajaa\.m2\repository\net\serenity-bdd\serenity-screenplay-webdriver\3.6.21\serenity-screenplay-webdriver-3.6.21.jar;C:\Users\vijayalaxmi.rajaa\.m2\repository\net\serenity-bdd\serenity-ensure\3.6.21\serenity-ensure-3.6.21.jar;C:\Users\vijayalaxmi.rajaa\.m2\repository\net\serenity-bdd\serenity-junit\3.6.21\serenity-junit-3.6.21.jar;C:\Users\vijayalaxmi.rajaa\.m2\repository\org\jetbrains\kotlin\kotlin-stdlib\1.8.10\kotlin-stdlib-1.8.10.jar;C:\Users\vijayalaxmi.rajaa\.m2\repository\org\jetbrains\kotlin\kotlin-stdlib-common\1.8.10\kotlin-stdlib-common-1.8.10.jar;C:\Users\vijayalaxmi.rajaa\.m2\repository\org\jetbrains\annotations\13.0\annotations-13.0.jar;C:\Users\vijayalaxmi.rajaa\.m2\repository\org\junit\platform\junit-platform-launcher\1.8.2\junit-platform-launcher-1.8.2.jar;C:\Users\vijayalaxmi.rajaa\.m2\repository\org\junit\platform\junit-platform-engine\1.8.2\junit-platform-engine-1.8.2.jar;C:\Users\vijayalaxmi.rajaa\.m2\repository\org\opentest4j\opentest4j\1.2.0\opentest4j-1.2.0.jar;C:\Users\vijayalaxmi.rajaa\.m2\repository\org\junit\platform\junit-platform-commons\1.8.2\junit-platform-commons-1.8.2.jar;C:\Users\vijayalaxmi.rajaa\.m2\repository\org\apiguardian\apiguardian-api\1.1.2\apiguardian-api-1.1.2.jar;C:\Users\vijayalaxmi.rajaa\.m2\repository\org\junit\jupiter\junit-jupiter-engine\5.8.2\junit-jupiter-engine-5.8.2.jar;C:\Users\vijayalaxmi.rajaa\.m2\repository\org\junit\jupiter\junit-jupiter-api\5.8.2\junit-jupiter-api-5.8.2.jar;C:\Users\vijayalaxmi.rajaa\.m2\repository\org\junit\vintage\junit-vintage-engine\5.8.2\junit-vintage-engine-5.8.2.jar;C:\Users\vijayalaxmi.rajaa\.m2\repository\junit\junit\4.13.2\junit-4.13.2.jar;C:\Users\vijayalaxmi.rajaa\.m2\repository\org\hamcrest\hamcrest-core\1.3\hamcrest-core-1.3.jar;C:\Users\vijayalaxmi.rajaa\.m2\repository\ch\qos\logback\logback-classic\1.2.10\logback-classic-1.2.10.jar;C:\Users\vijayalaxmi.rajaa\.m2\repository\ch\qos\logback\logback-core\1.2.10\logback-core-1.2.10.jar;C:\Users\vijayalaxmi.rajaa\.m2\repository\org\slf4j\slf4j-api\1.7.32\slf4j-api-1.7.32.jar;C:\Users\vijayalaxmi.rajaa\.m2\repository\org\assertj\assertj-core\3.23.1\assertj-core-3.23.1.jar;C:\Users\vijayalaxmi.rajaa\.m2\repository\net\bytebuddy\byte-buddy\1.12.10\byte-buddy-1.12.10.jar;"/>
    <property name="java.vm.vendor" value="Oracle Corporation"/>
    <property name="sun.arch.data.model" value="64"/>
    <property name="user.variant" value=""/>
    <property name="java.vendor.url" value="https://java.oracle.com/"/>
    <property name="user.timezone" value="Asia/Calcutta"/>
    <property name="os.name" value="Windows 11"/>
    <property name="java.vm.specification.version" value="19"/>
    <property name="sun.java.launcher" value="SUN_STANDARD"/>
    <property name="user.country" value="US"/>
    <property name="sun.boot.library.path" value="C:\Users\vijayalaxmi.rajaa\Downloads\openjdk-19_windows-x64_bin\jdk-19\bin"/>
    <property name="sun.java.command" value="org.apache.maven.surefire.booter.ForkedBooter C:\Users\vijayalaxmi.rajaa\AppData\Local\Temp\surefire4889140323128126608 2023-05-01T15-04-19_731-jvmRun1 surefire17507460417219684195tmp surefire_017668963040500134495tmp"/>
    <property name="jdk.debug" value="release"/>
    <property name="surefire.test.class.path" value="C:\Users\vijayalaxmi.rajaa\eclipse-workspace\SerenityProject\target\test-classes;C:\Users\vijayalaxmi.rajaa\.m2\repository\net\serenity-bdd\serenity-core\3.6.21\serenity-core-3.6.21.jar;C:\Users\vijayalaxmi.rajaa\.m2\repository\net\serenity-bdd\serenity-model\3.6.21\serenity-model-3.6.21.jar;C:\Users\vijayalaxmi.rajaa\.m2\repository\org\apache\commons\commons-text\1.10.0\commons-text-1.10.0.jar;C:\Users\vijayalaxmi.rajaa\.m2\repository\commons-net\commons-net\3.9.0\commons-net-3.9.0.jar;C:\Users\vijayalaxmi.rajaa\.m2\repository\com\google\guava\guava\31.1-jre\guava-31.1-jre.jar;C:\Users\vijayalaxmi.rajaa\.m2\repository\com\google\guava\failureaccess\1.0.1\failureaccess-1.0.1.jar;C:\Users\vijayalaxmi.rajaa\.m2\repository\com\google\guava\listenablefuture\9999.0-empty-to-avoid-conflict-with-guava\listenablefuture-9999.0-empty-to-avoid-conflict-with-guava.jar;C:\Users\vijayalaxmi.rajaa\.m2\repository\com\google\code\findbugs\jsr305\3.0.2\jsr305-3.0.2.jar;C:\Users\vijayalaxmi.rajaa\.m2\repository\org\checkerframework\checker-qual\3.12.0\checker-qual-3.12.0.jar;C:\Users\vijayalaxmi.rajaa\.m2\repository\com\google\errorprone\error_prone_annotations\2.11.0\error_prone_annotations-2.11.0.jar;C:\Users\vijayalaxmi.rajaa\.m2\repository\com\google\j2objc\j2objc-annotations\1.3\j2objc-annotations-1.3.jar;C:\Users\vijayalaxmi.rajaa\.m2\repository\com\google\inject\guice\5.1.0\guice-5.1.0.jar;C:\Users\vijayalaxmi.rajaa\.m2\repository\javax\inject\javax.inject\1\javax.inject-1.jar;C:\Users\vijayalaxmi.rajaa\.m2\repository\aopalliance\aopalliance\1.0\aopalliance-1.0.jar;C:\Users\vijayalaxmi.rajaa\.m2\repository\org\jsoup\jsoup\1.14.3\jsoup-1.14.3.jar;C:\Users\vijayalaxmi.rajaa\.m2\repository\com\thoughtworks\xstream\xstream\1.4.20\xstream-1.4.20.jar;C:\Users\vijayalaxmi.rajaa\.m2\repository\io\github\x-stream\mxparser\1.2.2\mxparser-1.2.2.jar;C:\Users\vijayalaxmi.rajaa\.m2\repository\xmlpull\xmlpull\1.1.3.1\xmlpull-1.1.3.1.jar;C:\Users\vijayalaxmi.rajaa\.m2\repository\com\typesafe\config\1.4.2\config-1.4.2.jar;C:\Users\vijayalaxmi.rajaa\.m2\repository\org\imgscalr\imgscalr-lib\4.2\imgscalr-lib-4.2.jar;C:\Users\vijayalaxmi.rajaa\.m2\repository\org\awaitility\awaitility\4.2.0\awaitility-4.2.0.jar;C:\Users\vijayalaxmi.rajaa\.m2\repository\org\freemarker\freemarker\2.3.31\freemarker-2.3.31.jar;C:\Users\vijayalaxmi.rajaa\.m2\repository\io\github\classgraph\classgraph\4.8.138\classgraph-4.8.138.jar;C:\Users\vijayalaxmi.rajaa\.m2\repository\net\sourceforge\jexcelapi\jxl\2.6.12\jxl-2.6.12.jar;C:\Users\vijayalaxmi.rajaa\.m2\repository\net\bytebuddy\byte-buddy-agent\1.14.2\byte-buddy-agent-1.14.2.jar;C:\Users\vijayalaxmi.rajaa\.m2\repository\org\objenesis\objenesis\3.3\objenesis-3.3.jar;C:\Users\vijayalaxmi.rajaa\.m2\repository\net\serenity-bdd\serenity-reports\3.6.21\serenity-reports-3.6.21.jar;C:\Users\vijayalaxmi.rajaa\.m2\repository\net\serenity-bdd\serenity-stats\3.6.21\serenity-stats-3.6.21.jar;C:\Users\vijayalaxmi.rajaa\.m2\repository\net\serenity-bdd\serenity-reports-configuration\3.6.21\serenity-reports-configuration-3.6.21.jar;C:\Users\vijayalaxmi.rajaa\.m2\repository\com\vladsch\flexmark\flexmark-all\0.62.2\flexmark-all-0.62.2.jar;C:\Users\vijayalaxmi.rajaa\.m2\repository\com\vladsch\flexmark\flexmark\0.62.2\flexmark-0.62.2.jar;C:\Users\vijayalaxmi.rajaa\.m2\repository\com\vladsch\flexmark\flexmark-ext-abbreviation\0.62.2\flexmark-ext-abbreviation-0.62.2.jar;C:\Users\vijayalaxmi.rajaa\.m2\repository\com\vladsch\flexmark\flexmark-util\0.62.2\flexmark-util-0.62.2.jar;C:\Users\vijayalaxmi.rajaa\.m2\repository\com\vladsch\flexmark\flexmark-ext-admonition\0.62.2\flexmark-ext-admonition-0.62.2.jar;C:\Users\vijayalaxmi.rajaa\.m2\repository\com\vladsch\flexmark\flexmark-ext-anchorlink\0.62.2\flexmark-ext-anchorlink-0.62.2.jar;C:\Users\vijayalaxmi.rajaa\.m2\repository\com\vladsch\flexmark\flexmark-ext-aside\0.62.2\flexmark-ext-aside-0.62.2.jar;C:\Users\vijayalaxmi.rajaa\.m2\repository\com\vladsch\flexmark\flexmark-ext-attributes\0.62.2\flexmark-ext-attributes-0.62.2.jar;C:\Users\vijayalaxmi.rajaa\.m2\repository\com\vladsch\flexmark\flexmark-ext-autolink\0.62.2\flexmark-ext-autolink-0.62.2.jar;C:\Users\vijayalaxmi.rajaa\.m2\repository\org\nibor\autolink\autolink\0.6.0\autolink-0.6.0.jar;C:\Users\vijayalaxmi.rajaa\.m2\repository\com\vladsch\flexmark\flexmark-ext-definition\0.62.2\flexmark-ext-definition-0.62.2.jar;C:\Users\vijayalaxmi.rajaa\.m2\repository\com\vladsch\flexmark\flexmark-ext-emoji\0.62.2\flexmark-ext-emoji-0.62.2.jar;C:\Users\vijayalaxmi.rajaa\.m2\repository\com\vladsch\flexmark\flexmark-ext-enumerated-reference\0.62.2\flexmark-ext-enumerated-reference-0.62.2.jar;C:\Users\vijayalaxmi.rajaa\.m2\repository\com\vladsch\flexmark\flexmark-ext-escaped-character\0.62.2\flexmark-ext-escaped-character-0.62.2.jar;C:\Users\vijayalaxmi.rajaa\.m2\repository\com\vladsch\flexmark\flexmark-ext-footnotes\0.62.2\flexmark-ext-footnotes-0.62.2.jar;C:\Users\vijayalaxmi.rajaa\.m2\repository\com\vladsch\flexmark\flexmark-ext-gfm-issues\0.62.2\flexmark-ext-gfm-issues-0.62.2.jar;C:\Users\vijayalaxmi.rajaa\.m2\repository\com\vladsch\flexmark\flexmark-ext-gfm-strikethrough\0.62.2\flexmark-ext-gfm-strikethrough-0.62.2.jar;C:\Users\vijayalaxmi.rajaa\.m2\repository\com\vladsch\flexmark\flexmark-ext-gfm-tasklist\0.62.2\flexmark-ext-gfm-tasklist-0.62.2.jar;C:\Users\vijayalaxmi.rajaa\.m2\repository\com\vladsch\flexmark\flexmark-ext-gfm-users\0.62.2\flexmark-ext-gfm-users-0.62.2.jar;C:\Users\vijayalaxmi.rajaa\.m2\repository\com\vladsch\flexmark\flexmark-ext-gitlab\0.62.2\flexmark-ext-gitlab-0.62.2.jar;C:\Users\vijayalaxmi.rajaa\.m2\repository\com\vladsch\flexmark\flexmark-ext-jekyll-front-matter\0.62.2\flexmark-ext-jekyll-front-matter-0.62.2.jar;C:\Users\vijayalaxmi.rajaa\.m2\repository\com\vladsch\flexmark\flexmark-ext-jekyll-tag\0.62.2\flexmark-ext-jekyll-tag-0.62.2.jar;C:\Users\vijayalaxmi.rajaa\.m2\repository\com\vladsch\flexmark\flexmark-ext-media-tags\0.62.2\flexmark-ext-media-tags-0.62.2.jar;C:\Users\vijayalaxmi.rajaa\.m2\repository\com\vladsch\flexmark\flexmark-ext-macros\0.62.2\flexmark-ext-macros-0.62.2.jar;C:\Users\vijayalaxmi.rajaa\.m2\repository\com\vladsch\flexmark\flexmark-ext-ins\0.62.2\flexmark-ext-ins-0.62.2.jar;C:\Users\vijayalaxmi.rajaa\.m2\repository\com\vladsch\flexmark\flexmark-ext-xwiki-macros\0.62.2\flexmark-ext-xwiki-macros-0.62.2.jar;C:\Users\vijayalaxmi.rajaa\.m2\repository\com\vladsch\flexmark\flexmark-ext-superscript\0.62.2\flexmark-ext-superscript-0.62.2.jar;C:\Users\vijayalaxmi.rajaa\.m2\repository\com\vladsch\flexmark\flexmark-ext-tables\0.62.2\flexmark-ext-tables-0.62.2.jar;C:\Users\vijayalaxmi.rajaa\.m2\repository\com\vladsch\flexmark\flexmark-ext-toc\0.62.2\flexmark-ext-toc-0.62.2.jar;C:\Users\vijayalaxmi.rajaa\.m2\repository\com\vladsch\flexmark\flexmark-ext-typographic\0.62.2\flexmark-ext-typographic-0.62.2.jar;C:\Users\vijayalaxmi.rajaa\.m2\repository\com\vladsch\flexmark\flexmark-ext-wikilink\0.62.2\flexmark-ext-wikilink-0.62.2.jar;C:\Users\vijayalaxmi.rajaa\.m2\repository\com\vladsch\flexmark\flexmark-ext-yaml-front-matter\0.62.2\flexmark-ext-yaml-front-matter-0.62.2.jar;C:\Users\vijayalaxmi.rajaa\.m2\repository\com\vladsch\flexmark\flexmark-ext-youtube-embedded\0.62.2\flexmark-ext-youtube-embedded-0.62.2.jar;C:\Users\vijayalaxmi.rajaa\.m2\repository\com\vladsch\flexmark\flexmark-html2md-converter\0.62.2\flexmark-html2md-converter-0.62.2.jar;C:\Users\vijayalaxmi.rajaa\.m2\repository\com\vladsch\flexmark\flexmark-jira-converter\0.62.2\flexmark-jira-converter-0.62.2.jar;C:\Users\vijayalaxmi.rajaa\.m2\repository\com\vladsch\flexmark\flexmark-pdf-converter\0.62.2\flexmark-pdf-converter-0.62.2.jar;C:\Users\vijayalaxmi.rajaa\.m2\repository\com\openhtmltopdf\openhtmltopdf-core\1.0.0\openhtmltopdf-core-1.0.0.jar;C:\Users\vijayalaxmi.rajaa\.m2\repository\com\openhtmltopdf\openhtmltopdf-pdfbox\1.0.0\openhtmltopdf-pdfbox-1.0.0.jar;C:\Users\vijayalaxmi.rajaa\.m2\repository\org\apache\pdfbox\pdfbox\2.0.16\pdfbox-2.0.16.jar;C:\Users\vijayalaxmi.rajaa\.m2\repository\org\apache\pdfbox\fontbox\2.0.16\fontbox-2.0.16.jar;C:\Users\vijayalaxmi.rajaa\.m2\repository\org\apache\pdfbox\xmpbox\2.0.16\xmpbox-2.0.16.jar;C:\Users\vijayalaxmi.rajaa\.m2\repository\de\rototor\pdfbox\graphics2d\0.24\graphics2d-0.24.jar;C:\Users\vijayalaxmi.rajaa\.m2\repository\com\openhtmltopdf\openhtmltopdf-rtl-support\1.0.0\openhtmltopdf-rtl-support-1.0.0.jar;C:\Users\vijayalaxmi.rajaa\.m2\repository\com\openhtmltopdf\openhtmltopdf-jsoup-dom-converter\1.0.0\openhtmltopdf-jsoup-dom-converter-1.0.0.jar;C:\Users\vijayalaxmi.rajaa\.m2\repository\com\vladsch\flexmark\flexmark-profile-pegdown\0.62.2\flexmark-profile-pegdown-0.62.2.jar;C:\Users\vijayalaxmi.rajaa\.m2\repository\com\vladsch\flexmark\flexmark-util-ast\0.62.2\flexmark-util-ast-0.62.2.jar;C:\Users\vijayalaxmi.rajaa\.m2\repository\com\vladsch\flexmark\flexmark-util-builder\0.62.2\flexmark-util-builder-0.62.2.jar;C:\Users\vijayalaxmi.rajaa\.m2\repository\com\vladsch\flexmark\flexmark-util-collection\0.62.2\flexmark-util-collection-0.62.2.jar;C:\Users\vijayalaxmi.rajaa\.m2\repository\com\vladsch\flexmark\flexmark-util-data\0.62.2\flexmark-util-data-0.62.2.jar;C:\Users\vijayalaxmi.rajaa\.m2\repository\com\vladsch\flexmark\flexmark-util-dependency\0.62.2\flexmark-util-dependency-0.62.2.jar;C:\Users\vijayalaxmi.rajaa\.m2\repository\com\vladsch\flexmark\flexmark-util-format\0.62.2\flexmark-util-format-0.62.2.jar;C:\Users\vijayalaxmi.rajaa\.m2\repository\com\vladsch\flexmark\flexmark-util-html\0.62.2\flexmark-util-html-0.62.2.jar;C:\Users\vijayalaxmi.rajaa\.m2\repository\com\vladsch\flexmark\flexmark-util-misc\0.62.2\flexmark-util-misc-0.62.2.jar;C:\Users\vijayalaxmi.rajaa\.m2\repository\com\vladsch\flexmark\flexmark-util-options\0.62.2\flexmark-util-options-0.62.2.jar;C:\Users\vijayalaxmi.rajaa\.m2\repository\com\vladsch\flexmark\flexmark-util-sequence\0.62.2\flexmark-util-sequence-0.62.2.jar;C:\Users\vijayalaxmi.rajaa\.m2\repository\com\vladsch\flexmark\flexmark-util-visitor\0.62.2\flexmark-util-visitor-0.62.2.jar;C:\Users\vijayalaxmi.rajaa\.m2\repository\com\vladsch\flexmark\flexmark-youtrack-converter\0.62.2\flexmark-youtrack-converter-0.62.2.jar;C:\Users\vijayalaxmi.rajaa\.m2\repository\com\ibm\icu\icu4j\72.1\icu4j-72.1.jar;C:\Users\vijayalaxmi.rajaa\.m2\repository\es\nitaur\markdown\txtmark\0.16\txtmark-0.16.jar;C:\Users\vijayalaxmi.rajaa\.m2\repository\net\serenity-bdd\serenity-report-resources\3.6.21\serenity-report-resources-3.6.21.jar;C:\Users\vijayalaxmi.rajaa\.m2\repository\com\google\code\gson\gson\2.10.1\gson-2.10.1.jar;C:\Users\vijayalaxmi.rajaa\.m2\repository\com\fasterxml\jackson\core\jackson-core\2.15.0-rc1\jackson-core-2.15.0-rc1.jar;C:\Users\vijayalaxmi.rajaa\.m2\repository\com\fasterxml\jackson\core\jackson-databind\2.15.0-rc1\jackson-databind-2.15.0-rc1.jar;C:\Users\vijayalaxmi.rajaa\.m2\repository\com\fasterxml\jackson\core\jackson-annotations\2.15.0-rc1\jackson-annotations-2.15.0-rc1.jar;C:\Users\vijayalaxmi.rajaa\.m2\repository\commons-codec\commons-codec\1.15\commons-codec-1.15.jar;C:\Users\vijayalaxmi.rajaa\.m2\repository\commons-io\commons-io\2.11.0\commons-io-2.11.0.jar;C:\Users\vijayalaxmi.rajaa\.m2\repository\org\apache\httpcomponents\httpclient\4.5.13\httpclient-4.5.13.jar;C:\Users\vijayalaxmi.rajaa\.m2\repository\org\apache\httpcomponents\httpcore\4.4.13\httpcore-4.4.13.jar;C:\Users\vijayalaxmi.rajaa\.m2\repository\commons-logging\commons-logging\1.2\commons-logging-1.2.jar;C:\Users\vijayalaxmi.rajaa\.m2\repository\org\seleniumhq\selenium\selenium-java\4.8.1\selenium-java-4.8.1.jar;C:\Users\vijayalaxmi.rajaa\.m2\repository\org\seleniumhq\selenium\selenium-devtools-v108\4.8.1\selenium-devtools-v108-4.8.1.jar;C:\Users\vijayalaxmi.rajaa\.m2\repository\org\seleniumhq\selenium\selenium-devtools-v109\4.8.1\selenium-devtools-v109-4.8.1.jar;C:\Users\vijayalaxmi.rajaa\.m2\repository\org\seleniumhq\selenium\selenium-devtools-v110\4.8.1\selenium-devtools-v110-4.8.1.jar;C:\Users\vijayalaxmi.rajaa\.m2\repository\org\seleniumhq\selenium\selenium-devtools-v85\4.8.1\selenium-devtools-v85-4.8.1.jar;C:\Users\vijayalaxmi.rajaa\.m2\repository\org\seleniumhq\selenium\selenium-remote-driver\4.8.1\selenium-remote-driver-4.8.1.jar;C:\Users\vijayalaxmi.rajaa\.m2\repository\com\beust\jcommander\1.82\jcommander-1.82.jar;C:\Users\vijayalaxmi.rajaa\.m2\repository\io\netty\netty-buffer\4.1.87.Final\netty-buffer-4.1.87.Final.jar;C:\Users\vijayalaxmi.rajaa\.m2\repository\io\netty\netty-codec-http\4.1.87.Final\netty-codec-http-4.1.87.Final.jar;C:\Users\vijayalaxmi.rajaa\.m2\repository\io\netty\netty-codec\4.1.87.Final\netty-codec-4.1.87.Final.jar;C:\Users\vijayalaxmi.rajaa\.m2\repository\io\netty\netty-handler\4.1.87.Final\netty-handler-4.1.87.Final.jar;C:\Users\vijayalaxmi.rajaa\.m2\repository\io\netty\netty-common\4.1.87.Final\netty-common-4.1.87.Final.jar;C:\Users\vijayalaxmi.rajaa\.m2\repository\io\netty\netty-transport-classes-epoll\4.1.87.Final\netty-transport-classes-epoll-4.1.87.Final.jar;C:\Users\vijayalaxmi.rajaa\.m2\repository\io\netty\netty-transport-classes-kqueue\4.1.87.Final\netty-transport-classes-kqueue-4.1.87.Final.jar;C:\Users\vijayalaxmi.rajaa\.m2\repository\io\netty\netty-transport-native-epoll\4.1.87.Final\netty-transport-native-epoll-4.1.87.Final.jar;C:\Users\vijayalaxmi.rajaa\.m2\repository\io\netty\netty-transport-native-kqueue\4.1.87.Final\netty-transport-native-kqueue-4.1.87.Final.jar;C:\Users\vijayalaxmi.rajaa\.m2\repository\io\netty\netty-transport-native-unix-common\4.1.87.Final\netty-transport-native-unix-common-4.1.87.Final.jar;C:\Users\vijayalaxmi.rajaa\.m2\repository\io\netty\netty-transport\4.1.87.Final\netty-transport-4.1.87.Final.jar;C:\Users\vijayalaxmi.rajaa\.m2\repository\io\netty\netty-resolver\4.1.87.Final\netty-resolver-4.1.87.Final.jar;C:\Users\vijayalaxmi.rajaa\.m2\repository\io\opentelemetry\opentelemetry-api\1.22.0\opentelemetry-api-1.22.0.jar;C:\Users\vijayalaxmi.rajaa\.m2\repository\io\opentelemetry\opentelemetry-context\1.22.0\opentelemetry-context-1.22.0.jar;C:\Users\vijayalaxmi.rajaa\.m2\repository\io\opentelemetry\opentelemetry-exporter-logging\1.22.0\opentelemetry-exporter-logging-1.22.0.jar;C:\Users\vijayalaxmi.rajaa\.m2\repository\io\opentelemetry\opentelemetry-sdk-metrics\1.22.0\opentelemetry-sdk-metrics-1.22.0.jar;C:\Users\vijayalaxmi.rajaa\.m2\repository\io\opentelemetry\opentelemetry-sdk-logs\1.22.0-alpha\opentelemetry-sdk-logs-1.22.0-alpha.jar;C:\Users\vijayalaxmi.rajaa\.m2\repository\io\opentelemetry\opentelemetry-api-logs\1.22.0-alpha\opentelemetry-api-logs-1.22.0-alpha.jar;C:\Users\vijayalaxmi.rajaa\.m2\repository\io\opentelemetry\opentelemetry-sdk-common\1.22.0\opentelemetry-sdk-common-1.22.0.jar;C:\Users\vijayalaxmi.rajaa\.m2\repository\io\opentelemetry\opentelemetry-sdk-extension-autoconfigure-spi\1.22.0\opentelemetry-sdk-extension-autoconfigure-spi-1.22.0.jar;C:\Users\vijayalaxmi.rajaa\.m2\repository\io\opentelemetry\opentelemetry-sdk-extension-autoconfigure\1.22.0-alpha\opentelemetry-sdk-extension-autoconfigure-1.22.0-alpha.jar;C:\Users\vijayalaxmi.rajaa\.m2\repository\io\opentelemetry\opentelemetry-sdk-trace\1.22.0\opentelemetry-sdk-trace-1.22.0.jar;C:\Users\vijayalaxmi.rajaa\.m2\repository\io\opentelemetry\opentelemetry-sdk\1.22.0\opentelemetry-sdk-1.22.0.jar;C:\Users\vijayalaxmi.rajaa\.m2\repository\io\opentelemetry\opentelemetry-semconv\1.22.0-alpha\opentelemetry-semconv-1.22.0-alpha.jar;C:\Users\vijayalaxmi.rajaa\.m2\repository\io\ous\jtoml\2.0.0\jtoml-2.0.0.jar;C:\Users\vijayalaxmi.rajaa\.m2\repository\org\apache\commons\commons-exec\1.3\commons-exec-1.3.jar;C:\Users\vijayalaxmi.rajaa\.m2\repository\org\asynchttpclient\async-http-client\2.12.3\async-http-client-2.12.3.jar;C:\Users\vijayalaxmi.rajaa\.m2\repository\org\asynchttpclient\async-http-client-netty-utils\2.12.3\async-http-client-netty-utils-2.12.3.jar;C:\Users\vijayalaxmi.rajaa\.m2\repository\io\netty\netty-codec-socks\4.1.60.Final\netty-codec-socks-4.1.60.Final.jar;C:\Users\vijayalaxmi.rajaa\.m2\repository\io\netty\netty-handler-proxy\4.1.60.Final\netty-handler-proxy-4.1.60.Final.jar;C:\Users\vijayalaxmi.rajaa\.m2\repository\io\netty\netty-transport-native-epoll\4.1.60.Final\netty-transport-native-epoll-4.1.60.Final-linux-x86_64.jar;C:\Users\vijayalaxmi.rajaa\.m2\repository\io\netty\netty-transport-native-kqueue\4.1.60.Final\netty-transport-native-kqueue-4.1.60.Final-osx-x86_64.jar;C:\Users\vijayalaxmi.rajaa\.m2\repository\org\reactivestreams\reactive-streams\1.0.3\reactive-streams-1.0.3.jar;C:\Users\vijayalaxmi.rajaa\.m2\repository\com\typesafe\netty\netty-reactive-streams\2.0.4\netty-reactive-streams-2.0.4.jar;C:\Users\vijayalaxmi.rajaa\.m2\repository\org\seleniumhq\selenium\selenium-manager\4.8.1\selenium-manager-4.8.1.jar;C:\Users\vijayalaxmi.rajaa\.m2\repository\org\seleniumhq\selenium\selenium-safari-driver\4.8.1\selenium-safari-driver-4.8.1.jar;C:\Users\vijayalaxmi.rajaa\.m2\repository\org\seleniumhq\selenium\selenium-api\4.8.1\selenium-api-4.8.1.jar;C:\Users\vijayalaxmi.rajaa\.m2\repository\org\seleniumhq\selenium\selenium-support\4.8.1\selenium-support-4.8.1.jar;C:\Users\vijayalaxmi.rajaa\.m2\repository\com\google\auto\service\auto-service-annotations\1.0.1\auto-service-annotations-1.0.1.jar;C:\Users\vijayalaxmi.rajaa\.m2\repository\com\google\auto\service\auto-service\1.0.1\auto-service-1.0.1.jar;C:\Users\vijayalaxmi.rajaa\.m2\repository\com\google\auto\auto-common\1.2\auto-common-1.2.jar;C:\Users\vijayalaxmi.rajaa\.m2\repository\org\seleniumhq\selenium\selenium-json\4.8.1\selenium-json-4.8.1.jar;C:\Users\vijayalaxmi.rajaa\.m2\repository\org\seleniumhq\selenium\selenium-chrome-driver\4.8.1\selenium-chrome-driver-4.8.1.jar;C:\Users\vijayalaxmi.rajaa\.m2\repository\org\seleniumhq\selenium\selenium-chromium-driver\4.8.1\selenium-chromium-driver-4.8.1.jar;C:\Users\vijayalaxmi.rajaa\.m2\repository\org\seleniumhq\selenium\selenium-firefox-driver\4.8.1\selenium-firefox-driver-4.8.1.jar;C:\Users\vijayalaxmi.rajaa\.m2\repository\org\seleniumhq\selenium\selenium-http\4.8.1\selenium-http-4.8.1.jar;C:\Users\vijayalaxmi.rajaa\.m2\repository\dev\failsafe\failsafe\3.3.0\failsafe-3.3.0.jar;C:\Users\vijayalaxmi.rajaa\.m2\repository\org\seleniumhq\selenium\selenium-edge-driver\4.8.1\selenium-edge-driver-4.8.1.jar;C:\Users\vijayalaxmi.rajaa\.m2\repository\org\seleniumhq\selenium\selenium-ie-driver\4.8.1\selenium-ie-driver-4.8.1.jar;C:\Users\vijayalaxmi.rajaa\.m2\repository\org\projectlombok\lombok\1.18.20\lombok-1.18.20.jar;C:\Users\vijayalaxmi.rajaa\.m2\repository\io\appium\java-client\8.3.0\java-client-8.3.0.jar;C:\Users\vijayalaxmi.rajaa\.m2\repository\commons-validator\commons-validator\1.7\commons-validator-1.7.jar;C:\Users\vijayalaxmi.rajaa\.m2\repository\commons-digester\commons-digester\2.1\commons-digester-2.1.jar;C:\Users\vijayalaxmi.rajaa\.m2\repository\org\apache\groovy\groovy\4.0.10\groovy-4.0.10.jar;C:\Users\vijayalaxmi.rajaa\.m2\repository\net\sf\opencsv\opencsv\2.0\opencsv-2.0.jar;C:\Users\vijayalaxmi.rajaa\.m2\repository\commons-beanutils\commons-beanutils\1.9.4\commons-beanutils-1.9.4.jar;C:\Users\vijayalaxmi.rajaa\.m2\repository\org\apache\commons\commons-lang3\3.12.0\commons-lang3-3.12.0.jar;C:\Users\vijayalaxmi.rajaa\.m2\repository\commons-collections\commons-collections\3.2.2\commons-collections-3.2.2.jar;C:\Users\vijayalaxmi.rajaa\.m2\repository\org\fluentlenium\fluentlenium-core\0.10.2\fluentlenium-core-0.10.2.jar;C:\Users\vijayalaxmi.rajaa\.m2\repository\io\github\bonigarcia\webdrivermanager\5.3.0\webdrivermanager-5.3.0.jar;C:\Users\vijayalaxmi.rajaa\.m2\repository\com\github\docker-java\docker-java\3.2.13\docker-java-3.2.13.jar;C:\Users\vijayalaxmi.rajaa\.m2\repository\com\github\docker-java\docker-java-core\3.2.13\docker-java-core-3.2.13.jar;C:\Users\vijayalaxmi.rajaa\.m2\repository\com\github\docker-java\docker-java-api\3.2.13\docker-java-api-3.2.13.jar;C:\Users\vijayalaxmi.rajaa\.m2\repository\org\apache\commons\commons-compress\1.21\commons-compress-1.21.jar;C:\Users\vijayalaxmi.rajaa\.m2\repository\org\bouncycastle\bcpkix-jdk15on\1.64\bcpkix-jdk15on-1.64.jar;C:\Users\vijayalaxmi.rajaa\.m2\repository\org\bouncycastle\bcprov-jdk15on\1.64\bcprov-jdk15on-1.64.jar;C:\Users\vijayalaxmi.rajaa\.m2\repository\org\slf4j\jcl-over-slf4j\1.7.30\jcl-over-slf4j-1.7.30.jar;C:\Users\vijayalaxmi.rajaa\.m2\repository\com\github\docker-java\docker-java-transport-httpclient5\3.2.13\docker-java-transport-httpclient5-3.2.13.jar;C:\Users\vijayalaxmi.rajaa\.m2\repository\com\github\docker-java\docker-java-transport\3.2.13\docker-java-transport-3.2.13.jar;C:\Users\vijayalaxmi.rajaa\.m2\repository\net\java\dev\jna\jna\5.8.0\jna-5.8.0.jar;C:\Users\vijayalaxmi.rajaa\.m2\repository\org\brotli\dec\0.1.2\dec-0.1.2.jar;C:\Users\vijayalaxmi.rajaa\.m2\repository\org\apache\httpcomponents\client5\httpclient5\5.1.3\httpclient5-5.1.3.jar;C:\Users\vijayalaxmi.rajaa\.m2\repository\org\apache\httpcomponents\core5\httpcore5\5.1.3\httpcore5-5.1.3.jar;C:\Users\vijayalaxmi.rajaa\.m2\repository\org\apache\httpcomponents\core5\httpcore5-h2\5.1.3\httpcore5-h2-5.1.3.jar;C:\Users\vijayalaxmi.rajaa\.m2\repository\com\jhlabs\filters\2.0.235\filters-2.0.235.jar;C:\Users\vijayalaxmi.rajaa\.m2\repository\com\paulhammant\ngwebdriver\1.1.6\ngwebdriver-1.1.6.jar;C:\Users\vijayalaxmi.rajaa\.m2\repository\joda-time\joda-time\2.12.2\joda-time-2.12.2.jar;C:\Users\vijayalaxmi.rajaa\.m2\repository\org\hamcrest\hamcrest\2.2\hamcrest-2.2.jar;C:\Users\vijayalaxmi.rajaa\.m2\repository\com\google\jimfs\jimfs\1.2\jimfs-1.2.jar;C:\Users\vijayalaxmi.rajaa\.m2\repository\org\mockito\mockito-core\3.3.3\mockito-core-3.3.3.jar;C:\Users\vijayalaxmi.rajaa\.m2\repository\javax\xml\bind\jaxb-api\2.3.1\jaxb-api-2.3.1.jar;C:\Users\vijayalaxmi.rajaa\.m2\repository\javax\activation\javax.activation-api\1.2.0\javax.activation-api-1.2.0.jar;C:\Users\vijayalaxmi.rajaa\.m2\repository\com\sun\xml\bind\jaxb-core\2.3.0.1\jaxb-core-2.3.0.1.jar;C:\Users\vijayalaxmi.rajaa\.m2\repository\com\sun\xml\bind\jaxb-impl\2.3.3\jaxb-impl-2.3.3.jar;C:\Users\vijayalaxmi.rajaa\.m2\repository\jakarta\xml\bind\jakarta.xml.bind-api\2.3.3\jakarta.xml.bind-api-2.3.3.jar;C:\Users\vijayalaxmi.rajaa\.m2\repository\com\sun\activation\jakarta.activation\1.2.2\jakarta.activation-1.2.2.jar;C:\Users\vijayalaxmi.rajaa\.m2\repository\javax\activation\activation\1.1.1\activation-1.1.1.jar;C:\Users\vijayalaxmi.rajaa\.m2\repository\net\serenity-bdd\serenity-cucumber\3.6.21\serenity-cucumber-3.6.21.jar;C:\Users\vijayalaxmi.rajaa\.m2\repository\io\cucumber\cucumber-core\7.11.0\cucumber-core-7.11.0.jar;C:\Users\vijayalaxmi.rajaa\.m2\repository\io\cucumber\cucumber-gherkin\7.11.0\cucumber-gherkin-7.11.0.jar;C:\Users\vijayalaxmi.rajaa\.m2\repository\io\cucumber\cucumber-gherkin-messages\7.11.0\cucumber-gherkin-messages-7.11.0.jar;C:\Users\vijayalaxmi.rajaa\.m2\repository\io\cucumber\gherkin\26.0.3\gherkin-26.0.3.jar;C:\Users\vijayalaxmi.rajaa\.m2\repository\io\cucumber\messages\21.0.1\messages-21.0.1.jar;C:\Users\vijayalaxmi.rajaa\.m2\repository\io\cucumber\tag-expressions\5.0.1\tag-expressions-5.0.1.jar;C:\Users\vijayalaxmi.rajaa\.m2\repository\io\cucumber\cucumber-expressions\16.1.1\cucumber-expressions-16.1.1.jar;C:\Users\vijayalaxmi.rajaa\.m2\repository\io\cucumber\datatable\7.11.0\datatable-7.11.0.jar;C:\Users\vijayalaxmi.rajaa\.m2\repository\io\cucumber\cucumber-plugin\7.11.0\cucumber-plugin-7.11.0.jar;C:\Users\vijayalaxmi.rajaa\.m2\repository\io\cucumber\docstring\7.11.0\docstring-7.11.0.jar;C:\Users\vijayalaxmi.rajaa\.m2\repository\io\cucumber\html-formatter\20.2.1\html-formatter-20.2.1.jar;C:\Users\vijayalaxmi.rajaa\.m2\repository\io\cucumber\junit-xml-formatter\0.1.0\junit-xml-formatter-0.1.0.jar;C:\Users\vijayalaxmi.rajaa\.m2\repository\io\cucumber\ci-environment\9.1.0\ci-environment-9.1.0.jar;C:\Users\vijayalaxmi.rajaa\.m2\repository\io\cucumber\cucumber-java\7.11.0\cucumber-java-7.11.0.jar;C:\Users\vijayalaxmi.rajaa\.m2\repository\io\cucumber\cucumber-junit\7.11.0\cucumber-junit-7.11.0.jar;C:\Users\vijayalaxmi.rajaa\.m2\repository\org\apache\commons\commons-csv\1.5\commons-csv-1.5.jar;C:\Users\vijayalaxmi.rajaa\.m2\repository\net\serenity-bdd\serenity-screenplay\3.6.21\serenity-screenplay-3.6.21.jar;C:\Users\vijayalaxmi.rajaa\.m2\repository\net\serenity-bdd\serenity-screenplay-webdriver\3.6.21\serenity-screenplay-webdriver-3.6.21.jar;C:\Users\vijayalaxmi.rajaa\.m2\repository\net\serenity-bdd\serenity-ensure\3.6.21\serenity-ensure-3.6.21.jar;C:\Users\vijayalaxmi.rajaa\.m2\repository\net\serenity-bdd\serenity-junit\3.6.21\serenity-junit-3.6.21.jar;C:\Users\vijayalaxmi.rajaa\.m2\repository\org\jetbrains\kotlin\kotlin-stdlib\1.8.10\kotlin-stdlib-1.8.10.jar;C:\Users\vijayalaxmi.rajaa\.m2\repository\org\jetbrains\kotlin\kotlin-stdlib-common\1.8.10\kotlin-stdlib-common-1.8.10.jar;C:\Users\vijayalaxmi.rajaa\.m2\repository\org\jetbrains\annotations\13.0\annotations-13.0.jar;C:\Users\vijayalaxmi.rajaa\.m2\repository\org\junit\platform\junit-platform-launcher\1.8.2\junit-platform-launcher-1.8.2.jar;C:\Users\vijayalaxmi.rajaa\.m2\repository\org\junit\platform\junit-platform-engine\1.8.2\junit-platform-engine-1.8.2.jar;C:\Users\vijayalaxmi.rajaa\.m2\repository\org\opentest4j\opentest4j\1.2.0\opentest4j-1.2.0.jar;C:\Users\vijayalaxmi.rajaa\.m2\repository\org\junit\platform\junit-platform-commons\1.8.2\junit-platform-commons-1.8.2.jar;C:\Users\vijayalaxmi.rajaa\.m2\repository\org\apiguardian\apiguardian-api\1.1.2\apiguardian-api-1.1.2.jar;C:\Users\vijayalaxmi.rajaa\.m2\repository\org\junit\jupiter\junit-jupiter-engine\5.8.2\junit-jupiter-engine-5.8.2.jar;C:\Users\vijayalaxmi.rajaa\.m2\repository\org\junit\jupiter\junit-jupiter-api\5.8.2\junit-jupiter-api-5.8.2.jar;C:\Users\vijayalaxmi.rajaa\.m2\repository\org\junit\vintage\junit-vintage-engine\5.8.2\junit-vintage-engine-5.8.2.jar;C:\Users\vijayalaxmi.rajaa\.m2\repository\junit\junit\4.13.2\junit-4.13.2.jar;C:\Users\vijayalaxmi.rajaa\.m2\repository\org\hamcrest\hamcrest-core\1.3\hamcrest-core-1.3.jar;C:\Users\vijayalaxmi.rajaa\.m2\repository\ch\qos\logback\logback-classic\1.2.10\logback-classic-1.2.10.jar;C:\Users\vijayalaxmi.rajaa\.m2\repository\ch\qos\logback\logback-core\1.2.10\logback-core-1.2.10.jar;C:\Users\vijayalaxmi.rajaa\.m2\repository\org\slf4j\slf4j-api\1.7.32\slf4j-api-1.7.32.jar;C:\Users\vijayalaxmi.rajaa\.m2\repository\org\assertj\assertj-core\3.23.1\assertj-core-3.23.1.jar;C:\Users\vijayalaxmi.rajaa\.m2\repository\net\bytebuddy\byte-buddy\1.12.10\byte-buddy-1.12.10.jar;"/>
    <property name="sun.cpu.endian" value="little"/>
    <property name="user.home" value="C:\Users\vijayalaxmi.rajaa"/>
    <property name="user.language" value="en"/>
    <property name="java.specification.vendor" value="Oracle Corporation"/>
    <property name="jdk.module.path" value="C:\Users\vijayalaxmi.rajaa\eclipse-workspace\SerenityProject\target\SerenityProject-0.0.1-SNAPSHOT.jar"/>
    <property name="java.version.date" value="2022-09-20"/>
    <property name="java.home" value="C:\Users\vijayalaxmi.rajaa\Downloads\openjdk-19_windows-x64_bin\jdk-19"/>
    <property name="file.separator" value="\"/>
    <property name="basedir" value="C:\Users\vijayalaxmi.rajaa\eclipse-workspace\SerenityProject"/>
    <property name="java.vm.compressedOopsMode" value="Zero based"/>
    <property name="line.separator" value="&#10;"/>
    <property name="java.vm.specification.vendor" value="Oracle Corporation"/>
    <property name="java.specification.name" value="Java Platform API Specification"/>
    <property name="surefire.real.class.path" value="C:\Users\vijayalaxmi.rajaa\.m2\repository\org\apache\maven\surefire\surefire-booter\3.0.0-M5\surefire-booter-3.0.0-M5.jar;C:\Users\vijayalaxmi.rajaa\.m2\repository\org\apache\maven\surefire\surefire-api\3.0.0-M5\surefire-api-3.0.0-M5.jar;C:\Users\vijayalaxmi.rajaa\.m2\repository\org\apache\maven\surefire\surefire-logger-api\3.0.0-M5\surefire-logger-api-3.0.0-M5.jar;C:\Users\vijayalaxmi.rajaa\.m2\repository\org\apache\maven\surefire\surefire-shared-utils\3.0.0-M4\surefire-shared-utils-3.0.0-M4.jar;C:\Users\vijayalaxmi.rajaa\.m2\repository\org\apache\maven\surefire\surefire-extensions-spi\3.0.0-M5\surefire-extensions-spi-3.0.0-M5.jar;C:\Users\vijayalaxmi.rajaa\eclipse-workspace\SerenityProject\target\test-classes;C:\Users\vijayalaxmi.rajaa\.m2\repository\net\serenity-bdd\serenity-core\3.6.21\serenity-core-3.6.21.jar;C:\Users\vijayalaxmi.rajaa\.m2\repository\net\serenity-bdd\serenity-model\3.6.21\serenity-model-3.6.21.jar;C:\Users\vijayalaxmi.rajaa\.m2\repository\org\apache\commons\commons-text\1.10.0\commons-text-1.10.0.jar;C:\Users\vijayalaxmi.rajaa\.m2\repository\commons-net\commons-net\3.9.0\commons-net-3.9.0.jar;C:\Users\vijayalaxmi.rajaa\.m2\repository\com\google\guava\guava\31.1-jre\guava-31.1-jre.jar;C:\Users\vijayalaxmi.rajaa\.m2\repository\com\google\guava\failureaccess\1.0.1\failureaccess-1.0.1.jar;C:\Users\vijayalaxmi.rajaa\.m2\repository\com\google\guava\listenablefuture\9999.0-empty-to-avoid-conflict-with-guava\listenablefuture-9999.0-empty-to-avoid-conflict-with-guava.jar;C:\Users\vijayalaxmi.rajaa\.m2\repository\com\google\code\findbugs\jsr305\3.0.2\jsr305-3.0.2.jar;C:\Users\vijayalaxmi.rajaa\.m2\repository\org\checkerframework\checker-qual\3.12.0\checker-qual-3.12.0.jar;C:\Users\vijayalaxmi.rajaa\.m2\repository\com\google\errorprone\error_prone_annotations\2.11.0\error_prone_annotations-2.11.0.jar;C:\Users\vijayalaxmi.rajaa\.m2\repository\com\google\j2objc\j2objc-annotations\1.3\j2objc-annotations-1.3.jar;C:\Users\vijayalaxmi.rajaa\.m2\repository\com\google\inject\guice\5.1.0\guice-5.1.0.jar;C:\Users\vijayalaxmi.rajaa\.m2\repository\javax\inject\javax.inject\1\javax.inject-1.jar;C:\Users\vijayalaxmi.rajaa\.m2\repository\aopalliance\aopalliance\1.0\aopalliance-1.0.jar;C:\Users\vijayalaxmi.rajaa\.m2\repository\org\jsoup\jsoup\1.14.3\jsoup-1.14.3.jar;C:\Users\vijayalaxmi.rajaa\.m2\repository\com\thoughtworks\xstream\xstream\1.4.20\xstream-1.4.20.jar;C:\Users\vijayalaxmi.rajaa\.m2\repository\io\github\x-stream\mxparser\1.2.2\mxparser-1.2.2.jar;C:\Users\vijayalaxmi.rajaa\.m2\repository\xmlpull\xmlpull\1.1.3.1\xmlpull-1.1.3.1.jar;C:\Users\vijayalaxmi.rajaa\.m2\repository\com\typesafe\config\1.4.2\config-1.4.2.jar;C:\Users\vijayalaxmi.rajaa\.m2\repository\org\imgscalr\imgscalr-lib\4.2\imgscalr-lib-4.2.jar;C:\Users\vijayalaxmi.rajaa\.m2\repository\org\awaitility\awaitility\4.2.0\awaitility-4.2.0.jar;C:\Users\vijayalaxmi.rajaa\.m2\repository\org\freemarker\freemarker\2.3.31\freemarker-2.3.31.jar;C:\Users\vijayalaxmi.rajaa\.m2\repository\io\github\classgraph\classgraph\4.8.138\classgraph-4.8.138.jar;C:\Users\vijayalaxmi.rajaa\.m2\repository\net\sourceforge\jexcelapi\jxl\2.6.12\jxl-2.6.12.jar;C:\Users\vijayalaxmi.rajaa\.m2\repository\net\bytebuddy\byte-buddy-agent\1.14.2\byte-buddy-agent-1.14.2.jar;C:\Users\vijayalaxmi.rajaa\.m2\repository\org\objenesis\objenesis\3.3\objenesis-3.3.jar;C:\Users\vijayalaxmi.rajaa\.m2\repository\net\serenity-bdd\serenity-reports\3.6.21\serenity-reports-3.6.21.jar;C:\Users\vijayalaxmi.rajaa\.m2\repository\net\serenity-bdd\serenity-stats\3.6.21\serenity-stats-3.6.21.jar;C:\Users\vijayalaxmi.rajaa\.m2\repository\net\serenity-bdd\serenity-reports-configuration\3.6.21\serenity-reports-configuration-3.6.21.jar;C:\Users\vijayalaxmi.rajaa\.m2\repository\com\vladsch\flexmark\flexmark-all\0.62.2\flexmark-all-0.62.2.jar;C:\Users\vijayalaxmi.rajaa\.m2\repository\com\vladsch\flexmark\flexmark\0.62.2\flexmark-0.62.2.jar;C:\Users\vijayalaxmi.rajaa\.m2\repository\com\vladsch\flexmark\flexmark-ext-abbreviation\0.62.2\flexmark-ext-abbreviation-0.62.2.jar;C:\Users\vijayalaxmi.rajaa\.m2\repository\com\vladsch\flexmark\flexmark-util\0.62.2\flexmark-util-0.62.2.jar;C:\Users\vijayalaxmi.rajaa\.m2\repository\com\vladsch\flexmark\flexmark-ext-admonition\0.62.2\flexmark-ext-admonition-0.62.2.jar;C:\Users\vijayalaxmi.rajaa\.m2\repository\com\vladsch\flexmark\flexmark-ext-anchorlink\0.62.2\flexmark-ext-anchorlink-0.62.2.jar;C:\Users\vijayalaxmi.rajaa\.m2\repository\com\vladsch\flexmark\flexmark-ext-aside\0.62.2\flexmark-ext-aside-0.62.2.jar;C:\Users\vijayalaxmi.rajaa\.m2\repository\com\vladsch\flexmark\flexmark-ext-attributes\0.62.2\flexmark-ext-attributes-0.62.2.jar;C:\Users\vijayalaxmi.rajaa\.m2\repository\com\vladsch\flexmark\flexmark-ext-autolink\0.62.2\flexmark-ext-autolink-0.62.2.jar;C:\Users\vijayalaxmi.rajaa\.m2\repository\org\nibor\autolink\autolink\0.6.0\autolink-0.6.0.jar;C:\Users\vijayalaxmi.rajaa\.m2\repository\com\vladsch\flexmark\flexmark-ext-definition\0.62.2\flexmark-ext-definition-0.62.2.jar;C:\Users\vijayalaxmi.rajaa\.m2\repository\com\vladsch\flexmark\flexmark-ext-emoji\0.62.2\flexmark-ext-emoji-0.62.2.jar;C:\Users\vijayalaxmi.rajaa\.m2\repository\com\vladsch\flexmark\flexmark-ext-enumerated-reference\0.62.2\flexmark-ext-enumerated-reference-0.62.2.jar;C:\Users\vijayalaxmi.rajaa\.m2\repository\com\vladsch\flexmark\flexmark-ext-escaped-character\0.62.2\flexmark-ext-escaped-character-0.62.2.jar;C:\Users\vijayalaxmi.rajaa\.m2\repository\com\vladsch\flexmark\flexmark-ext-footnotes\0.62.2\flexmark-ext-footnotes-0.62.2.jar;C:\Users\vijayalaxmi.rajaa\.m2\repository\com\vladsch\flexmark\flexmark-ext-gfm-issues\0.62.2\flexmark-ext-gfm-issues-0.62.2.jar;C:\Users\vijayalaxmi.rajaa\.m2\repository\com\vladsch\flexmark\flexmark-ext-gfm-strikethrough\0.62.2\flexmark-ext-gfm-strikethrough-0.62.2.jar;C:\Users\vijayalaxmi.rajaa\.m2\repository\com\vladsch\flexmark\flexmark-ext-gfm-tasklist\0.62.2\flexmark-ext-gfm-tasklist-0.62.2.jar;C:\Users\vijayalaxmi.rajaa\.m2\repository\com\vladsch\flexmark\flexmark-ext-gfm-users\0.62.2\flexmark-ext-gfm-users-0.62.2.jar;C:\Users\vijayalaxmi.rajaa\.m2\repository\com\vladsch\flexmark\flexmark-ext-gitlab\0.62.2\flexmark-ext-gitlab-0.62.2.jar;C:\Users\vijayalaxmi.rajaa\.m2\repository\com\vladsch\flexmark\flexmark-ext-jekyll-front-matter\0.62.2\flexmark-ext-jekyll-front-matter-0.62.2.jar;C:\Users\vijayalaxmi.rajaa\.m2\repository\com\vladsch\flexmark\flexmark-ext-jekyll-tag\0.62.2\flexmark-ext-jekyll-tag-0.62.2.jar;C:\Users\vijayalaxmi.rajaa\.m2\repository\com\vladsch\flexmark\flexmark-ext-media-tags\0.62.2\flexmark-ext-media-tags-0.62.2.jar;C:\Users\vijayalaxmi.rajaa\.m2\repository\com\vladsch\flexmark\flexmark-ext-macros\0.62.2\flexmark-ext-macros-0.62.2.jar;C:\Users\vijayalaxmi.rajaa\.m2\repository\com\vladsch\flexmark\flexmark-ext-ins\0.62.2\flexmark-ext-ins-0.62.2.jar;C:\Users\vijayalaxmi.rajaa\.m2\repository\com\vladsch\flexmark\flexmark-ext-xwiki-macros\0.62.2\flexmark-ext-xwiki-macros-0.62.2.jar;C:\Users\vijayalaxmi.rajaa\.m2\repository\com\vladsch\flexmark\flexmark-ext-superscript\0.62.2\flexmark-ext-superscript-0.62.2.jar;C:\Users\vijayalaxmi.rajaa\.m2\repository\com\vladsch\flexmark\flexmark-ext-tables\0.62.2\flexmark-ext-tables-0.62.2.jar;C:\Users\vijayalaxmi.rajaa\.m2\repository\com\vladsch\flexmark\flexmark-ext-toc\0.62.2\flexmark-ext-toc-0.62.2.jar;C:\Users\vijayalaxmi.rajaa\.m2\repository\com\vladsch\flexmark\flexmark-ext-typographic\0.62.2\flexmark-ext-typographic-0.62.2.jar;C:\Users\vijayalaxmi.rajaa\.m2\repository\com\vladsch\flexmark\flexmark-ext-wikilink\0.62.2\flexmark-ext-wikilink-0.62.2.jar;C:\Users\vijayalaxmi.rajaa\.m2\repository\com\vladsch\flexmark\flexmark-ext-yaml-front-matter\0.62.2\flexmark-ext-yaml-front-matter-0.62.2.jar;C:\Users\vijayalaxmi.rajaa\.m2\repository\com\vladsch\flexmark\flexmark-ext-youtube-embedded\0.62.2\flexmark-ext-youtube-embedded-0.62.2.jar;C:\Users\vijayalaxmi.rajaa\.m2\repository\com\vladsch\flexmark\flexmark-html2md-converter\0.62.2\flexmark-html2md-converter-0.62.2.jar;C:\Users\vijayalaxmi.rajaa\.m2\repository\com\vladsch\flexmark\flexmark-jira-converter\0.62.2\flexmark-jira-converter-0.62.2.jar;C:\Users\vijayalaxmi.rajaa\.m2\repository\com\vladsch\flexmark\flexmark-pdf-converter\0.62.2\flexmark-pdf-converter-0.62.2.jar;C:\Users\vijayalaxmi.rajaa\.m2\repository\com\openhtmltopdf\openhtmltopdf-core\1.0.0\openhtmltopdf-core-1.0.0.jar;C:\Users\vijayalaxmi.rajaa\.m2\repository\com\openhtmltopdf\openhtmltopdf-pdfbox\1.0.0\openhtmltopdf-pdfbox-1.0.0.jar;C:\Users\vijayalaxmi.rajaa\.m2\repository\org\apache\pdfbox\pdfbox\2.0.16\pdfbox-2.0.16.jar;C:\Users\vijayalaxmi.rajaa\.m2\repository\org\apache\pdfbox\fontbox\2.0.16\fontbox-2.0.16.jar;C:\Users\vijayalaxmi.rajaa\.m2\repository\org\apache\pdfbox\xmpbox\2.0.16\xmpbox-2.0.16.jar;C:\Users\vijayalaxmi.rajaa\.m2\repository\de\rototor\pdfbox\graphics2d\0.24\graphics2d-0.24.jar;C:\Users\vijayalaxmi.rajaa\.m2\repository\com\openhtmltopdf\openhtmltopdf-rtl-support\1.0.0\openhtmltopdf-rtl-support-1.0.0.jar;C:\Users\vijayalaxmi.rajaa\.m2\repository\com\openhtmltopdf\openhtmltopdf-jsoup-dom-converter\1.0.0\openhtmltopdf-jsoup-dom-converter-1.0.0.jar;C:\Users\vijayalaxmi.rajaa\.m2\repository\com\vladsch\flexmark\flexmark-profile-pegdown\0.62.2\flexmark-profile-pegdown-0.62.2.jar;C:\Users\vijayalaxmi.rajaa\.m2\repository\com\vladsch\flexmark\flexmark-util-ast\0.62.2\flexmark-util-ast-0.62.2.jar;C:\Users\vijayalaxmi.rajaa\.m2\repository\com\vladsch\flexmark\flexmark-util-builder\0.62.2\flexmark-util-builder-0.62.2.jar;C:\Users\vijayalaxmi.rajaa\.m2\repository\com\vladsch\flexmark\flexmark-util-collection\0.62.2\flexmark-util-collection-0.62.2.jar;C:\Users\vijayalaxmi.rajaa\.m2\repository\com\vladsch\flexmark\flexmark-util-data\0.62.2\flexmark-util-data-0.62.2.jar;C:\Users\vijayalaxmi.rajaa\.m2\repository\com\vladsch\flexmark\flexmark-util-dependency\0.62.2\flexmark-util-dependency-0.62.2.jar;C:\Users\vijayalaxmi.rajaa\.m2\repository\com\vladsch\flexmark\flexmark-util-format\0.62.2\flexmark-util-format-0.62.2.jar;C:\Users\vijayalaxmi.rajaa\.m2\repository\com\vladsch\flexmark\flexmark-util-html\0.62.2\flexmark-util-html-0.62.2.jar;C:\Users\vijayalaxmi.rajaa\.m2\repository\com\vladsch\flexmark\flexmark-util-misc\0.62.2\flexmark-util-misc-0.62.2.jar;C:\Users\vijayalaxmi.rajaa\.m2\repository\com\vladsch\flexmark\flexmark-util-options\0.62.2\flexmark-util-options-0.62.2.jar;C:\Users\vijayalaxmi.rajaa\.m2\repository\com\vladsch\flexmark\flexmark-util-sequence\0.62.2\flexmark-util-sequence-0.62.2.jar;C:\Users\vijayalaxmi.rajaa\.m2\repository\com\vladsch\flexmark\flexmark-util-visitor\0.62.2\flexmark-util-visitor-0.62.2.jar;C:\Users\vijayalaxmi.rajaa\.m2\repository\com\vladsch\flexmark\flexmark-youtrack-converter\0.62.2\flexmark-youtrack-converter-0.62.2.jar;C:\Users\vijayalaxmi.rajaa\.m2\repository\com\ibm\icu\icu4j\72.1\icu4j-72.1.jar;C:\Users\vijayalaxmi.rajaa\.m2\repository\es\nitaur\markdown\txtmark\0.16\txtmark-0.16.jar;C:\Users\vijayalaxmi.rajaa\.m2\repository\net\serenity-bdd\serenity-report-resources\3.6.21\serenity-report-resources-3.6.21.jar;C:\Users\vijayalaxmi.rajaa\.m2\repository\com\google\code\gson\gson\2.10.1\gson-2.10.1.jar;C:\Users\vijayalaxmi.rajaa\.m2\repository\com\fasterxml\jackson\core\jackson-core\2.15.0-rc1\jackson-core-2.15.0-rc1.jar;C:\Users\vijayalaxmi.rajaa\.m2\repository\com\fasterxml\jackson\core\jackson-databind\2.15.0-rc1\jackson-databind-2.15.0-rc1.jar;C:\Users\vijayalaxmi.rajaa\.m2\repository\com\fasterxml\jackson\core\jackson-annotations\2.15.0-rc1\jackson-annotations-2.15.0-rc1.jar;C:\Users\vijayalaxmi.rajaa\.m2\repository\commons-codec\commons-codec\1.15\commons-codec-1.15.jar;C:\Users\vijayalaxmi.rajaa\.m2\repository\commons-io\commons-io\2.11.0\commons-io-2.11.0.jar;C:\Users\vijayalaxmi.rajaa\.m2\repository\org\apache\httpcomponents\httpclient\4.5.13\httpclient-4.5.13.jar;C:\Users\vijayalaxmi.rajaa\.m2\repository\org\apache\httpcomponents\httpcore\4.4.13\httpcore-4.4.13.jar;C:\Users\vijayalaxmi.rajaa\.m2\repository\commons-logging\commons-logging\1.2\commons-logging-1.2.jar;C:\Users\vijayalaxmi.rajaa\.m2\repository\org\seleniumhq\selenium\selenium-java\4.8.1\selenium-java-4.8.1.jar;C:\Users\vijayalaxmi.rajaa\.m2\repository\org\seleniumhq\selenium\selenium-devtools-v108\4.8.1\selenium-devtools-v108-4.8.1.jar;C:\Users\vijayalaxmi.rajaa\.m2\repository\org\seleniumhq\selenium\selenium-devtools-v109\4.8.1\selenium-devtools-v109-4.8.1.jar;C:\Users\vijayalaxmi.rajaa\.m2\repository\org\seleniumhq\selenium\selenium-devtools-v110\4.8.1\selenium-devtools-v110-4.8.1.jar;C:\Users\vijayalaxmi.rajaa\.m2\repository\org\seleniumhq\selenium\selenium-devtools-v85\4.8.1\selenium-devtools-v85-4.8.1.jar;C:\Users\vijayalaxmi.rajaa\.m2\repository\org\seleniumhq\selenium\selenium-remote-driver\4.8.1\selenium-remote-driver-4.8.1.jar;C:\Users\vijayalaxmi.rajaa\.m2\repository\com\beust\jcommander\1.82\jcommander-1.82.jar;C:\Users\vijayalaxmi.rajaa\.m2\repository\io\netty\netty-buffer\4.1.87.Final\netty-buffer-4.1.87.Final.jar;C:\Users\vijayalaxmi.rajaa\.m2\repository\io\netty\netty-codec-http\4.1.87.Final\netty-codec-http-4.1.87.Final.jar;C:\Users\vijayalaxmi.rajaa\.m2\repository\io\netty\netty-codec\4.1.87.Final\netty-codec-4.1.87.Final.jar;C:\Users\vijayalaxmi.rajaa\.m2\repository\io\netty\netty-handler\4.1.87.Final\netty-handler-4.1.87.Final.jar;C:\Users\vijayalaxmi.rajaa\.m2\repository\io\netty\netty-common\4.1.87.Final\netty-common-4.1.87.Final.jar;C:\Users\vijayalaxmi.rajaa\.m2\repository\io\netty\netty-transport-classes-epoll\4.1.87.Final\netty-transport-classes-epoll-4.1.87.Final.jar;C:\Users\vijayalaxmi.rajaa\.m2\repository\io\netty\netty-transport-classes-kqueue\4.1.87.Final\netty-transport-classes-kqueue-4.1.87.Final.jar;C:\Users\vijayalaxmi.rajaa\.m2\repository\io\netty\netty-transport-native-epoll\4.1.87.Final\netty-transport-native-epoll-4.1.87.Final.jar;C:\Users\vijayalaxmi.rajaa\.m2\repository\io\netty\netty-transport-native-kqueue\4.1.87.Final\netty-transport-native-kqueue-4.1.87.Final.jar;C:\Users\vijayalaxmi.rajaa\.m2\repository\io\netty\netty-transport-native-unix-common\4.1.87.Final\netty-transport-native-unix-common-4.1.87.Final.jar;C:\Users\vijayalaxmi.rajaa\.m2\repository\io\netty\netty-transport\4.1.87.Final\netty-transport-4.1.87.Final.jar;C:\Users\vijayalaxmi.rajaa\.m2\repository\io\netty\netty-resolver\4.1.87.Final\netty-resolver-4.1.87.Final.jar;C:\Users\vijayalaxmi.rajaa\.m2\repository\io\opentelemetry\opentelemetry-api\1.22.0\opentelemetry-api-1.22.0.jar;C:\Users\vijayalaxmi.rajaa\.m2\repository\io\opentelemetry\opentelemetry-context\1.22.0\opentelemetry-context-1.22.0.jar;C:\Users\vijayalaxmi.rajaa\.m2\repository\io\opentelemetry\opentelemetry-exporter-logging\1.22.0\opentelemetry-exporter-logging-1.22.0.jar;C:\Users\vijayalaxmi.rajaa\.m2\repository\io\opentelemetry\opentelemetry-sdk-metrics\1.22.0\opentelemetry-sdk-metrics-1.22.0.jar;C:\Users\vijayalaxmi.rajaa\.m2\repository\io\opentelemetry\opentelemetry-sdk-logs\1.22.0-alpha\opentelemetry-sdk-logs-1.22.0-alpha.jar;C:\Users\vijayalaxmi.rajaa\.m2\repository\io\opentelemetry\opentelemetry-api-logs\1.22.0-alpha\opentelemetry-api-logs-1.22.0-alpha.jar;C:\Users\vijayalaxmi.rajaa\.m2\repository\io\opentelemetry\opentelemetry-sdk-common\1.22.0\opentelemetry-sdk-common-1.22.0.jar;C:\Users\vijayalaxmi.rajaa\.m2\repository\io\opentelemetry\opentelemetry-sdk-extension-autoconfigure-spi\1.22.0\opentelemetry-sdk-extension-autoconfigure-spi-1.22.0.jar;C:\Users\vijayalaxmi.rajaa\.m2\repository\io\opentelemetry\opentelemetry-sdk-extension-autoconfigure\1.22.0-alpha\opentelemetry-sdk-extension-autoconfigure-1.22.0-alpha.jar;C:\Users\vijayalaxmi.rajaa\.m2\repository\io\opentelemetry\opentelemetry-sdk-trace\1.22.0\opentelemetry-sdk-trace-1.22.0.jar;C:\Users\vijayalaxmi.rajaa\.m2\repository\io\opentelemetry\opentelemetry-sdk\1.22.0\opentelemetry-sdk-1.22.0.jar;C:\Users\vijayalaxmi.rajaa\.m2\repository\io\opentelemetry\opentelemetry-semconv\1.22.0-alpha\opentelemetry-semconv-1.22.0-alpha.jar;C:\Users\vijayalaxmi.rajaa\.m2\repository\io\ous\jtoml\2.0.0\jtoml-2.0.0.jar;C:\Users\vijayalaxmi.rajaa\.m2\repository\org\apache\commons\commons-exec\1.3\commons-exec-1.3.jar;C:\Users\vijayalaxmi.rajaa\.m2\repository\org\asynchttpclient\async-http-client\2.12.3\async-http-client-2.12.3.jar;C:\Users\vijayalaxmi.rajaa\.m2\repository\org\asynchttpclient\async-http-client-netty-utils\2.12.3\async-http-client-netty-utils-2.12.3.jar;C:\Users\vijayalaxmi.rajaa\.m2\repository\io\netty\netty-codec-socks\4.1.60.Final\netty-codec-socks-4.1.60.Final.jar;C:\Users\vijayalaxmi.rajaa\.m2\repository\io\netty\netty-handler-proxy\4.1.60.Final\netty-handler-proxy-4.1.60.Final.jar;C:\Users\vijayalaxmi.rajaa\.m2\repository\io\netty\netty-transport-native-epoll\4.1.60.Final\netty-transport-native-epoll-4.1.60.Final-linux-x86_64.jar;C:\Users\vijayalaxmi.rajaa\.m2\repository\io\netty\netty-transport-native-kqueue\4.1.60.Final\netty-transport-native-kqueue-4.1.60.Final-osx-x86_64.jar;C:\Users\vijayalaxmi.rajaa\.m2\repository\org\reactivestreams\reactive-streams\1.0.3\reactive-streams-1.0.3.jar;C:\Users\vijayalaxmi.rajaa\.m2\repository\com\typesafe\netty\netty-reactive-streams\2.0.4\netty-reactive-streams-2.0.4.jar;C:\Users\vijayalaxmi.rajaa\.m2\repository\org\seleniumhq\selenium\selenium-manager\4.8.1\selenium-manager-4.8.1.jar;C:\Users\vijayalaxmi.rajaa\.m2\repository\org\seleniumhq\selenium\selenium-safari-driver\4.8.1\selenium-safari-driver-4.8.1.jar;C:\Users\vijayalaxmi.rajaa\.m2\repository\org\seleniumhq\selenium\selenium-api\4.8.1\selenium-api-4.8.1.jar;C:\Users\vijayalaxmi.rajaa\.m2\repository\org\seleniumhq\selenium\selenium-support\4.8.1\selenium-support-4.8.1.jar;C:\Users\vijayalaxmi.rajaa\.m2\repository\com\google\auto\service\auto-service-annotations\1.0.1\auto-service-annotations-1.0.1.jar;C:\Users\vijayalaxmi.rajaa\.m2\repository\com\google\auto\service\auto-service\1.0.1\auto-service-1.0.1.jar;C:\Users\vijayalaxmi.rajaa\.m2\repository\com\google\auto\auto-common\1.2\auto-common-1.2.jar;C:\Users\vijayalaxmi.rajaa\.m2\repository\org\seleniumhq\selenium\selenium-json\4.8.1\selenium-json-4.8.1.jar;C:\Users\vijayalaxmi.rajaa\.m2\repository\org\seleniumhq\selenium\selenium-chrome-driver\4.8.1\selenium-chrome-driver-4.8.1.jar;C:\Users\vijayalaxmi.rajaa\.m2\repository\org\seleniumhq\selenium\selenium-chromium-driver\4.8.1\selenium-chromium-driver-4.8.1.jar;C:\Users\vijayalaxmi.rajaa\.m2\repository\org\seleniumhq\selenium\selenium-firefox-driver\4.8.1\selenium-firefox-driver-4.8.1.jar;C:\Users\vijayalaxmi.rajaa\.m2\repository\org\seleniumhq\selenium\selenium-http\4.8.1\selenium-http-4.8.1.jar;C:\Users\vijayalaxmi.rajaa\.m2\repository\dev\failsafe\failsafe\3.3.0\failsafe-3.3.0.jar;C:\Users\vijayalaxmi.rajaa\.m2\repository\org\seleniumhq\selenium\selenium-edge-driver\4.8.1\selenium-edge-driver-4.8.1.jar;C:\Users\vijayalaxmi.rajaa\.m2\repository\org\seleniumhq\selenium\selenium-ie-driver\4.8.1\selenium-ie-driver-4.8.1.jar;C:\Users\vijayalaxmi.rajaa\.m2\repository\org\projectlombok\lombok\1.18.20\lombok-1.18.20.jar;C:\Users\vijayalaxmi.rajaa\.m2\repository\io\appium\java-client\8.3.0\java-client-8.3.0.jar;C:\Users\vijayalaxmi.rajaa\.m2\repository\commons-validator\commons-validator\1.7\commons-validator-1.7.jar;C:\Users\vijayalaxmi.rajaa\.m2\repository\commons-digester\commons-digester\2.1\commons-digester-2.1.jar;C:\Users\vijayalaxmi.rajaa\.m2\repository\org\apache\groovy\groovy\4.0.10\groovy-4.0.10.jar;C:\Users\vijayalaxmi.rajaa\.m2\repository\net\sf\opencsv\opencsv\2.0\opencsv-2.0.jar;C:\Users\vijayalaxmi.rajaa\.m2\repository\commons-beanutils\commons-beanutils\1.9.4\commons-beanutils-1.9.4.jar;C:\Users\vijayalaxmi.rajaa\.m2\repository\org\apache\commons\commons-lang3\3.12.0\commons-lang3-3.12.0.jar;C:\Users\vijayalaxmi.rajaa\.m2\repository\commons-collections\commons-collections\3.2.2\commons-collections-3.2.2.jar;C:\Users\vijayalaxmi.rajaa\.m2\repository\org\fluentlenium\fluentlenium-core\0.10.2\fluentlenium-core-0.10.2.jar;C:\Users\vijayalaxmi.rajaa\.m2\repository\io\github\bonigarcia\webdrivermanager\5.3.0\webdrivermanager-5.3.0.jar;C:\Users\vijayalaxmi.rajaa\.m2\repository\com\github\docker-java\docker-java\3.2.13\docker-java-3.2.13.jar;C:\Users\vijayalaxmi.rajaa\.m2\repository\com\github\docker-java\docker-java-core\3.2.13\docker-java-core-3.2.13.jar;C:\Users\vijayalaxmi.rajaa\.m2\repository\com\github\docker-java\docker-java-api\3.2.13\docker-java-api-3.2.13.jar;C:\Users\vijayalaxmi.rajaa\.m2\repository\org\apache\commons\commons-compress\1.21\commons-compress-1.21.jar;C:\Users\vijayalaxmi.rajaa\.m2\repository\org\bouncycastle\bcpkix-jdk15on\1.64\bcpkix-jdk15on-1.64.jar;C:\Users\vijayalaxmi.rajaa\.m2\repository\org\bouncycastle\bcprov-jdk15on\1.64\bcprov-jdk15on-1.64.jar;C:\Users\vijayalaxmi.rajaa\.m2\repository\org\slf4j\jcl-over-slf4j\1.7.30\jcl-over-slf4j-1.7.30.jar;C:\Users\vijayalaxmi.rajaa\.m2\repository\com\github\docker-java\docker-java-transport-httpclient5\3.2.13\docker-java-transport-httpclient5-3.2.13.jar;C:\Users\vijayalaxmi.rajaa\.m2\repository\com\github\docker-java\docker-java-transport\3.2.13\docker-java-transport-3.2.13.jar;C:\Users\vijayalaxmi.rajaa\.m2\repository\net\java\dev\jna\jna\5.8.0\jna-5.8.0.jar;C:\Users\vijayalaxmi.rajaa\.m2\repository\org\brotli\dec\0.1.2\dec-0.1.2.jar;C:\Users\vijayalaxmi.rajaa\.m2\repository\org\apache\httpcomponents\client5\httpclient5\5.1.3\httpclient5-5.1.3.jar;C:\Users\vijayalaxmi.rajaa\.m2\repository\org\apache\httpcomponents\core5\httpcore5\5.1.3\httpcore5-5.1.3.jar;C:\Users\vijayalaxmi.rajaa\.m2\repository\org\apache\httpcomponents\core5\httpcore5-h2\5.1.3\httpcore5-h2-5.1.3.jar;C:\Users\vijayalaxmi.rajaa\.m2\repository\com\jhlabs\filters\2.0.235\filters-2.0.235.jar;C:\Users\vijayalaxmi.rajaa\.m2\repository\com\paulhammant\ngwebdriver\1.1.6\ngwebdriver-1.1.6.jar;C:\Users\vijayalaxmi.rajaa\.m2\repository\joda-time\joda-time\2.12.2\joda-time-2.12.2.jar;C:\Users\vijayalaxmi.rajaa\.m2\repository\org\hamcrest\hamcrest\2.2\hamcrest-2.2.jar;C:\Users\vijayalaxmi.rajaa\.m2\repository\com\google\jimfs\jimfs\1.2\jimfs-1.2.jar;C:\Users\vijayalaxmi.rajaa\.m2\repository\org\mockito\mockito-core\3.3.3\mockito-core-3.3.3.jar;C:\Users\vijayalaxmi.rajaa\.m2\repository\javax\xml\bind\jaxb-api\2.3.1\jaxb-api-2.3.1.jar;C:\Users\vijayalaxmi.rajaa\.m2\repository\javax\activation\javax.activation-api\1.2.0\javax.activation-api-1.2.0.jar;C:\Users\vijayalaxmi.rajaa\.m2\repository\com\sun\xml\bind\jaxb-core\2.3.0.1\jaxb-core-2.3.0.1.jar;C:\Users\vijayalaxmi.rajaa\.m2\repository\com\sun\xml\bind\jaxb-impl\2.3.3\jaxb-impl-2.3.3.jar;C:\Users\vijayalaxmi.rajaa\.m2\repository\jakarta\xml\bind\jakarta.xml.bind-api\2.3.3\jakarta.xml.bind-api-2.3.3.jar;C:\Users\vijayalaxmi.rajaa\.m2\repository\com\sun\activation\jakarta.activation\1.2.2\jakarta.activation-1.2.2.jar;C:\Users\vijayalaxmi.rajaa\.m2\repository\javax\activation\activation\1.1.1\activation-1.1.1.jar;C:\Users\vijayalaxmi.rajaa\.m2\repository\net\serenity-bdd\serenity-cucumber\3.6.21\serenity-cucumber-3.6.21.jar;C:\Users\vijayalaxmi.rajaa\.m2\repository\io\cucumber\cucumber-core\7.11.0\cucumber-core-7.11.0.jar;C:\Users\vijayalaxmi.rajaa\.m2\repository\io\cucumber\cucumber-gherkin\7.11.0\cucumber-gherkin-7.11.0.jar;C:\Users\vijayalaxmi.rajaa\.m2\repository\io\cucumber\cucumber-gherkin-messages\7.11.0\cucumber-gherkin-messages-7.11.0.jar;C:\Users\vijayalaxmi.rajaa\.m2\repository\io\cucumber\gherkin\26.0.3\gherkin-26.0.3.jar;C:\Users\vijayalaxmi.rajaa\.m2\repository\io\cucumber\messages\21.0.1\messages-21.0.1.jar;C:\Users\vijayalaxmi.rajaa\.m2\repository\io\cucumber\tag-expressions\5.0.1\tag-expressions-5.0.1.jar;C:\Users\vijayalaxmi.rajaa\.m2\repository\io\cucumber\cucumber-expressions\16.1.1\cucumber-expressions-16.1.1.jar;C:\Users\vijayalaxmi.rajaa\.m2\repository\io\cucumber\datatable\7.11.0\datatable-7.11.0.jar;C:\Users\vijayalaxmi.rajaa\.m2\repository\io\cucumber\cucumber-plugin\7.11.0\cucumber-plugin-7.11.0.jar;C:\Users\vijayalaxmi.rajaa\.m2\repository\io\cucumber\docstring\7.11.0\docstring-7.11.0.jar;C:\Users\vijayalaxmi.rajaa\.m2\repository\io\cucumber\html-formatter\20.2.1\html-formatter-20.2.1.jar;C:\Users\vijayalaxmi.rajaa\.m2\repository\io\cucumber\junit-xml-formatter\0.1.0\junit-xml-formatter-0.1.0.jar;C:\Users\vijayalaxmi.rajaa\.m2\repository\io\cucumber\ci-environment\9.1.0\ci-environment-9.1.0.jar;C:\Users\vijayalaxmi.rajaa\.m2\repository\io\cucumber\cucumber-java\7.11.0\cucumber-java-7.11.0.jar;C:\Users\vijayalaxmi.rajaa\.m2\repository\io\cucumber\cucumber-junit\7.11.0\cucumber-junit-7.11.0.jar;C:\Users\vijayalaxmi.rajaa\.m2\repository\org\apache\commons\commons-csv\1.5\commons-csv-1.5.jar;C:\Users\vijayalaxmi.rajaa\.m2\repository\net\serenity-bdd\serenity-screenplay\3.6.21\serenity-screenplay-3.6.21.jar;C:\Users\vijayalaxmi.rajaa\.m2\repository\net\serenity-bdd\serenity-screenplay-webdriver\3.6.21\serenity-screenplay-webdriver-3.6.21.jar;C:\Users\vijayalaxmi.rajaa\.m2\repository\net\serenity-bdd\serenity-ensure\3.6.21\serenity-ensure-3.6.21.jar;C:\Users\vijayalaxmi.rajaa\.m2\repository\net\serenity-bdd\serenity-junit\3.6.21\serenity-junit-3.6.21.jar;C:\Users\vijayalaxmi.rajaa\.m2\repository\org\jetbrains\kotlin\kotlin-stdlib\1.8.10\kotlin-stdlib-1.8.10.jar;C:\Users\vijayalaxmi.rajaa\.m2\repository\org\jetbrains\kotlin\kotlin-stdlib-common\1.8.10\kotlin-stdlib-common-1.8.10.jar;C:\Users\vijayalaxmi.rajaa\.m2\repository\org\jetbrains\annotations\13.0\annotations-13.0.jar;C:\Users\vijayalaxmi.rajaa\.m2\repository\org\junit\platform\junit-platform-launcher\1.8.2\junit-platform-launcher-1.8.2.jar;C:\Users\vijayalaxmi.rajaa\.m2\repository\org\junit\platform\junit-platform-engine\1.8.2\junit-platform-engine-1.8.2.jar;C:\Users\vijayalaxmi.rajaa\.m2\repository\org\opentest4j\opentest4j\1.2.0\opentest4j-1.2.0.jar;C:\Users\vijayalaxmi.rajaa\.m2\repository\org\junit\platform\junit-platform-commons\1.8.2\junit-platform-commons-1.8.2.jar;C:\Users\vijayalaxmi.rajaa\.m2\repository\org\apiguardian\apiguardian-api\1.1.2\apiguardian-api-1.1.2.jar;C:\Users\vijayalaxmi.rajaa\.m2\repository\org\junit\jupiter\junit-jupiter-engine\5.8.2\junit-jupiter-engine-5.8.2.jar;C:\Users\vijayalaxmi.rajaa\.m2\repository\org\junit\jupiter\junit-jupiter-api\5.8.2\junit-jupiter-api-5.8.2.jar;C:\Users\vijayalaxmi.rajaa\.m2\repository\org\junit\vintage\junit-vintage-engine\5.8.2\junit-vintage-engine-5.8.2.jar;C:\Users\vijayalaxmi.rajaa\.m2\repository\junit\junit\4.13.2\junit-4.13.2.jar;C:\Users\vijayalaxmi.rajaa\.m2\repository\org\hamcrest\hamcrest-core\1.3\hamcrest-core-1.3.jar;C:\Users\vijayalaxmi.rajaa\.m2\repository\ch\qos\logback\logback-classic\1.2.10\logback-classic-1.2.10.jar;C:\Users\vijayalaxmi.rajaa\.m2\repository\ch\qos\logback\logback-core\1.2.10\logback-core-1.2.10.jar;C:\Users\vijayalaxmi.rajaa\.m2\repository\org\slf4j\slf4j-api\1.7.32\slf4j-api-1.7.32.jar;C:\Users\vijayalaxmi.rajaa\.m2\repository\org\assertj\assertj-core\3.23.1\assertj-core-3.23.1.jar;C:\Users\vijayalaxmi.rajaa\.m2\repository\net\bytebuddy\byte-buddy\1.12.10\byte-buddy-1.12.10.jar;C:\Users\vijayalaxmi.rajaa\.m2\repository\org\apache\maven\surefire\surefire-junit-platform\3.0.0-M5\surefire-junit-platform-3.0.0-M5.jar;C:\Users\vijayalaxmi.rajaa\.m2\repository\org\apache\maven\surefire\common-java5\3.0.0-M5\common-java5-3.0.0-M5.jar"/>
    <property name="user.script" value=""/>
    <property name="java.protocol.handler.pkgs" value="com.google.common"/>
    <property name="sun.management.compiler" value="HotSpot 64-Bit Tiered Compilers"/>
    <property name="java.runtime.version" value="19+36-2238"/>
    <property name="user.name" value="vijayalaxmi.rajaa"/>
    <property name="stdout.encoding" value="Cp1252"/>
    <property name="path.separator" value=";"/>
    <property name="os.version" value="10.0"/>
    <property name="java.runtime.name" value="OpenJDK Runtime Environment"/>
    <property name="file.encoding" value="UTF-8"/>
    <property name="webdriver.base.url" value=""/>
    <property name="java.vm.name" value="OpenJDK 64-Bit Server VM"/>
    <property name="localRepository" value="C:\Users\vijayalaxmi.rajaa\.m2\repository"/>
    <property name="java.vendor.url.bug" value="https://bugreport.java.com/bugreport/"/>
    <property name="java.io.tmpdir" value="C:\Users\VIJAYA~1.RAJ\AppData\Local\Temp\"/>
    <property name="java.version" value="19"/>
    <property name="user.dir" value="C:\Users\vijayalaxmi.rajaa\eclipse-workspace\SerenityProject"/>
    <property name="os.arch" value="amd64"/>
    <property name="java.vm.specification.name" value="Java Virtual Machine Specification"/>
    <property name="sun.os.patch.level" value=""/>
    <property name="native.encoding" value="Cp1252"/>
    <property name="java.library.path" value="C:\Users\vijayalaxmi.rajaa\Downloads\openjdk-19_windows-x64_bin\jdk-19\bin;C:\WINDOWS\Sun\Java\bin;C:\WINDOWS\system32;C:\WINDOWS;C:\WINDOWS\system32;C:\WINDOWS;C:\WINDOWS\System32\Wbem;C:\WINDOWS\System32\WindowsPowerShell\v1.0\;C:\WINDOWS\System32\OpenSSH\;C:\Windows\CCM;C:\Users\vijayalaxmi.rajaa\Downloads\openjdk-19_windows-x64_bin\jdk-19\bin;C:\Program Files\apache-maven-3.8.8-bin\apache-maven-3.8.8\bin;C:\Users\vijayalaxmi.rajaa\AppData\Local\Microsoft\WindowsApps;;."/>
    <property name="java.vm.info" value="mixed mode"/>
    <property name="stderr.encoding" value="Cp1252"/>
    <property name="java.vendor" value="Oracle Corporation"/>
    <property name="java.vm.version" value="19+36-2238"/>
    <property name="sun.io.unicode.encoding" value="UnicodeLittle"/>
    <property name="java.class.version" value="63.0"/>
  </properties>
  <testcase name="Login with valid credentials" classname="Login to HRM" time="15.245">
    <system-out><![CDATA[15:04:28.468 [main] DEBUG net.thucydides.core.guice.Injectors - Created injector for module net.thucydides.core.guice.ThucydidesModule
15:04:28.663 [main] DEBUG io.cucumber.core.plugin.SerenityReporter - Running feature from file:///C:/Users/vijayalaxmi.rajaa/eclipse-workspace/SerenityProject/Features/LoginOrange.feature
15:04:28.664 [main] WARN io.cucumber.core.plugin.SerenityReporter - Feature from file:///C:/Users/vijayalaxmi.rajaa/eclipse-workspace/SerenityProject/Features/LoginOrange.feature is not under the 'features' directory. Requirements report will not be correctly generated!
15:04:28.834 [main] DEBUG net.thucydides.core.guice.Injectors - Created injector for module net.thucydides.core.guice.webdriver.WebDriverModule
15:04:28.869 [main] INFO  - 

-------------------------------------------------------------------------------------
     _______. _______ .______       _______ .__   __.  __  .___________.____    ____ 
    /       ||   ____||   _  \     |   ____||  \ |  | |  | |           |\   \  /   / 
   |   (----`|  |__   |  |_)  |    |  |__   |   \|  | |  | `---|  |----` \   \/   /  
    \   \    |   __|  |      /     |   __|  |  . `  | |  |     |  |       \_    _/   
.----)   |   |  |____ |  |\  \----.|  |____ |  |\   | |  |     |  |         |  |     
|_______/    |_______|| _| `._____||_______||__| \__| |__|     |__|         |__|    
                                                                                     
 News and tutorials at http://www.serenity-bdd.info                                  
 Documentation at https://wakaleo.gitbooks.io/the-serenity-book/content/             
 Join the Serenity Community on Gitter: https://gitter.im/serenity-bdd/serenity-core 
 Serenity BDD Support and Training at http://serenity-bdd.info/#/trainingandsupport  
-------------------------------------------------------------------------------------

15:04:28.871 [main] DEBUG net.thucydides.core.steps.StepEventBus - Test suite started for story net.thucydides.core.model.Story@a4d16336
15:04:28.872 [main] INFO  - Test Suite Started: Login to HRM
15:04:28.884 [main] DEBUG io.cucumber.core.plugin.SerenityReporter - Running feature from file:///C:/Users/vijayalaxmi.rajaa/eclipse-workspace/SerenityProject/Features/LoginOrange.feature
15:04:28.884 [main] WARN io.cucumber.core.plugin.SerenityReporter - Feature from file:///C:/Users/vijayalaxmi.rajaa/eclipse-workspace/SerenityProject/Features/LoginOrange.feature is not under the 'features' directory. Requirements report will not be correctly generated!
15:04:28.887 [main] DEBUG net.thucydides.core.steps.StepEventBus - Test suite started for story net.thucydides.core.model.Story@a4d16336
15:04:28.888 [main] INFO  - Test Suite Started: Login to HRM

@ValidCredentials
Scenario: Login with valid credentials   # Features/LoginOrange.feature:4
15:04:28.972 [main] DEBUG io.cucumber.core.plugin.SerenityReporter - Running feature from file:///C:/Users/vijayalaxmi.rajaa/eclipse-workspace/SerenityProject/Features/LoginOrange.feature
15:04:28.972 [main] WARN io.cucumber.core.plugin.SerenityReporter - Feature from file:///C:/Users/vijayalaxmi.rajaa/eclipse-workspace/SerenityProject/Features/LoginOrange.feature is not under the 'features' directory. Requirements report will not be correctly generated!
15:04:29.074 [main] INFO  - 
  _____   ___   ___   _____     ___   _____     _     ___   _____   ___   ___  
 |_   _| | __| / __| |_   _|   / __| |_   _|   /_\   | _ \ |_   _| | __| |   \ 
   | |   | _|  \__ \   | |     \__ \   | |    / _ \  |   /   | |   | _|  | |) |
   |_|   |___| |___/   |_|     |___/   |_|   /_/ \_\ |_|_\   |_|   |___| |___/ 

Login with valid credentials(login-to-hrm;login-with-valid-credentials)
--------------------------------------------------------------------------------
15:04:29.987 [main] INFO net.serenitybdd.core.webdriver.driverproviders.ChromeDriverProvider - Starting Chrome driver instance with capabilities:
15:04:29.988 [main] INFO net.serenitybdd.core.webdriver.driverproviders.ChromeDriverProvider - Capabilities {acceptInsecureCerts: false, browserName: chrome, goog:chromeOptions: {args: [remote-allow-origins=*], extensions: []}}
15:04:30.066 [main] DEBUG io.netty.util.internal.logging.InternalLoggerFactory - Using SLF4J as the default logging framework
15:04:30.068 [main] DEBUG io.netty.util.ResourceLeakDetector - -Dio.netty.leakDetection.level: simple
15:04:30.068 [main] DEBUG io.netty.util.ResourceLeakDetector - -Dio.netty.leakDetection.targetRecords: 4
15:04:30.072 [main] DEBUG io.netty.util.ResourceLeakDetectorFactory - Loaded default ResourceLeakDetector: io.netty.util.ResourceLeakDetector@4466cf5d
15:04:30.087 [main] DEBUG io.netty.util.internal.PlatformDependent0 - -Dio.netty.noUnsafe: false
15:04:30.088 [main] DEBUG io.netty.util.internal.PlatformDependent0 - Java version: 19
15:04:30.088 [main] DEBUG io.netty.util.internal.PlatformDependent0 - sun.misc.Unsafe.theUnsafe: available
15:04:30.088 [main] DEBUG io.netty.util.internal.PlatformDependent0 - sun.misc.Unsafe.copyMemory: available
15:04:30.088 [main] DEBUG io.netty.util.internal.PlatformDependent0 - sun.misc.Unsafe.storeFence: available
15:04:30.089 [main] DEBUG io.netty.util.internal.PlatformDependent0 - java.nio.Buffer.address: available
15:04:30.089 [main] DEBUG io.netty.util.internal.PlatformDependent0 - direct buffer constructor: unavailable: Reflective setAccessible(true) disabled
15:04:30.090 [main] DEBUG io.netty.util.internal.PlatformDependent0 - java.nio.Bits.unaligned: available, true
15:04:30.092 [main] DEBUG io.netty.util.internal.PlatformDependent0 - jdk.internal.misc.Unsafe.allocateUninitializedArray(int): unavailable: class io.netty.util.internal.PlatformDependent0$7 cannot access class jdk.internal.misc.Unsafe (in module java.base) because module java.base does not export jdk.internal.misc to unnamed module @5f9b2141
15:04:30.093 [main] DEBUG io.netty.util.internal.PlatformDependent0 - java.nio.DirectByteBuffer.<init>(long, int): unavailable
15:04:30.093 [main] DEBUG io.netty.util.internal.PlatformDependent - sun.misc.Unsafe: available
15:04:30.095 [main] DEBUG io.netty.util.internal.PlatformDependent - maxDirectMemory: 4229955584 bytes (maybe)
15:04:30.095 [main] DEBUG io.netty.util.internal.PlatformDependent - -Dio.netty.tmpdir: C:\Users\VIJAYA~1.RAJ\AppData\Local\Temp (java.io.tmpdir)
15:04:30.095 [main] DEBUG io.netty.util.internal.PlatformDependent - -Dio.netty.bitMode: 64 (sun.arch.data.model)
15:04:30.095 [main] DEBUG io.netty.util.internal.PlatformDependent - Platform: Windows
15:04:30.097 [main] DEBUG io.netty.util.internal.PlatformDependent - -Dio.netty.maxDirectMemory: -1 bytes
15:04:30.097 [main] DEBUG io.netty.util.internal.PlatformDependent - -Dio.netty.uninitializedArrayAllocationThreshold: -1
15:04:30.097 [main] DEBUG io.netty.util.internal.CleanerJava9 - java.nio.ByteBuffer.cleaner(): available
15:04:30.097 [main] DEBUG io.netty.util.internal.PlatformDependent - -Dio.netty.noPreferDirect: false
15:04:30.106 [main] DEBUG io.netty.util.internal.PlatformDependent - org.jctools-core.MpscChunkedArrayQueue: available
15:04:30.122 [main] DEBUG io.netty.util.internal.InternalThreadLocalMap - -Dio.netty.threadLocalMap.stringBuilder.initialSize: 1024
15:04:30.122 [main] DEBUG io.netty.util.internal.InternalThreadLocalMap - -Dio.netty.threadLocalMap.stringBuilder.maxSize: 4096
15:04:30.273 [main] DEBUG io.netty.handler.ssl.JdkSslContext - Default protocols (JDK): [TLSv1.3, TLSv1.2] 
15:04:30.273 [main] DEBUG io.netty.handler.ssl.JdkSslContext - Default cipher suites (JDK): [TLS_ECDHE_ECDSA_WITH_AES_256_GCM_SHA384, TLS_ECDHE_ECDSA_WITH_AES_128_GCM_SHA256, TLS_ECDHE_RSA_WITH_AES_128_GCM_SHA256, TLS_ECDHE_RSA_WITH_AES_256_GCM_SHA384, TLS_ECDHE_RSA_WITH_AES_128_CBC_SHA, TLS_ECDHE_RSA_WITH_AES_256_CBC_SHA, TLS_RSA_WITH_AES_128_GCM_SHA256, TLS_RSA_WITH_AES_128_CBC_SHA, TLS_RSA_WITH_AES_256_CBC_SHA, TLS_AES_128_GCM_SHA256, TLS_AES_256_GCM_SHA384]
15:04:30.297 [main] DEBUG io.netty.channel.MultithreadEventLoopGroup - -Dio.netty.eventLoopThreads: 16
15:04:30.306 [main] DEBUG io.netty.channel.nio.NioEventLoop - -Dio.netty.noKeySetOptimization: false
15:04:30.307 [main] DEBUG io.netty.channel.nio.NioEventLoop - -Dio.netty.selectorAutoRebuildThreshold: 512
15:04:30.398 [main] DEBUG io.netty.buffer.PooledByteBufAllocator - -Dio.netty.allocator.numHeapArenas: 16
15:04:30.398 [main] DEBUG io.netty.buffer.PooledByteBufAllocator - -Dio.netty.allocator.numDirectArenas: 16
15:04:30.398 [main] DEBUG io.netty.buffer.PooledByteBufAllocator - -Dio.netty.allocator.pageSize: 8192
15:04:30.398 [main] DEBUG io.netty.buffer.PooledByteBufAllocator - -Dio.netty.allocator.maxOrder: 9
15:04:30.398 [main] DEBUG io.netty.buffer.PooledByteBufAllocator - -Dio.netty.allocator.chunkSize: 4194304
15:04:30.398 [main] DEBUG io.netty.buffer.PooledByteBufAllocator - -Dio.netty.allocator.smallCacheSize: 256
15:04:30.398 [main] DEBUG io.netty.buffer.PooledByteBufAllocator - -Dio.netty.allocator.normalCacheSize: 64
15:04:30.398 [main] DEBUG io.netty.buffer.PooledByteBufAllocator - -Dio.netty.allocator.maxCachedBufferCapacity: 32768
15:04:30.399 [main] DEBUG io.netty.buffer.PooledByteBufAllocator - -Dio.netty.allocator.cacheTrimInterval: 8192
15:04:30.399 [main] DEBUG io.netty.buffer.PooledByteBufAllocator - -Dio.netty.allocator.cacheTrimIntervalMillis: 0
15:04:30.399 [main] DEBUG io.netty.buffer.PooledByteBufAllocator - -Dio.netty.allocator.useCacheForAllThreads: false
15:04:30.399 [main] DEBUG io.netty.buffer.PooledByteBufAllocator - -Dio.netty.allocator.maxCachedByteBuffersPerChunk: 1023
15:04:30.408 [main] DEBUG io.netty.buffer.ByteBufUtil - -Dio.netty.allocator.type: pooled
15:04:30.408 [main] DEBUG io.netty.buffer.ByteBufUtil - -Dio.netty.threadLocalDirectBufferSize: 0
15:04:30.408 [main] DEBUG io.netty.buffer.ByteBufUtil - -Dio.netty.maxThreadLocalCharBufferSize: 16384
15:04:31.580 [Forwarding newSession on session null to remote] DEBUG io.netty.channel.DefaultChannelId - -Dio.netty.processId: 15984 (auto-detected)
15:04:31.582 [Forwarding newSession on session null to remote] DEBUG io.netty.util.NetUtil - -Djava.net.preferIPv4Stack: false
15:04:31.582 [Forwarding newSession on session null to remote] DEBUG io.netty.util.NetUtil - -Djava.net.preferIPv6Addresses: false
15:04:31.595 [Forwarding newSession on session null to remote] DEBUG io.netty.util.NetUtilInitializations - Loopback interface: lo (Software Loopback Interface 1, 127.0.0.1)
15:04:31.596 [Forwarding newSession on session null to remote] DEBUG io.netty.util.NetUtil - Failed to get SOMAXCONN from sysctl and file \proc\sys\net\core\somaxconn. Default: 200
15:04:31.624 [Forwarding newSession on session null to remote] DEBUG io.netty.channel.DefaultChannelId - -Dio.netty.machineId: ac:82:47:ff:fe:d5:f3:27 (auto-detected)
15:04:31.675 [AsyncHttpClient-1-2] DEBUG io.netty.buffer.AbstractByteBuf - -Dio.netty.buffer.checkAccessible: true
15:04:31.675 [AsyncHttpClient-1-2] DEBUG io.netty.buffer.AbstractByteBuf - -Dio.netty.buffer.checkBounds: true
15:04:31.675 [AsyncHttpClient-1-2] DEBUG io.netty.util.ResourceLeakDetectorFactory - Loaded default ResourceLeakDetector: io.netty.util.ResourceLeakDetector@45373eb3
15:04:31.687 [AsyncHttpClient-1-2] DEBUG org.asynchttpclient.netty.channel.NettyConnectListener - Using new Channel '[id: 0x45787a95, L:/127.0.0.1:64534 - R:localhost/127.0.0.1:5948]' for 'POST' to '/session'
15:04:31.702 [AsyncHttpClient-1-2] DEBUG io.netty.util.Recycler - -Dio.netty.recycler.maxCapacityPerThread: 4096
15:04:31.702 [AsyncHttpClient-1-2] DEBUG io.netty.util.Recycler - -Dio.netty.recycler.ratio: 8
15:04:31.702 [AsyncHttpClient-1-2] DEBUG io.netty.util.Recycler - -Dio.netty.recycler.chunkSize: 32
15:04:31.702 [AsyncHttpClient-1-2] DEBUG io.netty.util.Recycler - -Dio.netty.recycler.blocking: false
15:04:32.657 [AsyncHttpClient-1-2] DEBUG io.netty.handler.codec.compression.Brotli - brotli4j not in the classpath; Brotli support will be unavailable.
15:04:32.657 [AsyncHttpClient-1-2] DEBUG org.asynchttpclient.netty.handler.HttpHandler - 

Request DefaultHttpRequest(decodeResult: success, version: HTTP/1.1)
POST /session HTTP/1.1
User-Agent: selenium/4.8.1 (java windows)
Content-Length: 507
Content-Type: application/json; charset=utf-8
host: localhost:5948
accept: */*

Response DefaultHttpResponse(decodeResult: success, version: HTTP/1.1)
HTTP/1.1 200 OK
Content-Length: 866
Content-Type: application/json; charset=utf-8
cache-control: no-cache

15:04:32.666 [AsyncHttpClient-1-2] DEBUG org.asynchttpclient.netty.channel.ChannelManager - Adding key: http://localhost:5948 for channel [id: 0x45787a95, L:/127.0.0.1:64534 - R:localhost/127.0.0.1:5948]
15:04:32.721 [AsyncHttpClient-1-3] DEBUG org.asynchttpclient.netty.channel.NettyConnectListener - Using new Channel '[id: 0x4d28e212, L:/127.0.0.1:64541 - R:localhost/127.0.0.1:64535]' for 'GET' to '/json/version'
15:04:32.725 [AsyncHttpClient-1-3] DEBUG org.asynchttpclient.netty.handler.HttpHandler - 

Request DefaultFullHttpRequest(decodeResult: success, version: HTTP/1.1, content: EmptyByteBufBE)
GET /json/version HTTP/1.1
User-Agent: selenium/4.8.1 (java windows)
host: localhost:64535
accept: */*

Response DefaultHttpResponse(decodeResult: success, version: HTTP/1.1)
HTTP/1.1 200 OK
Content-Security-Policy: frame-ancestors 'none'
Content-Length: 424
Content-Type: application/json; charset=UTF-8

15:04:32.725 [AsyncHttpClient-1-3] DEBUG org.asynchttpclient.netty.channel.ChannelManager - Adding key: http://localhost:64535 for channel [id: 0x4d28e212, L:/127.0.0.1:64541 - R:localhost/127.0.0.1:64535]
15:04:32.734 [main] DEBUG io.netty.util.internal.ThreadLocalRandom - -Dio.netty.initialSeedUniquifier: 0x5432c0168f851dac
15:04:32.737 [AsyncHttpClient-1-4] DEBUG org.asynchttpclient.netty.channel.NettyConnectListener - Using new Channel '[id: 0xc36b3932, L:/127.0.0.1:64543 - R:localhost/127.0.0.1:64535]' for 'GET' to '/devtools/browser/211b97f6-ca9e-4b10-9b8e-902fb469845c'
15:04:32.741 [AsyncHttpClient-1-4] DEBUG org.asynchttpclient.netty.handler.WebSocketHandler - 

Request DefaultFullHttpRequest(decodeResult: success, version: HTTP/1.1, content: EmptyByteBufBE)
GET /devtools/browser/211b97f6-ca9e-4b10-9b8e-902fb469845c HTTP/1.1
upgrade: websocket
connection: upgrade
sec-websocket-key: KZcoLFoX6/Iz8FYhCdtbNw==
sec-websocket-version: 13
origin: http://localhost:64535
host: localhost:64535
accept: */*
user-agent: AHC/2.1

Response DefaultHttpResponse(decodeResult: success, version: HTTP/1.1)
HTTP/1.1 101 WebSocket Protocol Handshake
Upgrade: WebSocket
Connection: Upgrade
Sec-WebSocket-Accept: cfmawVm0N/UsjcoAswEauPdNZ0M=

15:04:32.837 [Forwarding get on session 63219ae15ab369f44e83d8ce98356a18 to remote] DEBUG org.asynchttpclient.netty.request.NettyRequestSender - Using pooled Channel '[id: 0x45787a95, L:/127.0.0.1:64534 - R:localhost/127.0.0.1:5948]' for 'POST' to 'http://localhost:5948/session/63219ae15ab369f44e83d8ce98356a18/url'
15:04:32.837 [Forwarding get on session 63219ae15ab369f44e83d8ce98356a18 to remote] DEBUG org.asynchttpclient.netty.request.NettyRequestSender - Using open Channel [id: 0x45787a95, L:/127.0.0.1:64534 - R:localhost/127.0.0.1:5948] for POST '/session/63219ae15ab369f44e83d8ce98356a18/url'
15:04:33.513 [AsyncHttpClient-1-1] DEBUG org.asynchttpclient.netty.channel.DefaultChannelPool - Entry count for : http://localhost:64535 : 1
15:04:34.611 [AsyncHttpClient-1-1] DEBUG org.asynchttpclient.netty.channel.DefaultChannelPool - Entry count for : http://localhost:64535 : 1
15:04:35.711 [AsyncHttpClient-1-1] DEBUG org.asynchttpclient.netty.channel.DefaultChannelPool - Entry count for : http://localhost:64535 : 1
15:04:36.811 [AsyncHttpClient-1-1] DEBUG org.asynchttpclient.netty.channel.DefaultChannelPool - Entry count for : http://localhost:64535 : 1
15:04:37.911 [AsyncHttpClient-1-1] DEBUG org.asynchttpclient.netty.channel.DefaultChannelPool - Entry count for : http://localhost:64535 : 1
15:04:39.012 [AsyncHttpClient-1-1] DEBUG org.asynchttpclient.netty.channel.DefaultChannelPool - Entry count for : http://localhost:64535 : 1
15:04:40.111 [AsyncHttpClient-1-1] DEBUG org.asynchttpclient.netty.channel.DefaultChannelPool - Entry count for : http://localhost:64535 : 1
15:04:40.713 [AsyncHttpClient-1-2] DEBUG org.asynchttpclient.netty.handler.HttpHandler - 

Request DefaultHttpRequest(decodeResult: success, version: HTTP/1.1)
POST /session/63219ae15ab369f44e83d8ce98356a18/url HTTP/1.1
User-Agent: selenium/4.8.1 (java windows)
Content-Length: 72
Content-Type: application/json; charset=utf-8
host: localhost:5948
accept: */*

Response DefaultHttpResponse(decodeResult: success, version: HTTP/1.1)
HTTP/1.1 200 OK
Content-Length: 14
Content-Type: application/json; charset=utf-8
cache-control: no-cache

15:04:40.714 [AsyncHttpClient-1-2] DEBUG org.asynchttpclient.netty.channel.ChannelManager - Adding key: http://localhost:5948 for channel [id: 0x45787a95, L:/127.0.0.1:64534 - R:localhost/127.0.0.1:5948]
15:04:40.720 [Forwarding setTimeout on session 63219ae15ab369f44e83d8ce98356a18 to remote] DEBUG org.asynchttpclient.netty.request.NettyRequestSender - Using pooled Channel '[id: 0x45787a95, L:/127.0.0.1:64534 - R:localhost/127.0.0.1:5948]' for 'POST' to 'http://localhost:5948/session/63219ae15ab369f44e83d8ce98356a18/timeouts'
15:04:40.720 [Forwarding setTimeout on session 63219ae15ab369f44e83d8ce98356a18 to remote] DEBUG org.asynchttpclient.netty.request.NettyRequestSender - Using open Channel [id: 0x45787a95, L:/127.0.0.1:64534 - R:localhost/127.0.0.1:5948] for POST '/session/63219ae15ab369f44e83d8ce98356a18/timeouts'
15:04:40.723 [AsyncHttpClient-1-2] DEBUG org.asynchttpclient.netty.handler.HttpHandler - 

Request DefaultHttpRequest(decodeResult: success, version: HTTP/1.1)
POST /session/63219ae15ab369f44e83d8ce98356a18/timeouts HTTP/1.1
User-Agent: selenium/4.8.1 (java windows)
Content-Length: 22
Content-Type: application/json; charset=utf-8
host: localhost:5948
accept: */*

Response DefaultHttpResponse(decodeResult: success, version: HTTP/1.1)
HTTP/1.1 200 OK
Content-Length: 14
Content-Type: application/json; charset=utf-8
cache-control: no-cache

15:04:40.724 [AsyncHttpClient-1-2] DEBUG org.asynchttpclient.netty.channel.ChannelManager - Adding key: http://localhost:5948 for channel [id: 0x45787a95, L:/127.0.0.1:64534 - R:localhost/127.0.0.1:5948]
User in the correct page
  Given User is on Home page             # stepdefinitions.LoginOrangeTest.user_is_on_home_page()
15:04:40.780 [main] DEBUG net.serenitybdd.core.photography.Darkroom - Opening darkroom
15:04:40.782 [Darkroom Processing Line] DEBUG net.serenitybdd.core.photography.DarkroomProcessingLine - Darkroom processing line starting up
15:04:40.805 [Forwarding getAlertText on session 63219ae15ab369f44e83d8ce98356a18 to remote] DEBUG org.asynchttpclient.netty.request.NettyRequestSender - Using pooled Channel '[id: 0x45787a95, L:/127.0.0.1:64534 - R:localhost/127.0.0.1:5948]' for 'GET' to 'http://localhost:5948/session/63219ae15ab369f44e83d8ce98356a18/alert/text'
15:04:40.805 [Forwarding getAlertText on session 63219ae15ab369f44e83d8ce98356a18 to remote] DEBUG org.asynchttpclient.netty.request.NettyRequestSender - Using open Channel [id: 0x45787a95, L:/127.0.0.1:64534 - R:localhost/127.0.0.1:5948] for GET '/session/63219ae15ab369f44e83d8ce98356a18/alert/text'
15:04:40.811 [AsyncHttpClient-1-2] DEBUG org.asynchttpclient.netty.handler.HttpHandler - 

Request DefaultFullHttpRequest(decodeResult: success, version: HTTP/1.1, content: EmptyByteBufBE)
GET /session/63219ae15ab369f44e83d8ce98356a18/alert/text HTTP/1.1
User-Agent: selenium/4.8.1 (java windows)
Cache-Control: no-cache
Content-Type: application/json; charset=utf-8
host: localhost:5948
accept: */*

Response DefaultHttpResponse(decodeResult: success, version: HTTP/1.1)
HTTP/1.1 404 Not Found
Content-Length: 816
Content-Type: application/json; charset=utf-8
cache-control: no-cache

15:04:40.811 [AsyncHttpClient-1-2] DEBUG org.asynchttpclient.netty.channel.ChannelManager - Adding key: http://localhost:5948 for channel [id: 0x45787a95, L:/127.0.0.1:64534 - R:localhost/127.0.0.1:5948]
15:04:40.821 [Forwarding getCurrentUrl on session 63219ae15ab369f44e83d8ce98356a18 to remote] DEBUG org.asynchttpclient.netty.request.NettyRequestSender - Using pooled Channel '[id: 0x45787a95, L:/127.0.0.1:64534 - R:localhost/127.0.0.1:5948]' for 'GET' to 'http://localhost:5948/session/63219ae15ab369f44e83d8ce98356a18/url'
15:04:40.822 [Forwarding getCurrentUrl on session 63219ae15ab369f44e83d8ce98356a18 to remote] DEBUG org.asynchttpclient.netty.request.NettyRequestSender - Using open Channel [id: 0x45787a95, L:/127.0.0.1:64534 - R:localhost/127.0.0.1:5948] for GET '/session/63219ae15ab369f44e83d8ce98356a18/url'
15:04:40.834 [AsyncHttpClient-1-2] DEBUG org.asynchttpclient.netty.handler.HttpHandler - 

Request DefaultFullHttpRequest(decodeResult: success, version: HTTP/1.1, content: EmptyByteBufBE)
GET /session/63219ae15ab369f44e83d8ce98356a18/url HTTP/1.1
User-Agent: selenium/4.8.1 (java windows)
Cache-Control: no-cache
Content-Type: application/json; charset=utf-8
host: localhost:5948
accept: */*

Response DefaultHttpResponse(decodeResult: success, version: HTTP/1.1)
HTTP/1.1 200 OK
Content-Length: 78
Content-Type: application/json; charset=utf-8
cache-control: no-cache

15:04:40.835 [AsyncHttpClient-1-2] DEBUG org.asynchttpclient.netty.channel.ChannelManager - Adding key: http://localhost:5948 for channel [id: 0x45787a95, L:/127.0.0.1:64534 - R:localhost/127.0.0.1:5948]
15:04:40.840 [Forwarding screenshot on session 63219ae15ab369f44e83d8ce98356a18 to remote] DEBUG org.asynchttpclient.netty.request.NettyRequestSender - Using pooled Channel '[id: 0x45787a95, L:/127.0.0.1:64534 - R:localhost/127.0.0.1:5948]' for 'GET' to 'http://localhost:5948/session/63219ae15ab369f44e83d8ce98356a18/screenshot'
15:04:40.840 [Forwarding screenshot on session 63219ae15ab369f44e83d8ce98356a18 to remote] DEBUG org.asynchttpclient.netty.request.NettyRequestSender - Using open Channel [id: 0x45787a95, L:/127.0.0.1:64534 - R:localhost/127.0.0.1:5948] for GET '/session/63219ae15ab369f44e83d8ce98356a18/screenshot'
15:04:41.000 [AsyncHttpClient-1-2] DEBUG org.asynchttpclient.netty.handler.HttpHandler - 

Request DefaultFullHttpRequest(decodeResult: success, version: HTTP/1.1, content: EmptyByteBufBE)
GET /session/63219ae15ab369f44e83d8ce98356a18/screenshot HTTP/1.1
User-Agent: selenium/4.8.1 (java windows)
Cache-Control: no-cache
Content-Type: application/json; charset=utf-8
host: localhost:5948
accept: */*

Response DefaultHttpResponse(decodeResult: success, version: HTTP/1.1)
HTTP/1.1 200 OK
Content-Length: 8604
Content-Type: application/json; charset=utf-8
cache-control: no-cache

15:04:41.001 [AsyncHttpClient-1-2] DEBUG org.asynchttpclient.netty.channel.ChannelManager - Adding key: http://localhost:5948 for channel [id: 0x45787a95, L:/127.0.0.1:64534 - R:localhost/127.0.0.1:5948]
15:04:41.146 [main] DEBUG net.serenitybdd.core.photography.Darkroom - Send negative for processing for target\site\serenity\e2aedbb90ffd4b658d8efb97c378dca08967f9dcfbb77a9593c93c2f2845deac.png
15:04:41.150 [Darkroom Processing Line] DEBUG net.serenitybdd.core.photography.DarkroomProcessingLine - Processing screenshot image in /var/screenshots/screenshot-15459836218258494673
15:04:41.150 [Darkroom Processing Line] DEBUG net.serenitybdd.core.photography.DarkroomProcessingLine - Saving screenshot to target\site\serenity\e2aedbb90ffd4b658d8efb97c378dca08967f9dcfbb77a9593c93c2f2845deac.png
15:04:41.173 [Forwarding getPageSource on session 63219ae15ab369f44e83d8ce98356a18 to remote] DEBUG org.asynchttpclient.netty.request.NettyRequestSender - Using pooled Channel '[id: 0x45787a95, L:/127.0.0.1:64534 - R:localhost/127.0.0.1:5948]' for 'POST' to 'http://localhost:5948/session/63219ae15ab369f44e83d8ce98356a18/execute/sync'
15:04:41.173 [Forwarding getPageSource on session 63219ae15ab369f44e83d8ce98356a18 to remote] DEBUG org.asynchttpclient.netty.request.NettyRequestSender - Using open Channel [id: 0x45787a95, L:/127.0.0.1:64534 - R:localhost/127.0.0.1:5948] for POST '/session/63219ae15ab369f44e83d8ce98356a18/execute/sync'
15:04:41.186 [AsyncHttpClient-1-2] DEBUG org.asynchttpclient.netty.handler.HttpHandler - 

Request DefaultHttpRequest(decodeResult: success, version: HTTP/1.1)
POST /session/63219ae15ab369f44e83d8ce98356a18/execute/sync HTTP/1.1
User-Agent: selenium/4.8.1 (java windows)
Content-Length: 176
Content-Type: application/json; charset=utf-8
host: localhost:5948
accept: */*

Response DefaultHttpResponse(decodeResult: success, version: HTTP/1.1)
HTTP/1.1 200 OK
Content-Length: 3659
Content-Type: application/json; charset=utf-8
cache-control: no-cache

15:04:41.187 [AsyncHttpClient-1-2] DEBUG org.asynchttpclient.netty.channel.ChannelManager - Adding key: http://localhost:5948 for channel [id: 0x45787a95, L:/127.0.0.1:64534 - R:localhost/127.0.0.1:5948]
15:04:41.211 [AsyncHttpClient-1-1] DEBUG org.asynchttpclient.netty.channel.DefaultChannelPool - Entry count for : http://localhost:64535 : 1
15:04:41.211 [AsyncHttpClient-1-1] DEBUG org.asynchttpclient.netty.channel.DefaultChannelPool - Entry count for : http://localhost:5948 : 1
15:04:41.307 [Forwarding getCurrentUrl on session 63219ae15ab369f44e83d8ce98356a18 to remote] DEBUG org.asynchttpclient.netty.request.NettyRequestSender - Using pooled Channel '[id: 0x45787a95, L:/127.0.0.1:64534 - R:localhost/127.0.0.1:5948]' for 'GET' to 'http://localhost:5948/session/63219ae15ab369f44e83d8ce98356a18/url'
15:04:41.307 [Forwarding getCurrentUrl on session 63219ae15ab369f44e83d8ce98356a18 to remote] DEBUG org.asynchttpclient.netty.request.NettyRequestSender - Using open Channel [id: 0x45787a95, L:/127.0.0.1:64534 - R:localhost/127.0.0.1:5948] for GET '/session/63219ae15ab369f44e83d8ce98356a18/url'
15:04:41.319 [AsyncHttpClient-1-2] DEBUG org.asynchttpclient.netty.handler.HttpHandler - 

Request DefaultFullHttpRequest(decodeResult: success, version: HTTP/1.1, content: EmptyByteBufBE)
GET /session/63219ae15ab369f44e83d8ce98356a18/url HTTP/1.1
User-Agent: selenium/4.8.1 (java windows)
Cache-Control: no-cache
Content-Type: application/json; charset=utf-8
host: localhost:5948
accept: */*

Response DefaultHttpResponse(decodeResult: success, version: HTTP/1.1)
HTTP/1.1 200 OK
Content-Length: 78
Content-Type: application/json; charset=utf-8
cache-control: no-cache

15:04:41.320 [AsyncHttpClient-1-2] DEBUG org.asynchttpclient.netty.channel.ChannelManager - Adding key: http://localhost:5948 for channel [id: 0x45787a95, L:/127.0.0.1:64534 - R:localhost/127.0.0.1:5948]
15:04:41.388 [Forwarding getAlertText on session 63219ae15ab369f44e83d8ce98356a18 to remote] DEBUG org.asynchttpclient.netty.request.NettyRequestSender - Using pooled Channel '[id: 0x45787a95, L:/127.0.0.1:64534 - R:localhost/127.0.0.1:5948]' for 'GET' to 'http://localhost:5948/session/63219ae15ab369f44e83d8ce98356a18/alert/text'
15:04:41.388 [Forwarding getAlertText on session 63219ae15ab369f44e83d8ce98356a18 to remote] DEBUG org.asynchttpclient.netty.request.NettyRequestSender - Using open Channel [id: 0x45787a95, L:/127.0.0.1:64534 - R:localhost/127.0.0.1:5948] for GET '/session/63219ae15ab369f44e83d8ce98356a18/alert/text'
15:04:41.394 [AsyncHttpClient-1-2] DEBUG org.asynchttpclient.netty.handler.HttpHandler - 

Request DefaultFullHttpRequest(decodeResult: success, version: HTTP/1.1, content: EmptyByteBufBE)
GET /session/63219ae15ab369f44e83d8ce98356a18/alert/text HTTP/1.1
User-Agent: selenium/4.8.1 (java windows)
Cache-Control: no-cache
Content-Type: application/json; charset=utf-8
host: localhost:5948
accept: */*

Response DefaultHttpResponse(decodeResult: success, version: HTTP/1.1)
HTTP/1.1 404 Not Found
Content-Length: 816
Content-Type: application/json; charset=utf-8
cache-control: no-cache

15:04:41.394 [AsyncHttpClient-1-2] DEBUG org.asynchttpclient.netty.channel.ChannelManager - Adding key: http://localhost:5948 for channel [id: 0x45787a95, L:/127.0.0.1:64534 - R:localhost/127.0.0.1:5948]
15:04:41.398 [Forwarding getCurrentUrl on session 63219ae15ab369f44e83d8ce98356a18 to remote] DEBUG org.asynchttpclient.netty.request.NettyRequestSender - Using pooled Channel '[id: 0x45787a95, L:/127.0.0.1:64534 - R:localhost/127.0.0.1:5948]' for 'GET' to 'http://localhost:5948/session/63219ae15ab369f44e83d8ce98356a18/url'
15:04:41.398 [Forwarding getCurrentUrl on session 63219ae15ab369f44e83d8ce98356a18 to remote] DEBUG org.asynchttpclient.netty.request.NettyRequestSender - Using open Channel [id: 0x45787a95, L:/127.0.0.1:64534 - R:localhost/127.0.0.1:5948] for GET '/session/63219ae15ab369f44e83d8ce98356a18/url'
15:04:41.411 [AsyncHttpClient-1-2] DEBUG org.asynchttpclient.netty.handler.HttpHandler - 

Request DefaultFullHttpRequest(decodeResult: success, version: HTTP/1.1, content: EmptyByteBufBE)
GET /session/63219ae15ab369f44e83d8ce98356a18/url HTTP/1.1
User-Agent: selenium/4.8.1 (java windows)
Cache-Control: no-cache
Content-Type: application/json; charset=utf-8
host: localhost:5948
accept: */*

Response DefaultHttpResponse(decodeResult: success, version: HTTP/1.1)
HTTP/1.1 200 OK
Content-Length: 78
Content-Type: application/json; charset=utf-8
cache-control: no-cache

15:04:41.411 [AsyncHttpClient-1-2] DEBUG org.asynchttpclient.netty.channel.ChannelManager - Adding key: http://localhost:5948 for channel [id: 0x45787a95, L:/127.0.0.1:64534 - R:localhost/127.0.0.1:5948]
15:04:41.416 [Forwarding screenshot on session 63219ae15ab369f44e83d8ce98356a18 to remote] DEBUG org.asynchttpclient.netty.request.NettyRequestSender - Using pooled Channel '[id: 0x45787a95, L:/127.0.0.1:64534 - R:localhost/127.0.0.1:5948]' for 'GET' to 'http://localhost:5948/session/63219ae15ab369f44e83d8ce98356a18/screenshot'
15:04:41.417 [Forwarding screenshot on session 63219ae15ab369f44e83d8ce98356a18 to remote] DEBUG org.asynchttpclient.netty.request.NettyRequestSender - Using open Channel [id: 0x45787a95, L:/127.0.0.1:64534 - R:localhost/127.0.0.1:5948] for GET '/session/63219ae15ab369f44e83d8ce98356a18/screenshot'
15:04:41.563 [AsyncHttpClient-1-2] DEBUG org.asynchttpclient.netty.handler.HttpHandler - 

Request DefaultFullHttpRequest(decodeResult: success, version: HTTP/1.1, content: EmptyByteBufBE)
GET /session/63219ae15ab369f44e83d8ce98356a18/screenshot HTTP/1.1
User-Agent: selenium/4.8.1 (java windows)
Cache-Control: no-cache
Content-Type: application/json; charset=utf-8
host: localhost:5948
accept: */*

Response DefaultHttpResponse(decodeResult: success, version: HTTP/1.1)
HTTP/1.1 200 OK
Content-Length: 8604
Content-Type: application/json; charset=utf-8
cache-control: no-cache

15:04:41.563 [AsyncHttpClient-1-2] DEBUG org.asynchttpclient.netty.channel.ChannelManager - Adding key: http://localhost:5948 for channel [id: 0x45787a95, L:/127.0.0.1:64534 - R:localhost/127.0.0.1:5948]
15:04:41.568 [main] DEBUG net.serenitybdd.core.photography.Darkroom - Send negative for processing for target\site\serenity\e2aedbb90ffd4b658d8efb97c378dca08967f9dcfbb77a9593c93c2f2845deac.png
15:04:41.572 [Forwarding getPageSource on session 63219ae15ab369f44e83d8ce98356a18 to remote] DEBUG org.asynchttpclient.netty.request.NettyRequestSender - Using pooled Channel '[id: 0x45787a95, L:/127.0.0.1:64534 - R:localhost/127.0.0.1:5948]' for 'POST' to 'http://localhost:5948/session/63219ae15ab369f44e83d8ce98356a18/execute/sync'
15:04:41.572 [Forwarding getPageSource on session 63219ae15ab369f44e83d8ce98356a18 to remote] DEBUG org.asynchttpclient.netty.request.NettyRequestSender - Using open Channel [id: 0x45787a95, L:/127.0.0.1:64534 - R:localhost/127.0.0.1:5948] for POST '/session/63219ae15ab369f44e83d8ce98356a18/execute/sync'
15:04:41.586 [AsyncHttpClient-1-2] DEBUG org.asynchttpclient.netty.handler.HttpHandler - 

Request DefaultHttpRequest(decodeResult: success, version: HTTP/1.1)
POST /session/63219ae15ab369f44e83d8ce98356a18/execute/sync HTTP/1.1
User-Agent: selenium/4.8.1 (java windows)
Content-Length: 176
Content-Type: application/json; charset=utf-8
host: localhost:5948
accept: */*

Response DefaultHttpResponse(decodeResult: success, version: HTTP/1.1)
HTTP/1.1 200 OK
Content-Length: 3659
Content-Type: application/json; charset=utf-8
cache-control: no-cache

15:04:41.587 [AsyncHttpClient-1-2] DEBUG org.asynchttpclient.netty.channel.ChannelManager - Adding key: http://localhost:5948 for channel [id: 0x45787a95, L:/127.0.0.1:64534 - R:localhost/127.0.0.1:5948]
15:04:41.597 [Forwarding getCurrentUrl on session 63219ae15ab369f44e83d8ce98356a18 to remote] DEBUG org.asynchttpclient.netty.request.NettyRequestSender - Using pooled Channel '[id: 0x45787a95, L:/127.0.0.1:64534 - R:localhost/127.0.0.1:5948]' for 'GET' to 'http://localhost:5948/session/63219ae15ab369f44e83d8ce98356a18/url'
15:04:41.597 [Forwarding getCurrentUrl on session 63219ae15ab369f44e83d8ce98356a18 to remote] DEBUG org.asynchttpclient.netty.request.NettyRequestSender - Using open Channel [id: 0x45787a95, L:/127.0.0.1:64534 - R:localhost/127.0.0.1:5948] for GET '/session/63219ae15ab369f44e83d8ce98356a18/url'
15:04:41.608 [AsyncHttpClient-1-2] DEBUG org.asynchttpclient.netty.handler.HttpHandler - 

Request DefaultFullHttpRequest(decodeResult: success, version: HTTP/1.1, content: EmptyByteBufBE)
GET /session/63219ae15ab369f44e83d8ce98356a18/url HTTP/1.1
User-Agent: selenium/4.8.1 (java windows)
Cache-Control: no-cache
Content-Type: application/json; charset=utf-8
host: localhost:5948
accept: */*

Response DefaultHttpResponse(decodeResult: success, version: HTTP/1.1)
HTTP/1.1 200 OK
Content-Length: 78
Content-Type: application/json; charset=utf-8
cache-control: no-cache

15:04:41.608 [AsyncHttpClient-1-2] DEBUG org.asynchttpclient.netty.channel.ChannelManager - Adding key: http://localhost:5948 for channel [id: 0x45787a95, L:/127.0.0.1:64534 - R:localhost/127.0.0.1:5948]
15:04:41.624 [main] DEBUG net.thucydides.core.steps.StepInterceptor - STARTING STEP: LoginOrangeTest.user_enters_username_as - Enter Username
15:04:41.645 [Forwarding findElement on session 63219ae15ab369f44e83d8ce98356a18 to remote] DEBUG org.asynchttpclient.netty.request.NettyRequestSender - Using pooled Channel '[id: 0x45787a95, L:/127.0.0.1:64534 - R:localhost/127.0.0.1:5948]' for 'POST' to 'http://localhost:5948/session/63219ae15ab369f44e83d8ce98356a18/element'
15:04:41.645 [Forwarding findElement on session 63219ae15ab369f44e83d8ce98356a18 to remote] DEBUG org.asynchttpclient.netty.request.NettyRequestSender - Using open Channel [id: 0x45787a95, L:/127.0.0.1:64534 - R:localhost/127.0.0.1:5948] for POST '/session/63219ae15ab369f44e83d8ce98356a18/element'
15:04:42.151 [AsyncHttpClient-1-2] DEBUG org.asynchttpclient.netty.handler.HttpHandler - 

Request DefaultHttpRequest(decodeResult: success, version: HTTP/1.1)
POST /session/63219ae15ab369f44e83d8ce98356a18/element HTTP/1.1
User-Agent: selenium/4.8.1 (java windows)
Content-Length: 62
Content-Type: application/json; charset=utf-8
host: localhost:5948
accept: */*

Response DefaultHttpResponse(decodeResult: success, version: HTTP/1.1)
HTTP/1.1 200 OK
Content-Length: 88
Content-Type: application/json; charset=utf-8
cache-control: no-cache

15:04:42.151 [AsyncHttpClient-1-2] DEBUG org.asynchttpclient.netty.channel.ChannelManager - Adding key: http://localhost:5948 for channel [id: 0x45787a95, L:/127.0.0.1:64534 - R:localhost/127.0.0.1:5948]
15:04:42.156 [Forwarding sendKeysToElement on session 63219ae15ab369f44e83d8ce98356a18 to remote] DEBUG org.asynchttpclient.netty.request.NettyRequestSender - Using pooled Channel '[id: 0x45787a95, L:/127.0.0.1:64534 - R:localhost/127.0.0.1:5948]' for 'POST' to 'http://localhost:5948/session/63219ae15ab369f44e83d8ce98356a18/element/85fe5ac6-6d73-42e3-8504-591cfd9bbcdb/value'
15:04:42.156 [Forwarding sendKeysToElement on session 63219ae15ab369f44e83d8ce98356a18 to remote] DEBUG org.asynchttpclient.netty.request.NettyRequestSender - Using open Channel [id: 0x45787a95, L:/127.0.0.1:64534 - R:localhost/127.0.0.1:5948] for POST '/session/63219ae15ab369f44e83d8ce98356a18/element/85fe5ac6-6d73-42e3-8504-591cfd9bbcdb/value'
15:04:42.201 [AsyncHttpClient-1-2] DEBUG org.asynchttpclient.netty.handler.HttpHandler - 

Request DefaultHttpRequest(decodeResult: success, version: HTTP/1.1)
POST /session/63219ae15ab369f44e83d8ce98356a18/element/85fe5ac6-6d73-42e3-8504-591cfd9bbcdb/value HTTP/1.1
User-Agent: selenium/4.8.1 (java windows)
Content-Length: 131
Content-Type: application/json; charset=utf-8
host: localhost:5948
accept: */*

Response DefaultHttpResponse(decodeResult: success, version: HTTP/1.1)
HTTP/1.1 200 OK
Content-Length: 14
Content-Type: application/json; charset=utf-8
cache-control: no-cache

15:04:42.201 [AsyncHttpClient-1-2] DEBUG org.asynchttpclient.netty.channel.ChannelManager - Adding key: http://localhost:5948 for channel [id: 0x45787a95, L:/127.0.0.1:64534 - R:localhost/127.0.0.1:5948]
15:04:42.209 [Forwarding getAlertText on session 63219ae15ab369f44e83d8ce98356a18 to remote] DEBUG org.asynchttpclient.netty.request.NettyRequestSender - Using pooled Channel '[id: 0x45787a95, L:/127.0.0.1:64534 - R:localhost/127.0.0.1:5948]' for 'GET' to 'http://localhost:5948/session/63219ae15ab369f44e83d8ce98356a18/alert/text'
15:04:42.210 [Forwarding getAlertText on session 63219ae15ab369f44e83d8ce98356a18 to remote] DEBUG org.asynchttpclient.netty.request.NettyRequestSender - Using open Channel [id: 0x45787a95, L:/127.0.0.1:64534 - R:localhost/127.0.0.1:5948] for GET '/session/63219ae15ab369f44e83d8ce98356a18/alert/text'
15:04:42.213 [AsyncHttpClient-1-2] DEBUG org.asynchttpclient.netty.handler.HttpHandler - 

Request DefaultFullHttpRequest(decodeResult: success, version: HTTP/1.1, content: EmptyByteBufBE)
GET /session/63219ae15ab369f44e83d8ce98356a18/alert/text HTTP/1.1
User-Agent: selenium/4.8.1 (java windows)
Cache-Control: no-cache
Content-Type: application/json; charset=utf-8
host: localhost:5948
accept: */*

Response DefaultHttpResponse(decodeResult: success, version: HTTP/1.1)
HTTP/1.1 404 Not Found
Content-Length: 816
Content-Type: application/json; charset=utf-8
cache-control: no-cache

15:04:42.213 [AsyncHttpClient-1-2] DEBUG org.asynchttpclient.netty.channel.ChannelManager - Adding key: http://localhost:5948 for channel [id: 0x45787a95, L:/127.0.0.1:64534 - R:localhost/127.0.0.1:5948]
15:04:42.215 [Forwarding getCurrentUrl on session 63219ae15ab369f44e83d8ce98356a18 to remote] DEBUG org.asynchttpclient.netty.request.NettyRequestSender - Using pooled Channel '[id: 0x45787a95, L:/127.0.0.1:64534 - R:localhost/127.0.0.1:5948]' for 'GET' to 'http://localhost:5948/session/63219ae15ab369f44e83d8ce98356a18/url'
15:04:42.215 [Forwarding getCurrentUrl on session 63219ae15ab369f44e83d8ce98356a18 to remote] DEBUG org.asynchttpclient.netty.request.NettyRequestSender - Using open Channel [id: 0x45787a95, L:/127.0.0.1:64534 - R:localhost/127.0.0.1:5948] for GET '/session/63219ae15ab369f44e83d8ce98356a18/url'
15:04:42.221 [AsyncHttpClient-1-2] DEBUG org.asynchttpclient.netty.handler.HttpHandler - 

Request DefaultFullHttpRequest(decodeResult: success, version: HTTP/1.1, content: EmptyByteBufBE)
GET /session/63219ae15ab369f44e83d8ce98356a18/url HTTP/1.1
User-Agent: selenium/4.8.1 (java windows)
Cache-Control: no-cache
Content-Type: application/json; charset=utf-8
host: localhost:5948
accept: */*

Response DefaultHttpResponse(decodeResult: success, version: HTTP/1.1)
HTTP/1.1 200 OK
Content-Length: 78
Content-Type: application/json; charset=utf-8
cache-control: no-cache

15:04:42.222 [AsyncHttpClient-1-2] DEBUG org.asynchttpclient.netty.channel.ChannelManager - Adding key: http://localhost:5948 for channel [id: 0x45787a95, L:/127.0.0.1:64534 - R:localhost/127.0.0.1:5948]
15:04:42.223 [Forwarding screenshot on session 63219ae15ab369f44e83d8ce98356a18 to remote] DEBUG org.asynchttpclient.netty.request.NettyRequestSender - Using pooled Channel '[id: 0x45787a95, L:/127.0.0.1:64534 - R:localhost/127.0.0.1:5948]' for 'GET' to 'http://localhost:5948/session/63219ae15ab369f44e83d8ce98356a18/screenshot'
15:04:42.223 [Forwarding screenshot on session 63219ae15ab369f44e83d8ce98356a18 to remote] DEBUG org.asynchttpclient.netty.request.NettyRequestSender - Using open Channel [id: 0x45787a95, L:/127.0.0.1:64534 - R:localhost/127.0.0.1:5948] for GET '/session/63219ae15ab369f44e83d8ce98356a18/screenshot'
15:04:42.314 [AsyncHttpClient-1-1] DEBUG org.asynchttpclient.netty.channel.DefaultChannelPool - Entry count for : http://localhost:64535 : 1
15:04:42.490 [AsyncHttpClient-1-2] DEBUG org.asynchttpclient.netty.handler.HttpHandler - 

Request DefaultFullHttpRequest(decodeResult: success, version: HTTP/1.1, content: EmptyByteBufBE)
GET /session/63219ae15ab369f44e83d8ce98356a18/screenshot HTTP/1.1
User-Agent: selenium/4.8.1 (java windows)
Cache-Control: no-cache
Content-Type: application/json; charset=utf-8
host: localhost:5948
accept: */*

Response DefaultHttpResponse(decodeResult: success, version: HTTP/1.1)
HTTP/1.1 200 OK
Content-Length: 51056
Content-Type: application/json; charset=utf-8
cache-control: no-cache

15:04:42.492 [AsyncHttpClient-1-2] DEBUG org.asynchttpclient.netty.channel.ChannelManager - Adding key: http://localhost:5948 for channel [id: 0x45787a95, L:/127.0.0.1:64534 - R:localhost/127.0.0.1:5948]
15:04:42.498 [main] DEBUG net.serenitybdd.core.photography.Darkroom - Send negative for processing for target\site\serenity\58458918c62f47f0f352b8ad1e4b8c713112b9f1c6ab17fc0aa97d0328f6d64b.png
15:04:42.498 [main] DEBUG net.thucydides.core.steps.StepInterceptor - STEP DONE: Enter Username
  When User enters username as "Admin"   # stepdefinitions.LoginOrangeTest.user_enters_username_as(java.lang.String)
15:04:42.503 [Darkroom Processing Line] DEBUG net.serenitybdd.core.photography.DarkroomProcessingLine - Processing screenshot image in /var/screenshots/screenshot-10751033867719524882
15:04:42.503 [Darkroom Processing Line] DEBUG net.serenitybdd.core.photography.DarkroomProcessingLine - Saving screenshot to target\site\serenity\58458918c62f47f0f352b8ad1e4b8c713112b9f1c6ab17fc0aa97d0328f6d64b.png
15:04:42.523 [Forwarding getPageSource on session 63219ae15ab369f44e83d8ce98356a18 to remote] DEBUG org.asynchttpclient.netty.request.NettyRequestSender - Using pooled Channel '[id: 0x45787a95, L:/127.0.0.1:64534 - R:localhost/127.0.0.1:5948]' for 'POST' to 'http://localhost:5948/session/63219ae15ab369f44e83d8ce98356a18/execute/sync'
15:04:42.523 [Forwarding getPageSource on session 63219ae15ab369f44e83d8ce98356a18 to remote] DEBUG org.asynchttpclient.netty.request.NettyRequestSender - Using open Channel [id: 0x45787a95, L:/127.0.0.1:64534 - R:localhost/127.0.0.1:5948] for POST '/session/63219ae15ab369f44e83d8ce98356a18/execute/sync'
15:04:42.533 [AsyncHttpClient-1-2] DEBUG org.asynchttpclient.netty.handler.HttpHandler - 

Request DefaultHttpRequest(decodeResult: success, version: HTTP/1.1)
POST /session/63219ae15ab369f44e83d8ce98356a18/execute/sync HTTP/1.1
User-Agent: selenium/4.8.1 (java windows)
Content-Length: 176
Content-Type: application/json; charset=utf-8
host: localhost:5948
accept: */*

Response DefaultHttpResponse(decodeResult: success, version: HTTP/1.1)
HTTP/1.1 200 OK
Content-Length: 16083
Content-Type: application/json; charset=utf-8
cache-control: no-cache

15:04:42.534 [AsyncHttpClient-1-2] DEBUG org.asynchttpclient.netty.channel.ChannelManager - Adding key: http://localhost:5948 for channel [id: 0x45787a95, L:/127.0.0.1:64534 - R:localhost/127.0.0.1:5948]
15:04:42.549 [Forwarding getCurrentUrl on session 63219ae15ab369f44e83d8ce98356a18 to remote] DEBUG org.asynchttpclient.netty.request.NettyRequestSender - Using pooled Channel '[id: 0x45787a95, L:/127.0.0.1:64534 - R:localhost/127.0.0.1:5948]' for 'GET' to 'http://localhost:5948/session/63219ae15ab369f44e83d8ce98356a18/url'
15:04:42.549 [Forwarding getCurrentUrl on session 63219ae15ab369f44e83d8ce98356a18 to remote] DEBUG org.asynchttpclient.netty.request.NettyRequestSender - Using open Channel [id: 0x45787a95, L:/127.0.0.1:64534 - R:localhost/127.0.0.1:5948] for GET '/session/63219ae15ab369f44e83d8ce98356a18/url'
15:04:42.555 [AsyncHttpClient-1-2] DEBUG org.asynchttpclient.netty.handler.HttpHandler - 

Request DefaultFullHttpRequest(decodeResult: success, version: HTTP/1.1, content: EmptyByteBufBE)
GET /session/63219ae15ab369f44e83d8ce98356a18/url HTTP/1.1
User-Agent: selenium/4.8.1 (java windows)
Cache-Control: no-cache
Content-Type: application/json; charset=utf-8
host: localhost:5948
accept: */*

Response DefaultHttpResponse(decodeResult: success, version: HTTP/1.1)
HTTP/1.1 200 OK
Content-Length: 78
Content-Type: application/json; charset=utf-8
cache-control: no-cache

15:04:42.556 [AsyncHttpClient-1-2] DEBUG org.asynchttpclient.netty.channel.ChannelManager - Adding key: http://localhost:5948 for channel [id: 0x45787a95, L:/127.0.0.1:64534 - R:localhost/127.0.0.1:5948]
15:04:42.580 [Forwarding getAlertText on session 63219ae15ab369f44e83d8ce98356a18 to remote] DEBUG org.asynchttpclient.netty.request.NettyRequestSender - Using pooled Channel '[id: 0x45787a95, L:/127.0.0.1:64534 - R:localhost/127.0.0.1:5948]' for 'GET' to 'http://localhost:5948/session/63219ae15ab369f44e83d8ce98356a18/alert/text'
15:04:42.580 [Forwarding getAlertText on session 63219ae15ab369f44e83d8ce98356a18 to remote] DEBUG org.asynchttpclient.netty.request.NettyRequestSender - Using open Channel [id: 0x45787a95, L:/127.0.0.1:64534 - R:localhost/127.0.0.1:5948] for GET '/session/63219ae15ab369f44e83d8ce98356a18/alert/text'
15:04:42.582 [AsyncHttpClient-1-2] DEBUG org.asynchttpclient.netty.handler.HttpHandler - 

Request DefaultFullHttpRequest(decodeResult: success, version: HTTP/1.1, content: EmptyByteBufBE)
GET /session/63219ae15ab369f44e83d8ce98356a18/alert/text HTTP/1.1
User-Agent: selenium/4.8.1 (java windows)
Cache-Control: no-cache
Content-Type: application/json; charset=utf-8
host: localhost:5948
accept: */*

Response DefaultHttpResponse(decodeResult: success, version: HTTP/1.1)
HTTP/1.1 404 Not Found
Content-Length: 816
Content-Type: application/json; charset=utf-8
cache-control: no-cache

15:04:42.583 [AsyncHttpClient-1-2] DEBUG org.asynchttpclient.netty.channel.ChannelManager - Adding key: http://localhost:5948 for channel [id: 0x45787a95, L:/127.0.0.1:64534 - R:localhost/127.0.0.1:5948]
15:04:42.584 [Forwarding getCurrentUrl on session 63219ae15ab369f44e83d8ce98356a18 to remote] DEBUG org.asynchttpclient.netty.request.NettyRequestSender - Using pooled Channel '[id: 0x45787a95, L:/127.0.0.1:64534 - R:localhost/127.0.0.1:5948]' for 'GET' to 'http://localhost:5948/session/63219ae15ab369f44e83d8ce98356a18/url'
15:04:42.585 [Forwarding getCurrentUrl on session 63219ae15ab369f44e83d8ce98356a18 to remote] DEBUG org.asynchttpclient.netty.request.NettyRequestSender - Using open Channel [id: 0x45787a95, L:/127.0.0.1:64534 - R:localhost/127.0.0.1:5948] for GET '/session/63219ae15ab369f44e83d8ce98356a18/url'
15:04:42.588 [AsyncHttpClient-1-2] DEBUG org.asynchttpclient.netty.handler.HttpHandler - 

Request DefaultFullHttpRequest(decodeResult: success, version: HTTP/1.1, content: EmptyByteBufBE)
GET /session/63219ae15ab369f44e83d8ce98356a18/url HTTP/1.1
User-Agent: selenium/4.8.1 (java windows)
Cache-Control: no-cache
Content-Type: application/json; charset=utf-8
host: localhost:5948
accept: */*

Response DefaultHttpResponse(decodeResult: success, version: HTTP/1.1)
HTTP/1.1 200 OK
Content-Length: 78
Content-Type: application/json; charset=utf-8
cache-control: no-cache

15:04:42.589 [AsyncHttpClient-1-2] DEBUG org.asynchttpclient.netty.channel.ChannelManager - Adding key: http://localhost:5948 for channel [id: 0x45787a95, L:/127.0.0.1:64534 - R:localhost/127.0.0.1:5948]
15:04:42.590 [Forwarding screenshot on session 63219ae15ab369f44e83d8ce98356a18 to remote] DEBUG org.asynchttpclient.netty.request.NettyRequestSender - Using pooled Channel '[id: 0x45787a95, L:/127.0.0.1:64534 - R:localhost/127.0.0.1:5948]' for 'GET' to 'http://localhost:5948/session/63219ae15ab369f44e83d8ce98356a18/screenshot'
15:04:42.590 [Forwarding screenshot on session 63219ae15ab369f44e83d8ce98356a18 to remote] DEBUG org.asynchttpclient.netty.request.NettyRequestSender - Using open Channel [id: 0x45787a95, L:/127.0.0.1:64534 - R:localhost/127.0.0.1:5948] for GET '/session/63219ae15ab369f44e83d8ce98356a18/screenshot'
15:04:42.718 [AsyncHttpClient-1-2] DEBUG org.asynchttpclient.netty.handler.HttpHandler - 

Request DefaultFullHttpRequest(decodeResult: success, version: HTTP/1.1, content: EmptyByteBufBE)
GET /session/63219ae15ab369f44e83d8ce98356a18/screenshot HTTP/1.1
User-Agent: selenium/4.8.1 (java windows)
Cache-Control: no-cache
Content-Type: application/json; charset=utf-8
host: localhost:5948
accept: */*

Response DefaultHttpResponse(decodeResult: success, version: HTTP/1.1)
HTTP/1.1 200 OK
Content-Length: 88764
Content-Type: application/json; charset=utf-8
cache-control: no-cache

15:04:42.718 [AsyncHttpClient-1-2] DEBUG org.asynchttpclient.netty.channel.ChannelManager - Adding key: http://localhost:5948 for channel [id: 0x45787a95, L:/127.0.0.1:64534 - R:localhost/127.0.0.1:5948]
15:04:42.724 [main] DEBUG net.serenitybdd.core.photography.Darkroom - Send negative for processing for target\site\serenity\fddef8d95a0ab6b734cb9306579458ab8608ab5e3a9b411fcbd1dd8282890694.png
15:04:42.726 [Forwarding getPageSource on session 63219ae15ab369f44e83d8ce98356a18 to remote] DEBUG org.asynchttpclient.netty.request.NettyRequestSender - Using pooled Channel '[id: 0x45787a95, L:/127.0.0.1:64534 - R:localhost/127.0.0.1:5948]' for 'POST' to 'http://localhost:5948/session/63219ae15ab369f44e83d8ce98356a18/execute/sync'
15:04:42.726 [Forwarding getPageSource on session 63219ae15ab369f44e83d8ce98356a18 to remote] DEBUG org.asynchttpclient.netty.request.NettyRequestSender - Using open Channel [id: 0x45787a95, L:/127.0.0.1:64534 - R:localhost/127.0.0.1:5948] for POST '/session/63219ae15ab369f44e83d8ce98356a18/execute/sync'
15:04:42.726 [Darkroom Processing Line] DEBUG net.serenitybdd.core.photography.DarkroomProcessingLine - Processing screenshot image in /var/screenshots/screenshot-7076825214113036006
15:04:42.726 [Darkroom Processing Line] DEBUG net.serenitybdd.core.photography.DarkroomProcessingLine - Saving screenshot to target\site\serenity\fddef8d95a0ab6b734cb9306579458ab8608ab5e3a9b411fcbd1dd8282890694.png
15:04:42.733 [AsyncHttpClient-1-2] DEBUG org.asynchttpclient.netty.handler.HttpHandler - 

Request DefaultHttpRequest(decodeResult: success, version: HTTP/1.1)
POST /session/63219ae15ab369f44e83d8ce98356a18/execute/sync HTTP/1.1
User-Agent: selenium/4.8.1 (java windows)
Content-Length: 176
Content-Type: application/json; charset=utf-8
host: localhost:5948
accept: */*

Response DefaultHttpResponse(decodeResult: success, version: HTTP/1.1)
HTTP/1.1 200 OK
Content-Length: 16083
Content-Type: application/json; charset=utf-8
cache-control: no-cache

15:04:42.733 [AsyncHttpClient-1-2] DEBUG org.asynchttpclient.netty.channel.ChannelManager - Adding key: http://localhost:5948 for channel [id: 0x45787a95, L:/127.0.0.1:64534 - R:localhost/127.0.0.1:5948]
15:04:42.739 [Forwarding getCurrentUrl on session 63219ae15ab369f44e83d8ce98356a18 to remote] DEBUG org.asynchttpclient.netty.request.NettyRequestSender - Using pooled Channel '[id: 0x45787a95, L:/127.0.0.1:64534 - R:localhost/127.0.0.1:5948]' for 'GET' to 'http://localhost:5948/session/63219ae15ab369f44e83d8ce98356a18/url'
15:04:42.739 [Forwarding getCurrentUrl on session 63219ae15ab369f44e83d8ce98356a18 to remote] DEBUG org.asynchttpclient.netty.request.NettyRequestSender - Using open Channel [id: 0x45787a95, L:/127.0.0.1:64534 - R:localhost/127.0.0.1:5948] for GET '/session/63219ae15ab369f44e83d8ce98356a18/url'
15:04:42.743 [AsyncHttpClient-1-2] DEBUG org.asynchttpclient.netty.handler.HttpHandler - 

Request DefaultFullHttpRequest(decodeResult: success, version: HTTP/1.1, content: EmptyByteBufBE)
GET /session/63219ae15ab369f44e83d8ce98356a18/url HTTP/1.1
User-Agent: selenium/4.8.1 (java windows)
Cache-Control: no-cache
Content-Type: application/json; charset=utf-8
host: localhost:5948
accept: */*

Response DefaultHttpResponse(decodeResult: success, version: HTTP/1.1)
HTTP/1.1 200 OK
Content-Length: 78
Content-Type: application/json; charset=utf-8
cache-control: no-cache

15:04:42.743 [AsyncHttpClient-1-2] DEBUG org.asynchttpclient.netty.channel.ChannelManager - Adding key: http://localhost:5948 for channel [id: 0x45787a95, L:/127.0.0.1:64534 - R:localhost/127.0.0.1:5948]
15:04:42.750 [main] DEBUG net.thucydides.core.steps.StepInterceptor - STARTING STEP: LoginOrangeTest.user_enters_password_as - Enter Password
15:04:42.753 [Forwarding findElement on session 63219ae15ab369f44e83d8ce98356a18 to remote] DEBUG org.asynchttpclient.netty.request.NettyRequestSender - Using pooled Channel '[id: 0x45787a95, L:/127.0.0.1:64534 - R:localhost/127.0.0.1:5948]' for 'POST' to 'http://localhost:5948/session/63219ae15ab369f44e83d8ce98356a18/element'
15:04:42.753 [Forwarding findElement on session 63219ae15ab369f44e83d8ce98356a18 to remote] DEBUG org.asynchttpclient.netty.request.NettyRequestSender - Using open Channel [id: 0x45787a95, L:/127.0.0.1:64534 - R:localhost/127.0.0.1:5948] for POST '/session/63219ae15ab369f44e83d8ce98356a18/element'
15:04:42.765 [AsyncHttpClient-1-2] DEBUG org.asynchttpclient.netty.handler.HttpHandler - 

Request DefaultHttpRequest(decodeResult: success, version: HTTP/1.1)
POST /session/63219ae15ab369f44e83d8ce98356a18/element HTTP/1.1
User-Agent: selenium/4.8.1 (java windows)
Content-Length: 62
Content-Type: application/json; charset=utf-8
host: localhost:5948
accept: */*

Response DefaultHttpResponse(decodeResult: success, version: HTTP/1.1)
HTTP/1.1 200 OK
Content-Length: 88
Content-Type: application/json; charset=utf-8
cache-control: no-cache

15:04:42.765 [AsyncHttpClient-1-2] DEBUG org.asynchttpclient.netty.channel.ChannelManager - Adding key: http://localhost:5948 for channel [id: 0x45787a95, L:/127.0.0.1:64534 - R:localhost/127.0.0.1:5948]
15:04:42.767 [Forwarding sendKeysToElement on session 63219ae15ab369f44e83d8ce98356a18 to remote] DEBUG org.asynchttpclient.netty.request.NettyRequestSender - Using pooled Channel '[id: 0x45787a95, L:/127.0.0.1:64534 - R:localhost/127.0.0.1:5948]' for 'POST' to 'http://localhost:5948/session/63219ae15ab369f44e83d8ce98356a18/element/81716b83-7677-4123-a2e7-167e1e5a1301/value'
15:04:42.768 [Forwarding sendKeysToElement on session 63219ae15ab369f44e83d8ce98356a18 to remote] DEBUG org.asynchttpclient.netty.request.NettyRequestSender - Using open Channel [id: 0x45787a95, L:/127.0.0.1:64534 - R:localhost/127.0.0.1:5948] for POST '/session/63219ae15ab369f44e83d8ce98356a18/element/81716b83-7677-4123-a2e7-167e1e5a1301/value'
15:04:42.832 [AsyncHttpClient-1-2] DEBUG org.asynchttpclient.netty.handler.HttpHandler - 

Request DefaultHttpRequest(decodeResult: success, version: HTTP/1.1)
POST /session/63219ae15ab369f44e83d8ce98356a18/element/81716b83-7677-4123-a2e7-167e1e5a1301/value HTTP/1.1
User-Agent: selenium/4.8.1 (java windows)
Content-Length: 161
Content-Type: application/json; charset=utf-8
host: localhost:5948
accept: */*

Response DefaultHttpResponse(decodeResult: success, version: HTTP/1.1)
HTTP/1.1 200 OK
Content-Length: 14
Content-Type: application/json; charset=utf-8
cache-control: no-cache

15:04:42.832 [AsyncHttpClient-1-2] DEBUG org.asynchttpclient.netty.channel.ChannelManager - Adding key: http://localhost:5948 for channel [id: 0x45787a95, L:/127.0.0.1:64534 - R:localhost/127.0.0.1:5948]
15:04:42.838 [Forwarding getAlertText on session 63219ae15ab369f44e83d8ce98356a18 to remote] DEBUG org.asynchttpclient.netty.request.NettyRequestSender - Using pooled Channel '[id: 0x45787a95, L:/127.0.0.1:64534 - R:localhost/127.0.0.1:5948]' for 'GET' to 'http://localhost:5948/session/63219ae15ab369f44e83d8ce98356a18/alert/text'
15:04:42.838 [Forwarding getAlertText on session 63219ae15ab369f44e83d8ce98356a18 to remote] DEBUG org.asynchttpclient.netty.request.NettyRequestSender - Using open Channel [id: 0x45787a95, L:/127.0.0.1:64534 - R:localhost/127.0.0.1:5948] for GET '/session/63219ae15ab369f44e83d8ce98356a18/alert/text'
15:04:42.841 [AsyncHttpClient-1-2] DEBUG org.asynchttpclient.netty.handler.HttpHandler - 

Request DefaultFullHttpRequest(decodeResult: success, version: HTTP/1.1, content: EmptyByteBufBE)
GET /session/63219ae15ab369f44e83d8ce98356a18/alert/text HTTP/1.1
User-Agent: selenium/4.8.1 (java windows)
Cache-Control: no-cache
Content-Type: application/json; charset=utf-8
host: localhost:5948
accept: */*

Response DefaultHttpResponse(decodeResult: success, version: HTTP/1.1)
HTTP/1.1 404 Not Found
Content-Length: 816
Content-Type: application/json; charset=utf-8
cache-control: no-cache

15:04:42.841 [AsyncHttpClient-1-2] DEBUG org.asynchttpclient.netty.channel.ChannelManager - Adding key: http://localhost:5948 for channel [id: 0x45787a95, L:/127.0.0.1:64534 - R:localhost/127.0.0.1:5948]
15:04:42.845 [Forwarding getCurrentUrl on session 63219ae15ab369f44e83d8ce98356a18 to remote] DEBUG org.asynchttpclient.netty.request.NettyRequestSender - Using pooled Channel '[id: 0x45787a95, L:/127.0.0.1:64534 - R:localhost/127.0.0.1:5948]' for 'GET' to 'http://localhost:5948/session/63219ae15ab369f44e83d8ce98356a18/url'
15:04:42.845 [Forwarding getCurrentUrl on session 63219ae15ab369f44e83d8ce98356a18 to remote] DEBUG org.asynchttpclient.netty.request.NettyRequestSender - Using open Channel [id: 0x45787a95, L:/127.0.0.1:64534 - R:localhost/127.0.0.1:5948] for GET '/session/63219ae15ab369f44e83d8ce98356a18/url'
15:04:42.850 [AsyncHttpClient-1-2] DEBUG org.asynchttpclient.netty.handler.HttpHandler - 

Request DefaultFullHttpRequest(decodeResult: success, version: HTTP/1.1, content: EmptyByteBufBE)
GET /session/63219ae15ab369f44e83d8ce98356a18/url HTTP/1.1
User-Agent: selenium/4.8.1 (java windows)
Cache-Control: no-cache
Content-Type: application/json; charset=utf-8
host: localhost:5948
accept: */*

Response DefaultHttpResponse(decodeResult: success, version: HTTP/1.1)
HTTP/1.1 200 OK
Content-Length: 78
Content-Type: application/json; charset=utf-8
cache-control: no-cache

15:04:42.850 [AsyncHttpClient-1-2] DEBUG org.asynchttpclient.netty.channel.ChannelManager - Adding key: http://localhost:5948 for channel [id: 0x45787a95, L:/127.0.0.1:64534 - R:localhost/127.0.0.1:5948]
15:04:42.852 [Forwarding screenshot on session 63219ae15ab369f44e83d8ce98356a18 to remote] DEBUG org.asynchttpclient.netty.request.NettyRequestSender - Using pooled Channel '[id: 0x45787a95, L:/127.0.0.1:64534 - R:localhost/127.0.0.1:5948]' for 'GET' to 'http://localhost:5948/session/63219ae15ab369f44e83d8ce98356a18/screenshot'
15:04:42.852 [Forwarding screenshot on session 63219ae15ab369f44e83d8ce98356a18 to remote] DEBUG org.asynchttpclient.netty.request.NettyRequestSender - Using open Channel [id: 0x45787a95, L:/127.0.0.1:64534 - R:localhost/127.0.0.1:5948] for GET '/session/63219ae15ab369f44e83d8ce98356a18/screenshot'
15:04:42.994 [AsyncHttpClient-1-2] DEBUG org.asynchttpclient.netty.handler.HttpHandler - 

Request DefaultFullHttpRequest(decodeResult: success, version: HTTP/1.1, content: EmptyByteBufBE)
GET /session/63219ae15ab369f44e83d8ce98356a18/screenshot HTTP/1.1
User-Agent: selenium/4.8.1 (java windows)
Cache-Control: no-cache
Content-Type: application/json; charset=utf-8
host: localhost:5948
accept: */*

Response DefaultHttpResponse(decodeResult: success, version: HTTP/1.1)
HTTP/1.1 200 OK
Content-Length: 85776
Content-Type: application/json; charset=utf-8
cache-control: no-cache

15:04:42.995 [AsyncHttpClient-1-2] DEBUG org.asynchttpclient.netty.channel.ChannelManager - Adding key: http://localhost:5948 for channel [id: 0x45787a95, L:/127.0.0.1:64534 - R:localhost/127.0.0.1:5948]
15:04:43.001 [main] DEBUG net.serenitybdd.core.photography.Darkroom - Send negative for processing for target\site\serenity\1f641d60e99ae5e9b4b41087d4928fed38e32037b3425301848858dfd29d772c.png
15:04:43.002 [main] DEBUG net.thucydides.core.steps.StepInterceptor - STEP DONE: Enter Password
  And User enters password as "admin123" # stepdefinitions.LoginOrangeTest.user_enters_password_as(java.lang.String)
15:04:43.003 [Darkroom Processing Line] DEBUG net.serenitybdd.core.photography.DarkroomProcessingLine - Processing screenshot image in /var/screenshots/screenshot-12316910184553862764
15:04:43.004 [Darkroom Processing Line] DEBUG net.serenitybdd.core.photography.DarkroomProcessingLine - Saving screenshot to target\site\serenity\1f641d60e99ae5e9b4b41087d4928fed38e32037b3425301848858dfd29d772c.png
15:04:43.013 [main] INFO  - 
  _____   ___   ___   _____     ___     _     ___   ___   ___   ___  
 |_   _| | __| / __| |_   _|   | _ \   /_\   / __| / __| | __| |   \ 
   | |   | _|  \__ \   | |     |  _/  / _ \  \__ \ \__ \ | _|  | |) |
   |_|   |___| |___/   |_|     |_|   /_/ \_\ |___/ |___/ |___| |___/ 

Login with valid credentials
----------------------------------------------------------------------
15:04:43.085 [Driver Command Executor] DEBUG org.asynchttpclient.netty.request.NettyRequestSender - Using pooled Channel '[id: 0x45787a95, L:/127.0.0.1:64534 - R:localhost/127.0.0.1:5948]' for 'DELETE' to 'http://localhost:5948/session/63219ae15ab369f44e83d8ce98356a18'
15:04:43.085 [Driver Command Executor] DEBUG org.asynchttpclient.netty.request.NettyRequestSender - Using open Channel [id: 0x45787a95, L:/127.0.0.1:64534 - R:localhost/127.0.0.1:5948] for DELETE '/session/63219ae15ab369f44e83d8ce98356a18'
15:04:43.211 [AsyncHttpClient-1-4] DEBUG org.asynchttpclient.netty.handler.WebSocketHandler - Unexpected I/O exception on channel [id: 0xc36b3932, L:/127.0.0.1:64543 - R:localhost/127.0.0.1:64535]
java.net.SocketException: Connection reset
	at java.base/sun.nio.ch.SocketChannelImpl.throwConnectionReset(SocketChannelImpl.java:401)
	at java.base/sun.nio.ch.SocketChannelImpl.read(SocketChannelImpl.java:434)
	at io.netty.buffer.PooledByteBuf.setBytes(PooledByteBuf.java:259)
	at io.netty.buffer.AbstractByteBuf.writeBytes(AbstractByteBuf.java:1132)
	at io.netty.channel.socket.nio.NioSocketChannel.doReadBytes(NioSocketChannel.java:357)
	at io.netty.channel.nio.AbstractNioByteChannel$NioByteUnsafe.read(AbstractNioByteChannel.java:151)
	at io.netty.channel.nio.NioEventLoop.processSelectedKey(NioEventLoop.java:788)
	at io.netty.channel.nio.NioEventLoop.processSelectedKeysOptimized(NioEventLoop.java:724)
	at io.netty.channel.nio.NioEventLoop.processSelectedKeys(NioEventLoop.java:650)
	at io.netty.channel.nio.NioEventLoop.run(NioEventLoop.java:562)
	at io.netty.util.concurrent.SingleThreadEventExecutor$4.run(SingleThreadEventExecutor.java:997)
	at io.netty.util.internal.ThreadExecutorMap$2.run(ThreadExecutorMap.java:74)
	at io.netty.util.concurrent.FastThreadLocalRunnable.run(FastThreadLocalRunnable.java:30)
	at java.base/java.lang.Thread.run(Thread.java:1589)
15:04:43.211 [AsyncHttpClient-1-3] DEBUG org.asynchttpclient.netty.handler.HttpHandler - Unexpected I/O exception on channel [id: 0x4d28e212, L:/127.0.0.1:64541 - R:localhost/127.0.0.1:64535]
java.net.SocketException: Connection reset
	at java.base/sun.nio.ch.SocketChannelImpl.throwConnectionReset(SocketChannelImpl.java:401)
	at java.base/sun.nio.ch.SocketChannelImpl.read(SocketChannelImpl.java:434)
	at io.netty.buffer.PooledByteBuf.setBytes(PooledByteBuf.java:259)
	at io.netty.buffer.AbstractByteBuf.writeBytes(AbstractByteBuf.java:1132)
	at io.netty.channel.socket.nio.NioSocketChannel.doReadBytes(NioSocketChannel.java:357)
	at io.netty.channel.nio.AbstractNioByteChannel$NioByteUnsafe.read(AbstractNioByteChannel.java:151)
	at io.netty.channel.nio.NioEventLoop.processSelectedKey(NioEventLoop.java:788)
	at io.netty.channel.nio.NioEventLoop.processSelectedKeysOptimized(NioEventLoop.java:724)
	at io.netty.channel.nio.NioEventLoop.processSelectedKeys(NioEventLoop.java:650)
	at io.netty.channel.nio.NioEventLoop.run(NioEventLoop.java:562)
	at io.netty.util.concurrent.SingleThreadEventExecutor$4.run(SingleThreadEventExecutor.java:997)
	at io.netty.util.internal.ThreadExecutorMap$2.run(ThreadExecutorMap.java:74)
	at io.netty.util.concurrent.FastThreadLocalRunnable.run(FastThreadLocalRunnable.java:30)
	at java.base/java.lang.Thread.run(Thread.java:1589)
15:04:43.211 [AsyncHttpClient-1-3] DEBUG org.asynchttpclient.netty.channel.ChannelManager - Closing Channel [id: 0x4d28e212, L:/127.0.0.1:64541 - R:localhost/127.0.0.1:64535] 
15:04:43.212 [AsyncHttpClient-1-4] DEBUG org.asynchttpclient.netty.handler.WebSocketHandler - Was unable to recover Future: NettyResponseFuture{currentRetry=0,
	isDone=1,
	isCancelled=0,
	asyncHandler=org.asynchttpclient.ws.WebSocketUpgradeHandler@482ec1b,
	nettyRequest=org.asynchttpclient.netty.request.NettyRequest@692dc858,
	future=java.util.concurrent.CompletableFuture@7b8ae0be[Completed normally],
	uri=ws://localhost:64535/devtools/browser/211b97f6-ca9e-4b10-9b8e-902fb469845c,
	keepAlive=true,
	redirectCount=0,
	timeoutsHolder=null,
	inAuth=0,
	touch=1682933683211}
15:04:43.212 [AsyncHttpClient-1-4] DEBUG org.asynchttpclient.netty.channel.ChannelManager - Closing Channel [id: 0xc36b3932, L:/127.0.0.1:64543 - R:localhost/127.0.0.1:64535] 
15:04:43.213 [AsyncHttpClient-1-4] WARN org.asynchttpclient.netty.handler.WebSocketHandler - onError
java.net.SocketException: Connection reset
	at java.base/sun.nio.ch.SocketChannelImpl.throwConnectionReset(SocketChannelImpl.java:401)
	at java.base/sun.nio.ch.SocketChannelImpl.read(SocketChannelImpl.java:434)
	at io.netty.buffer.PooledByteBuf.setBytes(PooledByteBuf.java:259)
	at io.netty.buffer.AbstractByteBuf.writeBytes(AbstractByteBuf.java:1132)
	at io.netty.channel.socket.nio.NioSocketChannel.doReadBytes(NioSocketChannel.java:357)
	at io.netty.channel.nio.AbstractNioByteChannel$NioByteUnsafe.read(AbstractNioByteChannel.java:151)
	at io.netty.channel.nio.NioEventLoop.processSelectedKey(NioEventLoop.java:788)
	at io.netty.channel.nio.NioEventLoop.processSelectedKeysOptimized(NioEventLoop.java:724)
	at io.netty.channel.nio.NioEventLoop.processSelectedKeys(NioEventLoop.java:650)
	at io.netty.channel.nio.NioEventLoop.run(NioEventLoop.java:562)
	at io.netty.util.concurrent.SingleThreadEventExecutor$4.run(SingleThreadEventExecutor.java:997)
	at io.netty.util.internal.ThreadExecutorMap$2.run(ThreadExecutorMap.java:74)
	at io.netty.util.concurrent.FastThreadLocalRunnable.run(FastThreadLocalRunnable.java:30)
	at java.base/java.lang.Thread.run(Thread.java:1589)
15:04:43.217 [AsyncHttpClient-1-3] DEBUG org.asynchttpclient.netty.handler.HttpHandler - Channel Closed: [id: 0x4d28e212, L:/127.0.0.1:64541 ! R:localhost/127.0.0.1:64535] with attribute DISCARD
15:04:43.220 [AsyncHttpClient-1-4] DEBUG org.asynchttpclient.netty.channel.ChannelManager - Closing Channel [id: 0xc36b3932, L:/127.0.0.1:64543 ! R:localhost/127.0.0.1:64535] 
15:04:43.220 [AsyncHttpClient-1-4] DEBUG org.asynchttpclient.netty.handler.WebSocketHandler - Channel Closed: [id: 0xc36b3932, L:/127.0.0.1:64543 ! R:localhost/127.0.0.1:64535] with attribute DISCARD
15:04:43.244 [AsyncHttpClient-1-2] DEBUG org.asynchttpclient.netty.handler.HttpHandler - 

Request DefaultFullHttpRequest(decodeResult: success, version: HTTP/1.1, content: EmptyByteBufBE)
DELETE /session/63219ae15ab369f44e83d8ce98356a18 HTTP/1.1
User-Agent: selenium/4.8.1 (java windows)
Content-Type: application/json; charset=utf-8
host: localhost:5948
accept: */*

Response DefaultHttpResponse(decodeResult: success, version: HTTP/1.1)
HTTP/1.1 200 OK
Content-Length: 14
Content-Type: application/json; charset=utf-8
cache-control: no-cache

15:04:43.244 [AsyncHttpClient-1-2] DEBUG org.asynchttpclient.netty.channel.ChannelManager - Adding key: http://localhost:5948 for channel [id: 0x45787a95, L:/127.0.0.1:64534 - R:localhost/127.0.0.1:5948]
15:04:43.416 [AsyncHttpClient-1-1] DEBUG org.asynchttpclient.netty.channel.DefaultChannelPool - Entry count for : http://localhost:64535 : 1
15:04:43.416 [AsyncHttpClient-1-1] DEBUG org.asynchttpclient.netty.channel.DefaultChannelPool - Entry count for : http://localhost:5948 : 1
15:04:43.416 [AsyncHttpClient-1-1] DEBUG org.asynchttpclient.netty.channel.DefaultChannelPool - Adding Candidate expired Channel [id: 0x4d28e212, L:/127.0.0.1:64541 ! R:localhost/127.0.0.1:64535] isIdleTimeoutExpired=false isRemotelyClosed=true isTtlExpired=false
15:04:43.417 [AsyncHttpClient-1-1] DEBUG org.asynchttpclient.netty.channel.DefaultChannelPool - Closing Idle Channel [id: 0x4d28e212, L:/127.0.0.1:64541 ! R:localhost/127.0.0.1:64535]
15:04:43.418 [AsyncHttpClient-1-1] DEBUG org.asynchttpclient.netty.channel.DefaultChannelPool - Closed 1 connections out of 2 in 2 ms
15:04:44.050 [AsyncHttpClient-1-2] DEBUG org.asynchttpclient.netty.handler.HttpHandler - Channel Closed: [id: 0x45787a95, L:/127.0.0.1:64534 ! R:localhost/127.0.0.1:5948] with attribute DISCARD
]]></system-out>
    <system-err><![CDATA[Starting ChromeDriver 111.0.5563.64 (c710e93d5b63b7095afe8c2c17df34408078439d-refs/branch-heads/5563@{#995}) on port 5948
Only local connections are allowed.
Please see https://chromedriver.chromium.org/security-considerations for suggestions on keeping ChromeDriver safe.
ChromeDriver was started successfully.
[1682933672.496][WARNING]: This version of ChromeDriver has not been tested with Chrome version 112.
May 01, 2023 3:04:32 PM org.openqa.selenium.devtools.CdpVersionFinder findNearestMatch
WARNING: Unable to find an exact match for CDP version 112, so returning the closest version found: 110
May 01, 2023 3:04:43 PM org.openqa.selenium.remote.http.WebSocket$Listener onError
WARNING: Connection reset
java.net.SocketException: Connection reset
	at java.base/sun.nio.ch.SocketChannelImpl.throwConnectionReset(SocketChannelImpl.java:401)
	at java.base/sun.nio.ch.SocketChannelImpl.read(SocketChannelImpl.java:434)
	at io.netty.buffer.PooledByteBuf.setBytes(PooledByteBuf.java:259)
	at io.netty.buffer.AbstractByteBuf.writeBytes(AbstractByteBuf.java:1132)
	at io.netty.channel.socket.nio.NioSocketChannel.doReadBytes(NioSocketChannel.java:357)
	at io.netty.channel.nio.AbstractNioByteChannel$NioByteUnsafe.read(AbstractNioByteChannel.java:151)
	at io.netty.channel.nio.NioEventLoop.processSelectedKey(NioEventLoop.java:788)
	at io.netty.channel.nio.NioEventLoop.processSelectedKeysOptimized(NioEventLoop.java:724)
	at io.netty.channel.nio.NioEventLoop.processSelectedKeys(NioEventLoop.java:650)
	at io.netty.channel.nio.NioEventLoop.run(NioEventLoop.java:562)
	at io.netty.util.concurrent.SingleThreadEventExecutor$4.run(SingleThreadEventExecutor.java:997)
	at io.netty.util.internal.ThreadExecutorMap$2.run(ThreadExecutorMap.java:74)
	at io.netty.util.concurrent.FastThreadLocalRunnable.run(FastThreadLocalRunnable.java:30)
	at java.base/java.lang.Thread.run(Thread.java:1589)

]]></system-err>
  </testcase>
  <testcase name="Login with invalid credentials #1" classname="Login to HRM" time="13.33">
    <error type="org.openqa.selenium.NoSuchElementException"><![CDATA[org.openqa.selenium.NoSuchElementException: 
no such element: Unable to locate element: {"method":"xpath","selector":"//*[@id='app']/div[1]/div/div[1]/div/div[2]/div[2]/div/div[1]/div[1]/p"}
  (Session info: chrome=112.0.5615.138)
For documentation on this error, please visit: https://selenium.dev/exceptions/#no_such_element
Build info: version: '4.8.1', revision: '8ebccac989'
System info: os.name: 'Windows 11', os.arch: 'amd64', os.version: '10.0', java.version: '19'
Driver info: org.openqa.selenium.chrome.ChromeDriver
Command: [888b3365caf0b6cfb59f6db950351f06, findElement {using=xpath, value=//*[@id='app']/div[1]/div/div[1]/div/div[2]/div[2]/div/div[1]/div[1]/p}]
Capabilities {acceptInsecureCerts: false, browserName: chrome, browserVersion: 112.0.5615.138, chrome: {chromedriverVersion: 111.0.5563.64 (c710e93d5b63..., userDataDir: C:\Users\VIJAYA~1.RAJ\AppDa...}, goog:chromeOptions: {debuggerAddress: localhost:64559}, networkConnectionEnabled: false, pageLoadStrategy: normal, platformName: WINDOWS, proxy: Proxy(), se:cdp: ws://localhost:64559/devtoo..., se:cdpVersion: 112.0.5615.138, setWindowRect: true, strictFileInteractability: false, timeouts: {implicit: 0, pageLoad: 300000, script: 30000}, unhandledPromptBehavior: dismiss and notify, webauthn:extension:credBlob: true, webauthn:extension:largeBlob: true, webauthn:extension:minPinLength: true, webauthn:extension:prf: true, webauthn:virtualAuthenticators: true}
Session ID: 888b3365caf0b6cfb59f6db950351f06
]]></error>
    <system-out><![CDATA[
@InValidCredentials
Scenario Outline: Login with invalid credentials                      # Features/LoginOrange.feature:19
15:04:44.156 [main] DEBUG io.cucumber.core.plugin.SerenityReporter - Running feature from file:///C:/Users/vijayalaxmi.rajaa/eclipse-workspace/SerenityProject/Features/LoginOrange.feature
15:04:44.156 [main] WARN io.cucumber.core.plugin.SerenityReporter - Feature from file:///C:/Users/vijayalaxmi.rajaa/eclipse-workspace/SerenityProject/Features/LoginOrange.feature is not under the 'features' directory. Requirements report will not be correctly generated!
15:04:44.173 [main] INFO  - 
  _____   ___   ___   _____     ___   _____     _     ___   _____   ___   ___  
 |_   _| | __| / __| |_   _|   / __| |_   _|   /_\   | _ \ |_   _| | __| |   \ 
   | |   | _|  \__ \   | |     \__ \   | |    / _ \  |   /   | |   | _|  | |) |
   |_|   |___| |___/   |_|     |___/   |_|   /_/ \_\ |_|_\   |_|   |___| |___/ 

Login with invalid credentials(login-to-hrm;login-with-invalid-credentials)
--------------------------------------------------------------------------------
15:04:44.318 [main] INFO net.serenitybdd.core.webdriver.driverproviders.ChromeDriverProvider - Starting Chrome driver instance with capabilities:
15:04:44.320 [main] INFO net.serenitybdd.core.webdriver.driverproviders.ChromeDriverProvider - Capabilities {acceptInsecureCerts: false, browserName: chrome, goog:chromeOptions: {args: [remote-allow-origins=*], extensions: []}}
15:04:44.516 [AsyncHttpClient-1-1] DEBUG org.asynchttpclient.netty.channel.DefaultChannelPool - Entry count for : http://localhost:5948 : 1
15:04:44.517 [AsyncHttpClient-1-1] DEBUG org.asynchttpclient.netty.channel.DefaultChannelPool - Adding Candidate expired Channel [id: 0x45787a95, L:/127.0.0.1:64534 ! R:localhost/127.0.0.1:5948] isIdleTimeoutExpired=false isRemotelyClosed=true isTtlExpired=false
15:04:44.517 [AsyncHttpClient-1-1] DEBUG org.asynchttpclient.netty.channel.DefaultChannelPool - Closing Idle Channel [id: 0x45787a95, L:/127.0.0.1:64534 ! R:localhost/127.0.0.1:5948]
15:04:44.517 [AsyncHttpClient-1-1] DEBUG org.asynchttpclient.netty.channel.DefaultChannelPool - Closed 1 connections out of 1 in 0 ms
15:04:45.345 [AsyncHttpClient-1-5] DEBUG org.asynchttpclient.netty.channel.NettyConnectListener - Using new Channel '[id: 0x075cee92, L:/127.0.0.1:64558 - R:localhost/127.0.0.1:47734]' for 'POST' to '/session'
15:04:46.300 [AsyncHttpClient-1-5] DEBUG org.asynchttpclient.netty.handler.HttpHandler - 

Request DefaultHttpRequest(decodeResult: success, version: HTTP/1.1)
POST /session HTTP/1.1
User-Agent: selenium/4.8.1 (java windows)
Content-Length: 507
Content-Type: application/json; charset=utf-8
host: localhost:47734
accept: */*

Response DefaultHttpResponse(decodeResult: success, version: HTTP/1.1)
HTTP/1.1 200 OK
Content-Length: 866
Content-Type: application/json; charset=utf-8
cache-control: no-cache

15:04:46.300 [AsyncHttpClient-1-5] DEBUG org.asynchttpclient.netty.channel.ChannelManager - Adding key: http://localhost:47734 for channel [id: 0x075cee92, L:/127.0.0.1:64558 - R:localhost/127.0.0.1:47734]
15:04:46.308 [AsyncHttpClient-1-6] DEBUG org.asynchttpclient.netty.channel.NettyConnectListener - Using new Channel '[id: 0x80c7661a, L:/127.0.0.1:64565 - R:localhost/127.0.0.1:64559]' for 'GET' to '/json/version'
15:04:46.313 [AsyncHttpClient-1-6] DEBUG org.asynchttpclient.netty.handler.HttpHandler - 

Request DefaultFullHttpRequest(decodeResult: success, version: HTTP/1.1, content: EmptyByteBufBE)
GET /json/version HTTP/1.1
User-Agent: selenium/4.8.1 (java windows)
host: localhost:64559
accept: */*

Response DefaultHttpResponse(decodeResult: success, version: HTTP/1.1)
HTTP/1.1 200 OK
Content-Security-Policy: frame-ancestors 'none'
Content-Length: 424
Content-Type: application/json; charset=UTF-8

15:04:46.314 [AsyncHttpClient-1-6] DEBUG org.asynchttpclient.netty.channel.ChannelManager - Adding key: http://localhost:64559 for channel [id: 0x80c7661a, L:/127.0.0.1:64565 - R:localhost/127.0.0.1:64559]
15:04:46.321 [AsyncHttpClient-1-7] DEBUG org.asynchttpclient.netty.channel.NettyConnectListener - Using new Channel '[id: 0x13f63613, L:/127.0.0.1:64566 - R:localhost/127.0.0.1:64559]' for 'GET' to '/devtools/browser/8bba589a-9d82-49d3-829f-0b16bc3e3ff5'
15:04:46.325 [AsyncHttpClient-1-7] DEBUG org.asynchttpclient.netty.handler.WebSocketHandler - 

Request DefaultFullHttpRequest(decodeResult: success, version: HTTP/1.1, content: EmptyByteBufBE)
GET /devtools/browser/8bba589a-9d82-49d3-829f-0b16bc3e3ff5 HTTP/1.1
upgrade: websocket
connection: upgrade
sec-websocket-key: RTM6UOwWhB4B7Nzj06yVWA==
sec-websocket-version: 13
origin: http://localhost:64559
host: localhost:64559
accept: */*
user-agent: AHC/2.1

Response DefaultHttpResponse(decodeResult: success, version: HTTP/1.1)
HTTP/1.1 101 WebSocket Protocol Handshake
Upgrade: WebSocket
Connection: Upgrade
Sec-WebSocket-Accept: koYUf3074aIhFbsi0uOhfGCV3KQ=

15:04:46.339 [Forwarding get on session 888b3365caf0b6cfb59f6db950351f06 to remote] DEBUG org.asynchttpclient.netty.request.NettyRequestSender - Using pooled Channel '[id: 0x075cee92, L:/127.0.0.1:64558 - R:localhost/127.0.0.1:47734]' for 'POST' to 'http://localhost:47734/session/888b3365caf0b6cfb59f6db950351f06/url'
15:04:46.339 [Forwarding get on session 888b3365caf0b6cfb59f6db950351f06 to remote] DEBUG org.asynchttpclient.netty.request.NettyRequestSender - Using open Channel [id: 0x075cee92, L:/127.0.0.1:64558 - R:localhost/127.0.0.1:47734] for POST '/session/888b3365caf0b6cfb59f6db950351f06/url'
15:04:46.716 [AsyncHttpClient-1-1] DEBUG org.asynchttpclient.netty.channel.DefaultChannelPool - Entry count for : http://localhost:64559 : 1
15:04:47.812 [AsyncHttpClient-1-1] DEBUG org.asynchttpclient.netty.channel.DefaultChannelPool - Entry count for : http://localhost:64559 : 1
15:04:48.915 [AsyncHttpClient-1-1] DEBUG org.asynchttpclient.netty.channel.DefaultChannelPool - Entry count for : http://localhost:64559 : 1
15:04:50.010 [AsyncHttpClient-1-1] DEBUG org.asynchttpclient.netty.channel.DefaultChannelPool - Entry count for : http://localhost:64559 : 1
15:04:51.116 [AsyncHttpClient-1-1] DEBUG org.asynchttpclient.netty.channel.DefaultChannelPool - Entry count for : http://localhost:64559 : 1
15:04:52.214 [AsyncHttpClient-1-1] DEBUG org.asynchttpclient.netty.channel.DefaultChannelPool - Entry count for : http://localhost:64559 : 1
15:04:52.662 [AsyncHttpClient-1-5] DEBUG org.asynchttpclient.netty.handler.HttpHandler - 

Request DefaultHttpRequest(decodeResult: success, version: HTTP/1.1)
POST /session/888b3365caf0b6cfb59f6db950351f06/url HTTP/1.1
User-Agent: selenium/4.8.1 (java windows)
Content-Length: 72
Content-Type: application/json; charset=utf-8
host: localhost:47734
accept: */*

Response DefaultHttpResponse(decodeResult: success, version: HTTP/1.1)
HTTP/1.1 200 OK
Content-Length: 14
Content-Type: application/json; charset=utf-8
cache-control: no-cache

15:04:52.662 [AsyncHttpClient-1-5] DEBUG org.asynchttpclient.netty.channel.ChannelManager - Adding key: http://localhost:47734 for channel [id: 0x075cee92, L:/127.0.0.1:64558 - R:localhost/127.0.0.1:47734]
15:04:52.664 [Forwarding setTimeout on session 888b3365caf0b6cfb59f6db950351f06 to remote] DEBUG org.asynchttpclient.netty.request.NettyRequestSender - Using pooled Channel '[id: 0x075cee92, L:/127.0.0.1:64558 - R:localhost/127.0.0.1:47734]' for 'POST' to 'http://localhost:47734/session/888b3365caf0b6cfb59f6db950351f06/timeouts'
15:04:52.664 [Forwarding setTimeout on session 888b3365caf0b6cfb59f6db950351f06 to remote] DEBUG org.asynchttpclient.netty.request.NettyRequestSender - Using open Channel [id: 0x075cee92, L:/127.0.0.1:64558 - R:localhost/127.0.0.1:47734] for POST '/session/888b3365caf0b6cfb59f6db950351f06/timeouts'
15:04:52.668 [AsyncHttpClient-1-5] DEBUG org.asynchttpclient.netty.handler.HttpHandler - 

Request DefaultHttpRequest(decodeResult: success, version: HTTP/1.1)
POST /session/888b3365caf0b6cfb59f6db950351f06/timeouts HTTP/1.1
User-Agent: selenium/4.8.1 (java windows)
Content-Length: 22
Content-Type: application/json; charset=utf-8
host: localhost:47734
accept: */*

Response DefaultHttpResponse(decodeResult: success, version: HTTP/1.1)
HTTP/1.1 200 OK
Content-Length: 14
Content-Type: application/json; charset=utf-8
cache-control: no-cache

15:04:52.668 [AsyncHttpClient-1-5] DEBUG org.asynchttpclient.netty.channel.ChannelManager - Adding key: http://localhost:47734 for channel [id: 0x075cee92, L:/127.0.0.1:64558 - R:localhost/127.0.0.1:47734]
User in the correct page
  Given User is on Home page                                          # stepdefinitions.LoginOrangeTest.user_is_on_home_page()
15:04:52.675 [Forwarding getAlertText on session 888b3365caf0b6cfb59f6db950351f06 to remote] DEBUG org.asynchttpclient.netty.request.NettyRequestSender - Using pooled Channel '[id: 0x075cee92, L:/127.0.0.1:64558 - R:localhost/127.0.0.1:47734]' for 'GET' to 'http://localhost:47734/session/888b3365caf0b6cfb59f6db950351f06/alert/text'
15:04:52.675 [Forwarding getAlertText on session 888b3365caf0b6cfb59f6db950351f06 to remote] DEBUG org.asynchttpclient.netty.request.NettyRequestSender - Using open Channel [id: 0x075cee92, L:/127.0.0.1:64558 - R:localhost/127.0.0.1:47734] for GET '/session/888b3365caf0b6cfb59f6db950351f06/alert/text'
15:04:52.678 [AsyncHttpClient-1-5] DEBUG org.asynchttpclient.netty.handler.HttpHandler - 

Request DefaultFullHttpRequest(decodeResult: success, version: HTTP/1.1, content: EmptyByteBufBE)
GET /session/888b3365caf0b6cfb59f6db950351f06/alert/text HTTP/1.1
User-Agent: selenium/4.8.1 (java windows)
Cache-Control: no-cache
Content-Type: application/json; charset=utf-8
host: localhost:47734
accept: */*

Response DefaultHttpResponse(decodeResult: success, version: HTTP/1.1)
HTTP/1.1 404 Not Found
Content-Length: 816
Content-Type: application/json; charset=utf-8
cache-control: no-cache

15:04:52.678 [AsyncHttpClient-1-5] DEBUG org.asynchttpclient.netty.channel.ChannelManager - Adding key: http://localhost:47734 for channel [id: 0x075cee92, L:/127.0.0.1:64558 - R:localhost/127.0.0.1:47734]
15:04:52.679 [Forwarding getCurrentUrl on session 888b3365caf0b6cfb59f6db950351f06 to remote] DEBUG org.asynchttpclient.netty.request.NettyRequestSender - Using pooled Channel '[id: 0x075cee92, L:/127.0.0.1:64558 - R:localhost/127.0.0.1:47734]' for 'GET' to 'http://localhost:47734/session/888b3365caf0b6cfb59f6db950351f06/url'
15:04:52.679 [Forwarding getCurrentUrl on session 888b3365caf0b6cfb59f6db950351f06 to remote] DEBUG org.asynchttpclient.netty.request.NettyRequestSender - Using open Channel [id: 0x075cee92, L:/127.0.0.1:64558 - R:localhost/127.0.0.1:47734] for GET '/session/888b3365caf0b6cfb59f6db950351f06/url'
15:04:52.685 [AsyncHttpClient-1-5] DEBUG org.asynchttpclient.netty.handler.HttpHandler - 

Request DefaultFullHttpRequest(decodeResult: success, version: HTTP/1.1, content: EmptyByteBufBE)
GET /session/888b3365caf0b6cfb59f6db950351f06/url HTTP/1.1
User-Agent: selenium/4.8.1 (java windows)
Cache-Control: no-cache
Content-Type: application/json; charset=utf-8
host: localhost:47734
accept: */*

Response DefaultHttpResponse(decodeResult: success, version: HTTP/1.1)
HTTP/1.1 200 OK
Content-Length: 78
Content-Type: application/json; charset=utf-8
cache-control: no-cache

15:04:52.686 [AsyncHttpClient-1-5] DEBUG org.asynchttpclient.netty.channel.ChannelManager - Adding key: http://localhost:47734 for channel [id: 0x075cee92, L:/127.0.0.1:64558 - R:localhost/127.0.0.1:47734]
15:04:52.687 [Forwarding screenshot on session 888b3365caf0b6cfb59f6db950351f06 to remote] DEBUG org.asynchttpclient.netty.request.NettyRequestSender - Using pooled Channel '[id: 0x075cee92, L:/127.0.0.1:64558 - R:localhost/127.0.0.1:47734]' for 'GET' to 'http://localhost:47734/session/888b3365caf0b6cfb59f6db950351f06/screenshot'
15:04:52.687 [Forwarding screenshot on session 888b3365caf0b6cfb59f6db950351f06 to remote] DEBUG org.asynchttpclient.netty.request.NettyRequestSender - Using open Channel [id: 0x075cee92, L:/127.0.0.1:64558 - R:localhost/127.0.0.1:47734] for GET '/session/888b3365caf0b6cfb59f6db950351f06/screenshot'
15:04:52.814 [AsyncHttpClient-1-5] DEBUG org.asynchttpclient.netty.handler.HttpHandler - 

Request DefaultFullHttpRequest(decodeResult: success, version: HTTP/1.1, content: EmptyByteBufBE)
GET /session/888b3365caf0b6cfb59f6db950351f06/screenshot HTTP/1.1
User-Agent: selenium/4.8.1 (java windows)
Cache-Control: no-cache
Content-Type: application/json; charset=utf-8
host: localhost:47734
accept: */*

Response DefaultHttpResponse(decodeResult: success, version: HTTP/1.1)
HTTP/1.1 200 OK
Content-Length: 8604
Content-Type: application/json; charset=utf-8
cache-control: no-cache

15:04:52.815 [AsyncHttpClient-1-5] DEBUG org.asynchttpclient.netty.channel.ChannelManager - Adding key: http://localhost:47734 for channel [id: 0x075cee92, L:/127.0.0.1:64558 - R:localhost/127.0.0.1:47734]
15:04:52.816 [main] DEBUG net.serenitybdd.core.photography.Darkroom - Send negative for processing for target\site\serenity\e2aedbb90ffd4b658d8efb97c378dca08967f9dcfbb77a9593c93c2f2845deac.png
15:04:52.822 [Forwarding getPageSource on session 888b3365caf0b6cfb59f6db950351f06 to remote] DEBUG org.asynchttpclient.netty.request.NettyRequestSender - Using pooled Channel '[id: 0x075cee92, L:/127.0.0.1:64558 - R:localhost/127.0.0.1:47734]' for 'POST' to 'http://localhost:47734/session/888b3365caf0b6cfb59f6db950351f06/execute/sync'
15:04:52.823 [Forwarding getPageSource on session 888b3365caf0b6cfb59f6db950351f06 to remote] DEBUG org.asynchttpclient.netty.request.NettyRequestSender - Using open Channel [id: 0x075cee92, L:/127.0.0.1:64558 - R:localhost/127.0.0.1:47734] for POST '/session/888b3365caf0b6cfb59f6db950351f06/execute/sync'
15:04:52.829 [AsyncHttpClient-1-5] DEBUG org.asynchttpclient.netty.handler.HttpHandler - 

Request DefaultHttpRequest(decodeResult: success, version: HTTP/1.1)
POST /session/888b3365caf0b6cfb59f6db950351f06/execute/sync HTTP/1.1
User-Agent: selenium/4.8.1 (java windows)
Content-Length: 176
Content-Type: application/json; charset=utf-8
host: localhost:47734
accept: */*

Response DefaultHttpResponse(decodeResult: success, version: HTTP/1.1)
HTTP/1.1 200 OK
Content-Length: 3671
Content-Type: application/json; charset=utf-8
cache-control: no-cache

15:04:52.829 [AsyncHttpClient-1-5] DEBUG org.asynchttpclient.netty.channel.ChannelManager - Adding key: http://localhost:47734 for channel [id: 0x075cee92, L:/127.0.0.1:64558 - R:localhost/127.0.0.1:47734]
15:04:52.831 [Forwarding getCurrentUrl on session 888b3365caf0b6cfb59f6db950351f06 to remote] DEBUG org.asynchttpclient.netty.request.NettyRequestSender - Using pooled Channel '[id: 0x075cee92, L:/127.0.0.1:64558 - R:localhost/127.0.0.1:47734]' for 'GET' to 'http://localhost:47734/session/888b3365caf0b6cfb59f6db950351f06/url'
15:04:52.831 [Forwarding getCurrentUrl on session 888b3365caf0b6cfb59f6db950351f06 to remote] DEBUG org.asynchttpclient.netty.request.NettyRequestSender - Using open Channel [id: 0x075cee92, L:/127.0.0.1:64558 - R:localhost/127.0.0.1:47734] for GET '/session/888b3365caf0b6cfb59f6db950351f06/url'
15:04:52.837 [AsyncHttpClient-1-5] DEBUG org.asynchttpclient.netty.handler.HttpHandler - 

Request DefaultFullHttpRequest(decodeResult: success, version: HTTP/1.1, content: EmptyByteBufBE)
GET /session/888b3365caf0b6cfb59f6db950351f06/url HTTP/1.1
User-Agent: selenium/4.8.1 (java windows)
Cache-Control: no-cache
Content-Type: application/json; charset=utf-8
host: localhost:47734
accept: */*

Response DefaultHttpResponse(decodeResult: success, version: HTTP/1.1)
HTTP/1.1 200 OK
Content-Length: 78
Content-Type: application/json; charset=utf-8
cache-control: no-cache

15:04:52.837 [AsyncHttpClient-1-5] DEBUG org.asynchttpclient.netty.channel.ChannelManager - Adding key: http://localhost:47734 for channel [id: 0x075cee92, L:/127.0.0.1:64558 - R:localhost/127.0.0.1:47734]
15:04:52.848 [Forwarding getPageSource on session 888b3365caf0b6cfb59f6db950351f06 to remote] DEBUG org.asynchttpclient.netty.request.NettyRequestSender - Using pooled Channel '[id: 0x075cee92, L:/127.0.0.1:64558 - R:localhost/127.0.0.1:47734]' for 'POST' to 'http://localhost:47734/session/888b3365caf0b6cfb59f6db950351f06/execute/sync'
15:04:52.848 [Forwarding getPageSource on session 888b3365caf0b6cfb59f6db950351f06 to remote] DEBUG org.asynchttpclient.netty.request.NettyRequestSender - Using open Channel [id: 0x075cee92, L:/127.0.0.1:64558 - R:localhost/127.0.0.1:47734] for POST '/session/888b3365caf0b6cfb59f6db950351f06/execute/sync'
15:04:52.853 [AsyncHttpClient-1-5] DEBUG org.asynchttpclient.netty.handler.HttpHandler - 

Request DefaultHttpRequest(decodeResult: success, version: HTTP/1.1)
POST /session/888b3365caf0b6cfb59f6db950351f06/execute/sync HTTP/1.1
User-Agent: selenium/4.8.1 (java windows)
Content-Length: 176
Content-Type: application/json; charset=utf-8
host: localhost:47734
accept: */*

Response DefaultHttpResponse(decodeResult: success, version: HTTP/1.1)
HTTP/1.1 200 OK
Content-Length: 3671
Content-Type: application/json; charset=utf-8
cache-control: no-cache

15:04:52.853 [AsyncHttpClient-1-5] DEBUG org.asynchttpclient.netty.channel.ChannelManager - Adding key: http://localhost:47734 for channel [id: 0x075cee92, L:/127.0.0.1:64558 - R:localhost/127.0.0.1:47734]
15:04:52.856 [Forwarding getCurrentUrl on session 888b3365caf0b6cfb59f6db950351f06 to remote] DEBUG org.asynchttpclient.netty.request.NettyRequestSender - Using pooled Channel '[id: 0x075cee92, L:/127.0.0.1:64558 - R:localhost/127.0.0.1:47734]' for 'GET' to 'http://localhost:47734/session/888b3365caf0b6cfb59f6db950351f06/url'
15:04:52.856 [Forwarding getCurrentUrl on session 888b3365caf0b6cfb59f6db950351f06 to remote] DEBUG org.asynchttpclient.netty.request.NettyRequestSender - Using open Channel [id: 0x075cee92, L:/127.0.0.1:64558 - R:localhost/127.0.0.1:47734] for GET '/session/888b3365caf0b6cfb59f6db950351f06/url'
15:04:52.860 [AsyncHttpClient-1-5] DEBUG org.asynchttpclient.netty.handler.HttpHandler - 

Request DefaultFullHttpRequest(decodeResult: success, version: HTTP/1.1, content: EmptyByteBufBE)
GET /session/888b3365caf0b6cfb59f6db950351f06/url HTTP/1.1
User-Agent: selenium/4.8.1 (java windows)
Cache-Control: no-cache
Content-Type: application/json; charset=utf-8
host: localhost:47734
accept: */*

Response DefaultHttpResponse(decodeResult: success, version: HTTP/1.1)
HTTP/1.1 200 OK
Content-Length: 78
Content-Type: application/json; charset=utf-8
cache-control: no-cache

15:04:52.861 [AsyncHttpClient-1-5] DEBUG org.asynchttpclient.netty.channel.ChannelManager - Adding key: http://localhost:47734 for channel [id: 0x075cee92, L:/127.0.0.1:64558 - R:localhost/127.0.0.1:47734]
15:04:52.865 [main] DEBUG net.thucydides.core.steps.StepInterceptor - STARTING STEP: LoginOrangeTest.user_enters_username_as - Enter Username
15:04:52.868 [Forwarding findElement on session 888b3365caf0b6cfb59f6db950351f06 to remote] DEBUG org.asynchttpclient.netty.request.NettyRequestSender - Using pooled Channel '[id: 0x075cee92, L:/127.0.0.1:64558 - R:localhost/127.0.0.1:47734]' for 'POST' to 'http://localhost:47734/session/888b3365caf0b6cfb59f6db950351f06/element'
15:04:52.868 [Forwarding findElement on session 888b3365caf0b6cfb59f6db950351f06 to remote] DEBUG org.asynchttpclient.netty.request.NettyRequestSender - Using open Channel [id: 0x075cee92, L:/127.0.0.1:64558 - R:localhost/127.0.0.1:47734] for POST '/session/888b3365caf0b6cfb59f6db950351f06/element'
15:04:53.311 [AsyncHttpClient-1-1] DEBUG org.asynchttpclient.netty.channel.DefaultChannelPool - Entry count for : http://localhost:64559 : 1
15:04:53.747 [AsyncHttpClient-1-5] DEBUG org.asynchttpclient.netty.handler.HttpHandler - 

Request DefaultHttpRequest(decodeResult: success, version: HTTP/1.1)
POST /session/888b3365caf0b6cfb59f6db950351f06/element HTTP/1.1
User-Agent: selenium/4.8.1 (java windows)
Content-Length: 62
Content-Type: application/json; charset=utf-8
host: localhost:47734
accept: */*

Response DefaultHttpResponse(decodeResult: success, version: HTTP/1.1)
HTTP/1.1 200 OK
Content-Length: 88
Content-Type: application/json; charset=utf-8
cache-control: no-cache

15:04:53.748 [AsyncHttpClient-1-5] DEBUG org.asynchttpclient.netty.channel.ChannelManager - Adding key: http://localhost:47734 for channel [id: 0x075cee92, L:/127.0.0.1:64558 - R:localhost/127.0.0.1:47734]
15:04:53.750 [Forwarding sendKeysToElement on session 888b3365caf0b6cfb59f6db950351f06 to remote] DEBUG org.asynchttpclient.netty.request.NettyRequestSender - Using pooled Channel '[id: 0x075cee92, L:/127.0.0.1:64558 - R:localhost/127.0.0.1:47734]' for 'POST' to 'http://localhost:47734/session/888b3365caf0b6cfb59f6db950351f06/element/441a6928-c077-411d-b5ef-927ab49e6b8c/value'
15:04:53.750 [Forwarding sendKeysToElement on session 888b3365caf0b6cfb59f6db950351f06 to remote] DEBUG org.asynchttpclient.netty.request.NettyRequestSender - Using open Channel [id: 0x075cee92, L:/127.0.0.1:64558 - R:localhost/127.0.0.1:47734] for POST '/session/888b3365caf0b6cfb59f6db950351f06/element/441a6928-c077-411d-b5ef-927ab49e6b8c/value'
15:04:53.799 [AsyncHttpClient-1-5] DEBUG org.asynchttpclient.netty.handler.HttpHandler - 

Request DefaultHttpRequest(decodeResult: success, version: HTTP/1.1)
POST /session/888b3365caf0b6cfb59f6db950351f06/element/441a6928-c077-411d-b5ef-927ab49e6b8c/value HTTP/1.1
User-Agent: selenium/4.8.1 (java windows)
Content-Length: 131
Content-Type: application/json; charset=utf-8
host: localhost:47734
accept: */*

Response DefaultHttpResponse(decodeResult: success, version: HTTP/1.1)
HTTP/1.1 200 OK
Content-Length: 14
Content-Type: application/json; charset=utf-8
cache-control: no-cache

15:04:53.799 [AsyncHttpClient-1-5] DEBUG org.asynchttpclient.netty.channel.ChannelManager - Adding key: http://localhost:47734 for channel [id: 0x075cee92, L:/127.0.0.1:64558 - R:localhost/127.0.0.1:47734]
15:04:53.808 [Forwarding getAlertText on session 888b3365caf0b6cfb59f6db950351f06 to remote] DEBUG org.asynchttpclient.netty.request.NettyRequestSender - Using pooled Channel '[id: 0x075cee92, L:/127.0.0.1:64558 - R:localhost/127.0.0.1:47734]' for 'GET' to 'http://localhost:47734/session/888b3365caf0b6cfb59f6db950351f06/alert/text'
15:04:53.808 [Forwarding getAlertText on session 888b3365caf0b6cfb59f6db950351f06 to remote] DEBUG org.asynchttpclient.netty.request.NettyRequestSender - Using open Channel [id: 0x075cee92, L:/127.0.0.1:64558 - R:localhost/127.0.0.1:47734] for GET '/session/888b3365caf0b6cfb59f6db950351f06/alert/text'
15:04:53.811 [AsyncHttpClient-1-5] DEBUG org.asynchttpclient.netty.handler.HttpHandler - 

Request DefaultFullHttpRequest(decodeResult: success, version: HTTP/1.1, content: EmptyByteBufBE)
GET /session/888b3365caf0b6cfb59f6db950351f06/alert/text HTTP/1.1
User-Agent: selenium/4.8.1 (java windows)
Cache-Control: no-cache
Content-Type: application/json; charset=utf-8
host: localhost:47734
accept: */*

Response DefaultHttpResponse(decodeResult: success, version: HTTP/1.1)
HTTP/1.1 404 Not Found
Content-Length: 816
Content-Type: application/json; charset=utf-8
cache-control: no-cache

15:04:53.812 [AsyncHttpClient-1-5] DEBUG org.asynchttpclient.netty.channel.ChannelManager - Adding key: http://localhost:47734 for channel [id: 0x075cee92, L:/127.0.0.1:64558 - R:localhost/127.0.0.1:47734]
15:04:53.814 [Forwarding getCurrentUrl on session 888b3365caf0b6cfb59f6db950351f06 to remote] DEBUG org.asynchttpclient.netty.request.NettyRequestSender - Using pooled Channel '[id: 0x075cee92, L:/127.0.0.1:64558 - R:localhost/127.0.0.1:47734]' for 'GET' to 'http://localhost:47734/session/888b3365caf0b6cfb59f6db950351f06/url'
15:04:53.814 [Forwarding getCurrentUrl on session 888b3365caf0b6cfb59f6db950351f06 to remote] DEBUG org.asynchttpclient.netty.request.NettyRequestSender - Using open Channel [id: 0x075cee92, L:/127.0.0.1:64558 - R:localhost/127.0.0.1:47734] for GET '/session/888b3365caf0b6cfb59f6db950351f06/url'
15:04:53.820 [AsyncHttpClient-1-5] DEBUG org.asynchttpclient.netty.handler.HttpHandler - 

Request DefaultFullHttpRequest(decodeResult: success, version: HTTP/1.1, content: EmptyByteBufBE)
GET /session/888b3365caf0b6cfb59f6db950351f06/url HTTP/1.1
User-Agent: selenium/4.8.1 (java windows)
Cache-Control: no-cache
Content-Type: application/json; charset=utf-8
host: localhost:47734
accept: */*

Response DefaultHttpResponse(decodeResult: success, version: HTTP/1.1)
HTTP/1.1 200 OK
Content-Length: 78
Content-Type: application/json; charset=utf-8
cache-control: no-cache

15:04:53.820 [AsyncHttpClient-1-5] DEBUG org.asynchttpclient.netty.channel.ChannelManager - Adding key: http://localhost:47734 for channel [id: 0x075cee92, L:/127.0.0.1:64558 - R:localhost/127.0.0.1:47734]
15:04:53.821 [Forwarding screenshot on session 888b3365caf0b6cfb59f6db950351f06 to remote] DEBUG org.asynchttpclient.netty.request.NettyRequestSender - Using pooled Channel '[id: 0x075cee92, L:/127.0.0.1:64558 - R:localhost/127.0.0.1:47734]' for 'GET' to 'http://localhost:47734/session/888b3365caf0b6cfb59f6db950351f06/screenshot'
15:04:53.822 [Forwarding screenshot on session 888b3365caf0b6cfb59f6db950351f06 to remote] DEBUG org.asynchttpclient.netty.request.NettyRequestSender - Using open Channel [id: 0x075cee92, L:/127.0.0.1:64558 - R:localhost/127.0.0.1:47734] for GET '/session/888b3365caf0b6cfb59f6db950351f06/screenshot'
15:04:54.107 [AsyncHttpClient-1-5] DEBUG org.asynchttpclient.netty.handler.HttpHandler - 

Request DefaultFullHttpRequest(decodeResult: success, version: HTTP/1.1, content: EmptyByteBufBE)
GET /session/888b3365caf0b6cfb59f6db950351f06/screenshot HTTP/1.1
User-Agent: selenium/4.8.1 (java windows)
Cache-Control: no-cache
Content-Type: application/json; charset=utf-8
host: localhost:47734
accept: */*

Response DefaultHttpResponse(decodeResult: success, version: HTTP/1.1)
HTTP/1.1 200 OK
Content-Length: 48720
Content-Type: application/json; charset=utf-8
cache-control: no-cache

15:04:54.108 [AsyncHttpClient-1-5] DEBUG org.asynchttpclient.netty.channel.ChannelManager - Adding key: http://localhost:47734 for channel [id: 0x075cee92, L:/127.0.0.1:64558 - R:localhost/127.0.0.1:47734]
15:04:54.113 [main] DEBUG net.serenitybdd.core.photography.Darkroom - Send negative for processing for target\site\serenity\802d850711cac3ab5867679607856a3af302d9f7335954b3997b662b2f53c120.png
15:04:54.114 [main] DEBUG net.thucydides.core.steps.StepInterceptor - STEP DONE: Enter Username
  When User enters username as 'admin'                                # stepdefinitions.LoginOrangeTest.user_enters_username_as(java.lang.String)
15:04:54.117 [Darkroom Processing Line] DEBUG net.serenitybdd.core.photography.DarkroomProcessingLine - Processing screenshot image in /var/screenshots/screenshot-11586555510058161314
15:04:54.117 [Darkroom Processing Line] DEBUG net.serenitybdd.core.photography.DarkroomProcessingLine - Saving screenshot to target\site\serenity\802d850711cac3ab5867679607856a3af302d9f7335954b3997b662b2f53c120.png
15:04:54.140 [Forwarding getPageSource on session 888b3365caf0b6cfb59f6db950351f06 to remote] DEBUG org.asynchttpclient.netty.request.NettyRequestSender - Using pooled Channel '[id: 0x075cee92, L:/127.0.0.1:64558 - R:localhost/127.0.0.1:47734]' for 'POST' to 'http://localhost:47734/session/888b3365caf0b6cfb59f6db950351f06/execute/sync'
15:04:54.140 [Forwarding getPageSource on session 888b3365caf0b6cfb59f6db950351f06 to remote] DEBUG org.asynchttpclient.netty.request.NettyRequestSender - Using open Channel [id: 0x075cee92, L:/127.0.0.1:64558 - R:localhost/127.0.0.1:47734] for POST '/session/888b3365caf0b6cfb59f6db950351f06/execute/sync'
15:04:54.151 [AsyncHttpClient-1-5] DEBUG org.asynchttpclient.netty.handler.HttpHandler - 

Request DefaultHttpRequest(decodeResult: success, version: HTTP/1.1)
POST /session/888b3365caf0b6cfb59f6db950351f06/execute/sync HTTP/1.1
User-Agent: selenium/4.8.1 (java windows)
Content-Length: 176
Content-Type: application/json; charset=utf-8
host: localhost:47734
accept: */*

Response DefaultHttpResponse(decodeResult: success, version: HTTP/1.1)
HTTP/1.1 200 OK
Content-Length: 16095
Content-Type: application/json; charset=utf-8
cache-control: no-cache

15:04:54.151 [AsyncHttpClient-1-5] DEBUG org.asynchttpclient.netty.channel.ChannelManager - Adding key: http://localhost:47734 for channel [id: 0x075cee92, L:/127.0.0.1:64558 - R:localhost/127.0.0.1:47734]
15:04:54.158 [Forwarding getCurrentUrl on session 888b3365caf0b6cfb59f6db950351f06 to remote] DEBUG org.asynchttpclient.netty.request.NettyRequestSender - Using pooled Channel '[id: 0x075cee92, L:/127.0.0.1:64558 - R:localhost/127.0.0.1:47734]' for 'GET' to 'http://localhost:47734/session/888b3365caf0b6cfb59f6db950351f06/url'
15:04:54.158 [Forwarding getCurrentUrl on session 888b3365caf0b6cfb59f6db950351f06 to remote] DEBUG org.asynchttpclient.netty.request.NettyRequestSender - Using open Channel [id: 0x075cee92, L:/127.0.0.1:64558 - R:localhost/127.0.0.1:47734] for GET '/session/888b3365caf0b6cfb59f6db950351f06/url'
15:04:54.167 [AsyncHttpClient-1-5] DEBUG org.asynchttpclient.netty.handler.HttpHandler - 

Request DefaultFullHttpRequest(decodeResult: success, version: HTTP/1.1, content: EmptyByteBufBE)
GET /session/888b3365caf0b6cfb59f6db950351f06/url HTTP/1.1
User-Agent: selenium/4.8.1 (java windows)
Cache-Control: no-cache
Content-Type: application/json; charset=utf-8
host: localhost:47734
accept: */*

Response DefaultHttpResponse(decodeResult: success, version: HTTP/1.1)
HTTP/1.1 200 OK
Content-Length: 78
Content-Type: application/json; charset=utf-8
cache-control: no-cache

15:04:54.167 [AsyncHttpClient-1-5] DEBUG org.asynchttpclient.netty.channel.ChannelManager - Adding key: http://localhost:47734 for channel [id: 0x075cee92, L:/127.0.0.1:64558 - R:localhost/127.0.0.1:47734]
15:04:54.187 [Forwarding getAlertText on session 888b3365caf0b6cfb59f6db950351f06 to remote] DEBUG org.asynchttpclient.netty.request.NettyRequestSender - Using pooled Channel '[id: 0x075cee92, L:/127.0.0.1:64558 - R:localhost/127.0.0.1:47734]' for 'GET' to 'http://localhost:47734/session/888b3365caf0b6cfb59f6db950351f06/alert/text'
15:04:54.187 [Forwarding getAlertText on session 888b3365caf0b6cfb59f6db950351f06 to remote] DEBUG org.asynchttpclient.netty.request.NettyRequestSender - Using open Channel [id: 0x075cee92, L:/127.0.0.1:64558 - R:localhost/127.0.0.1:47734] for GET '/session/888b3365caf0b6cfb59f6db950351f06/alert/text'
15:04:54.191 [AsyncHttpClient-1-5] DEBUG org.asynchttpclient.netty.handler.HttpHandler - 

Request DefaultFullHttpRequest(decodeResult: success, version: HTTP/1.1, content: EmptyByteBufBE)
GET /session/888b3365caf0b6cfb59f6db950351f06/alert/text HTTP/1.1
User-Agent: selenium/4.8.1 (java windows)
Cache-Control: no-cache
Content-Type: application/json; charset=utf-8
host: localhost:47734
accept: */*

Response DefaultHttpResponse(decodeResult: success, version: HTTP/1.1)
HTTP/1.1 404 Not Found
Content-Length: 816
Content-Type: application/json; charset=utf-8
cache-control: no-cache

15:04:54.191 [AsyncHttpClient-1-5] DEBUG org.asynchttpclient.netty.channel.ChannelManager - Adding key: http://localhost:47734 for channel [id: 0x075cee92, L:/127.0.0.1:64558 - R:localhost/127.0.0.1:47734]
15:04:54.193 [Forwarding getCurrentUrl on session 888b3365caf0b6cfb59f6db950351f06 to remote] DEBUG org.asynchttpclient.netty.request.NettyRequestSender - Using pooled Channel '[id: 0x075cee92, L:/127.0.0.1:64558 - R:localhost/127.0.0.1:47734]' for 'GET' to 'http://localhost:47734/session/888b3365caf0b6cfb59f6db950351f06/url'
15:04:54.193 [Forwarding getCurrentUrl on session 888b3365caf0b6cfb59f6db950351f06 to remote] DEBUG org.asynchttpclient.netty.request.NettyRequestSender - Using open Channel [id: 0x075cee92, L:/127.0.0.1:64558 - R:localhost/127.0.0.1:47734] for GET '/session/888b3365caf0b6cfb59f6db950351f06/url'
15:04:54.204 [AsyncHttpClient-1-5] DEBUG org.asynchttpclient.netty.handler.HttpHandler - 

Request DefaultFullHttpRequest(decodeResult: success, version: HTTP/1.1, content: EmptyByteBufBE)
GET /session/888b3365caf0b6cfb59f6db950351f06/url HTTP/1.1
User-Agent: selenium/4.8.1 (java windows)
Cache-Control: no-cache
Content-Type: application/json; charset=utf-8
host: localhost:47734
accept: */*

Response DefaultHttpResponse(decodeResult: success, version: HTTP/1.1)
HTTP/1.1 200 OK
Content-Length: 78
Content-Type: application/json; charset=utf-8
cache-control: no-cache

15:04:54.204 [AsyncHttpClient-1-5] DEBUG org.asynchttpclient.netty.channel.ChannelManager - Adding key: http://localhost:47734 for channel [id: 0x075cee92, L:/127.0.0.1:64558 - R:localhost/127.0.0.1:47734]
15:04:54.206 [Forwarding screenshot on session 888b3365caf0b6cfb59f6db950351f06 to remote] DEBUG org.asynchttpclient.netty.request.NettyRequestSender - Using pooled Channel '[id: 0x075cee92, L:/127.0.0.1:64558 - R:localhost/127.0.0.1:47734]' for 'GET' to 'http://localhost:47734/session/888b3365caf0b6cfb59f6db950351f06/screenshot'
15:04:54.206 [Forwarding screenshot on session 888b3365caf0b6cfb59f6db950351f06 to remote] DEBUG org.asynchttpclient.netty.request.NettyRequestSender - Using open Channel [id: 0x075cee92, L:/127.0.0.1:64558 - R:localhost/127.0.0.1:47734] for GET '/session/888b3365caf0b6cfb59f6db950351f06/screenshot'
15:04:54.361 [AsyncHttpClient-1-5] DEBUG org.asynchttpclient.netty.handler.HttpHandler - 

Request DefaultFullHttpRequest(decodeResult: success, version: HTTP/1.1, content: EmptyByteBufBE)
GET /session/888b3365caf0b6cfb59f6db950351f06/screenshot HTTP/1.1
User-Agent: selenium/4.8.1 (java windows)
Cache-Control: no-cache
Content-Type: application/json; charset=utf-8
host: localhost:47734
accept: */*

Response DefaultHttpResponse(decodeResult: success, version: HTTP/1.1)
HTTP/1.1 200 OK
Content-Length: 88752
Content-Type: application/json; charset=utf-8
cache-control: no-cache

15:04:54.362 [AsyncHttpClient-1-5] DEBUG org.asynchttpclient.netty.channel.ChannelManager - Adding key: http://localhost:47734 for channel [id: 0x075cee92, L:/127.0.0.1:64558 - R:localhost/127.0.0.1:47734]
15:04:54.367 [main] DEBUG net.serenitybdd.core.photography.Darkroom - Send negative for processing for target\site\serenity\bdf4e8a3b6c6072fc70eb4d33303cf4973b50f8f4908cc66dfac4f32cb12008c.png
15:04:54.367 [Forwarding getPageSource on session 888b3365caf0b6cfb59f6db950351f06 to remote] DEBUG org.asynchttpclient.netty.request.NettyRequestSender - Using pooled Channel '[id: 0x075cee92, L:/127.0.0.1:64558 - R:localhost/127.0.0.1:47734]' for 'POST' to 'http://localhost:47734/session/888b3365caf0b6cfb59f6db950351f06/execute/sync'
15:04:54.367 [Forwarding getPageSource on session 888b3365caf0b6cfb59f6db950351f06 to remote] DEBUG org.asynchttpclient.netty.request.NettyRequestSender - Using open Channel [id: 0x075cee92, L:/127.0.0.1:64558 - R:localhost/127.0.0.1:47734] for POST '/session/888b3365caf0b6cfb59f6db950351f06/execute/sync'
15:04:54.371 [Darkroom Processing Line] DEBUG net.serenitybdd.core.photography.DarkroomProcessingLine - Processing screenshot image in /var/screenshots/screenshot-5214136493536986784
15:04:54.371 [Darkroom Processing Line] DEBUG net.serenitybdd.core.photography.DarkroomProcessingLine - Saving screenshot to target\site\serenity\bdf4e8a3b6c6072fc70eb4d33303cf4973b50f8f4908cc66dfac4f32cb12008c.png
15:04:54.377 [AsyncHttpClient-1-5] DEBUG org.asynchttpclient.netty.handler.HttpHandler - 

Request DefaultHttpRequest(decodeResult: success, version: HTTP/1.1)
POST /session/888b3365caf0b6cfb59f6db950351f06/execute/sync HTTP/1.1
User-Agent: selenium/4.8.1 (java windows)
Content-Length: 176
Content-Type: application/json; charset=utf-8
host: localhost:47734
accept: */*

Response DefaultHttpResponse(decodeResult: success, version: HTTP/1.1)
HTTP/1.1 200 OK
Content-Length: 16095
Content-Type: application/json; charset=utf-8
cache-control: no-cache

15:04:54.377 [AsyncHttpClient-1-5] DEBUG org.asynchttpclient.netty.channel.ChannelManager - Adding key: http://localhost:47734 for channel [id: 0x075cee92, L:/127.0.0.1:64558 - R:localhost/127.0.0.1:47734]
15:04:54.381 [Forwarding getCurrentUrl on session 888b3365caf0b6cfb59f6db950351f06 to remote] DEBUG org.asynchttpclient.netty.request.NettyRequestSender - Using pooled Channel '[id: 0x075cee92, L:/127.0.0.1:64558 - R:localhost/127.0.0.1:47734]' for 'GET' to 'http://localhost:47734/session/888b3365caf0b6cfb59f6db950351f06/url'
15:04:54.381 [Forwarding getCurrentUrl on session 888b3365caf0b6cfb59f6db950351f06 to remote] DEBUG org.asynchttpclient.netty.request.NettyRequestSender - Using open Channel [id: 0x075cee92, L:/127.0.0.1:64558 - R:localhost/127.0.0.1:47734] for GET '/session/888b3365caf0b6cfb59f6db950351f06/url'
15:04:54.386 [AsyncHttpClient-1-5] DEBUG org.asynchttpclient.netty.handler.HttpHandler - 

Request DefaultFullHttpRequest(decodeResult: success, version: HTTP/1.1, content: EmptyByteBufBE)
GET /session/888b3365caf0b6cfb59f6db950351f06/url HTTP/1.1
User-Agent: selenium/4.8.1 (java windows)
Cache-Control: no-cache
Content-Type: application/json; charset=utf-8
host: localhost:47734
accept: */*

Response DefaultHttpResponse(decodeResult: success, version: HTTP/1.1)
HTTP/1.1 200 OK
Content-Length: 78
Content-Type: application/json; charset=utf-8
cache-control: no-cache

15:04:54.386 [AsyncHttpClient-1-5] DEBUG org.asynchttpclient.netty.channel.ChannelManager - Adding key: http://localhost:47734 for channel [id: 0x075cee92, L:/127.0.0.1:64558 - R:localhost/127.0.0.1:47734]
15:04:54.393 [main] DEBUG net.thucydides.core.steps.StepInterceptor - STARTING STEP: LoginOrangeTest.user_enters_password_as - Enter Password
15:04:54.396 [Forwarding findElement on session 888b3365caf0b6cfb59f6db950351f06 to remote] DEBUG org.asynchttpclient.netty.request.NettyRequestSender - Using pooled Channel '[id: 0x075cee92, L:/127.0.0.1:64558 - R:localhost/127.0.0.1:47734]' for 'POST' to 'http://localhost:47734/session/888b3365caf0b6cfb59f6db950351f06/element'
15:04:54.396 [Forwarding findElement on session 888b3365caf0b6cfb59f6db950351f06 to remote] DEBUG org.asynchttpclient.netty.request.NettyRequestSender - Using open Channel [id: 0x075cee92, L:/127.0.0.1:64558 - R:localhost/127.0.0.1:47734] for POST '/session/888b3365caf0b6cfb59f6db950351f06/element'
15:04:54.410 [AsyncHttpClient-1-5] DEBUG org.asynchttpclient.netty.handler.HttpHandler - 

Request DefaultHttpRequest(decodeResult: success, version: HTTP/1.1)
POST /session/888b3365caf0b6cfb59f6db950351f06/element HTTP/1.1
User-Agent: selenium/4.8.1 (java windows)
Content-Length: 62
Content-Type: application/json; charset=utf-8
host: localhost:47734
accept: */*

Response DefaultHttpResponse(decodeResult: success, version: HTTP/1.1)
HTTP/1.1 200 OK
Content-Length: 88
Content-Type: application/json; charset=utf-8
cache-control: no-cache

15:04:54.410 [AsyncHttpClient-1-5] DEBUG org.asynchttpclient.netty.channel.ChannelManager - Adding key: http://localhost:47734 for channel [id: 0x075cee92, L:/127.0.0.1:64558 - R:localhost/127.0.0.1:47734]
15:04:54.412 [Forwarding sendKeysToElement on session 888b3365caf0b6cfb59f6db950351f06 to remote] DEBUG org.asynchttpclient.netty.request.NettyRequestSender - Using pooled Channel '[id: 0x075cee92, L:/127.0.0.1:64558 - R:localhost/127.0.0.1:47734]' for 'POST' to 'http://localhost:47734/session/888b3365caf0b6cfb59f6db950351f06/element/664d80fc-594d-4937-abfb-571ed90db166/value'
15:04:54.412 [Forwarding sendKeysToElement on session 888b3365caf0b6cfb59f6db950351f06 to remote] DEBUG org.asynchttpclient.netty.request.NettyRequestSender - Using open Channel [id: 0x075cee92, L:/127.0.0.1:64558 - R:localhost/127.0.0.1:47734] for POST '/session/888b3365caf0b6cfb59f6db950351f06/element/664d80fc-594d-4937-abfb-571ed90db166/value'
15:04:54.415 [AsyncHttpClient-1-1] DEBUG org.asynchttpclient.netty.channel.DefaultChannelPool - Entry count for : http://localhost:64559 : 1
15:04:54.482 [AsyncHttpClient-1-5] DEBUG org.asynchttpclient.netty.handler.HttpHandler - 

Request DefaultHttpRequest(decodeResult: success, version: HTTP/1.1)
POST /session/888b3365caf0b6cfb59f6db950351f06/element/664d80fc-594d-4937-abfb-571ed90db166/value HTTP/1.1
User-Agent: selenium/4.8.1 (java windows)
Content-Length: 131
Content-Type: application/json; charset=utf-8
host: localhost:47734
accept: */*

Response DefaultHttpResponse(decodeResult: success, version: HTTP/1.1)
HTTP/1.1 200 OK
Content-Length: 14
Content-Type: application/json; charset=utf-8
cache-control: no-cache

15:04:54.483 [AsyncHttpClient-1-5] DEBUG org.asynchttpclient.netty.channel.ChannelManager - Adding key: http://localhost:47734 for channel [id: 0x075cee92, L:/127.0.0.1:64558 - R:localhost/127.0.0.1:47734]
15:04:54.489 [Forwarding getAlertText on session 888b3365caf0b6cfb59f6db950351f06 to remote] DEBUG org.asynchttpclient.netty.request.NettyRequestSender - Using pooled Channel '[id: 0x075cee92, L:/127.0.0.1:64558 - R:localhost/127.0.0.1:47734]' for 'GET' to 'http://localhost:47734/session/888b3365caf0b6cfb59f6db950351f06/alert/text'
15:04:54.489 [Forwarding getAlertText on session 888b3365caf0b6cfb59f6db950351f06 to remote] DEBUG org.asynchttpclient.netty.request.NettyRequestSender - Using open Channel [id: 0x075cee92, L:/127.0.0.1:64558 - R:localhost/127.0.0.1:47734] for GET '/session/888b3365caf0b6cfb59f6db950351f06/alert/text'
15:04:54.492 [AsyncHttpClient-1-5] DEBUG org.asynchttpclient.netty.handler.HttpHandler - 

Request DefaultFullHttpRequest(decodeResult: success, version: HTTP/1.1, content: EmptyByteBufBE)
GET /session/888b3365caf0b6cfb59f6db950351f06/alert/text HTTP/1.1
User-Agent: selenium/4.8.1 (java windows)
Cache-Control: no-cache
Content-Type: application/json; charset=utf-8
host: localhost:47734
accept: */*

Response DefaultHttpResponse(decodeResult: success, version: HTTP/1.1)
HTTP/1.1 404 Not Found
Content-Length: 816
Content-Type: application/json; charset=utf-8
cache-control: no-cache

15:04:54.492 [AsyncHttpClient-1-5] DEBUG org.asynchttpclient.netty.channel.ChannelManager - Adding key: http://localhost:47734 for channel [id: 0x075cee92, L:/127.0.0.1:64558 - R:localhost/127.0.0.1:47734]
15:04:54.495 [Forwarding getCurrentUrl on session 888b3365caf0b6cfb59f6db950351f06 to remote] DEBUG org.asynchttpclient.netty.request.NettyRequestSender - Using pooled Channel '[id: 0x075cee92, L:/127.0.0.1:64558 - R:localhost/127.0.0.1:47734]' for 'GET' to 'http://localhost:47734/session/888b3365caf0b6cfb59f6db950351f06/url'
15:04:54.495 [Forwarding getCurrentUrl on session 888b3365caf0b6cfb59f6db950351f06 to remote] DEBUG org.asynchttpclient.netty.request.NettyRequestSender - Using open Channel [id: 0x075cee92, L:/127.0.0.1:64558 - R:localhost/127.0.0.1:47734] for GET '/session/888b3365caf0b6cfb59f6db950351f06/url'
15:04:54.499 [AsyncHttpClient-1-5] DEBUG org.asynchttpclient.netty.handler.HttpHandler - 

Request DefaultFullHttpRequest(decodeResult: success, version: HTTP/1.1, content: EmptyByteBufBE)
GET /session/888b3365caf0b6cfb59f6db950351f06/url HTTP/1.1
User-Agent: selenium/4.8.1 (java windows)
Cache-Control: no-cache
Content-Type: application/json; charset=utf-8
host: localhost:47734
accept: */*

Response DefaultHttpResponse(decodeResult: success, version: HTTP/1.1)
HTTP/1.1 200 OK
Content-Length: 78
Content-Type: application/json; charset=utf-8
cache-control: no-cache

15:04:54.499 [AsyncHttpClient-1-5] DEBUG org.asynchttpclient.netty.channel.ChannelManager - Adding key: http://localhost:47734 for channel [id: 0x075cee92, L:/127.0.0.1:64558 - R:localhost/127.0.0.1:47734]
15:04:54.500 [Forwarding screenshot on session 888b3365caf0b6cfb59f6db950351f06 to remote] DEBUG org.asynchttpclient.netty.request.NettyRequestSender - Using pooled Channel '[id: 0x075cee92, L:/127.0.0.1:64558 - R:localhost/127.0.0.1:47734]' for 'GET' to 'http://localhost:47734/session/888b3365caf0b6cfb59f6db950351f06/screenshot'
15:04:54.500 [Forwarding screenshot on session 888b3365caf0b6cfb59f6db950351f06 to remote] DEBUG org.asynchttpclient.netty.request.NettyRequestSender - Using open Channel [id: 0x075cee92, L:/127.0.0.1:64558 - R:localhost/127.0.0.1:47734] for GET '/session/888b3365caf0b6cfb59f6db950351f06/screenshot'
15:04:54.632 [AsyncHttpClient-1-5] DEBUG org.asynchttpclient.netty.handler.HttpHandler - 

Request DefaultFullHttpRequest(decodeResult: success, version: HTTP/1.1, content: EmptyByteBufBE)
GET /session/888b3365caf0b6cfb59f6db950351f06/screenshot HTTP/1.1
User-Agent: selenium/4.8.1 (java windows)
Cache-Control: no-cache
Content-Type: application/json; charset=utf-8
host: localhost:47734
accept: */*

Response DefaultHttpResponse(decodeResult: success, version: HTTP/1.1)
HTTP/1.1 200 OK
Content-Length: 86912
Content-Type: application/json; charset=utf-8
cache-control: no-cache

15:04:54.633 [AsyncHttpClient-1-5] DEBUG org.asynchttpclient.netty.channel.ChannelManager - Adding key: http://localhost:47734 for channel [id: 0x075cee92, L:/127.0.0.1:64558 - R:localhost/127.0.0.1:47734]
15:04:54.638 [main] DEBUG net.serenitybdd.core.photography.Darkroom - Send negative for processing for target\site\serenity\06dd7654051850bd769e092eb220ae192b650813d41138a8b599eeacade3c0e4.png
15:04:54.638 [main] DEBUG net.thucydides.core.steps.StepInterceptor - STEP DONE: Enter Password
  And User enters password as 'admin'                                 # stepdefinitions.LoginOrangeTest.user_enters_password_as(java.lang.String)
15:04:54.641 [Darkroom Processing Line] DEBUG net.serenitybdd.core.photography.DarkroomProcessingLine - Processing screenshot image in /var/screenshots/screenshot-8650506227350327011
15:04:54.641 [Darkroom Processing Line] DEBUG net.serenitybdd.core.photography.DarkroomProcessingLine - Saving screenshot to target\site\serenity\06dd7654051850bd769e092eb220ae192b650813d41138a8b599eeacade3c0e4.png
15:04:54.651 [Forwarding getPageSource on session 888b3365caf0b6cfb59f6db950351f06 to remote] DEBUG org.asynchttpclient.netty.request.NettyRequestSender - Using pooled Channel '[id: 0x075cee92, L:/127.0.0.1:64558 - R:localhost/127.0.0.1:47734]' for 'POST' to 'http://localhost:47734/session/888b3365caf0b6cfb59f6db950351f06/execute/sync'
15:04:54.651 [Forwarding getPageSource on session 888b3365caf0b6cfb59f6db950351f06 to remote] DEBUG org.asynchttpclient.netty.request.NettyRequestSender - Using open Channel [id: 0x075cee92, L:/127.0.0.1:64558 - R:localhost/127.0.0.1:47734] for POST '/session/888b3365caf0b6cfb59f6db950351f06/execute/sync'
15:04:54.656 [AsyncHttpClient-1-5] DEBUG org.asynchttpclient.netty.handler.HttpHandler - 

Request DefaultHttpRequest(decodeResult: success, version: HTTP/1.1)
POST /session/888b3365caf0b6cfb59f6db950351f06/execute/sync HTTP/1.1
User-Agent: selenium/4.8.1 (java windows)
Content-Length: 176
Content-Type: application/json; charset=utf-8
host: localhost:47734
accept: */*

Response DefaultHttpResponse(decodeResult: success, version: HTTP/1.1)
HTTP/1.1 200 OK
Content-Length: 16095
Content-Type: application/json; charset=utf-8
cache-control: no-cache

15:04:54.656 [AsyncHttpClient-1-5] DEBUG org.asynchttpclient.netty.channel.ChannelManager - Adding key: http://localhost:47734 for channel [id: 0x075cee92, L:/127.0.0.1:64558 - R:localhost/127.0.0.1:47734]
15:04:54.660 [Forwarding getCurrentUrl on session 888b3365caf0b6cfb59f6db950351f06 to remote] DEBUG org.asynchttpclient.netty.request.NettyRequestSender - Using pooled Channel '[id: 0x075cee92, L:/127.0.0.1:64558 - R:localhost/127.0.0.1:47734]' for 'GET' to 'http://localhost:47734/session/888b3365caf0b6cfb59f6db950351f06/url'
15:04:54.660 [Forwarding getCurrentUrl on session 888b3365caf0b6cfb59f6db950351f06 to remote] DEBUG org.asynchttpclient.netty.request.NettyRequestSender - Using open Channel [id: 0x075cee92, L:/127.0.0.1:64558 - R:localhost/127.0.0.1:47734] for GET '/session/888b3365caf0b6cfb59f6db950351f06/url'
15:04:54.664 [AsyncHttpClient-1-5] DEBUG org.asynchttpclient.netty.handler.HttpHandler - 

Request DefaultFullHttpRequest(decodeResult: success, version: HTTP/1.1, content: EmptyByteBufBE)
GET /session/888b3365caf0b6cfb59f6db950351f06/url HTTP/1.1
User-Agent: selenium/4.8.1 (java windows)
Cache-Control: no-cache
Content-Type: application/json; charset=utf-8
host: localhost:47734
accept: */*

Response DefaultHttpResponse(decodeResult: success, version: HTTP/1.1)
HTTP/1.1 200 OK
Content-Length: 78
Content-Type: application/json; charset=utf-8
cache-control: no-cache

15:04:54.664 [AsyncHttpClient-1-5] DEBUG org.asynchttpclient.netty.channel.ChannelManager - Adding key: http://localhost:47734 for channel [id: 0x075cee92, L:/127.0.0.1:64558 - R:localhost/127.0.0.1:47734]
15:04:54.680 [Forwarding getPageSource on session 888b3365caf0b6cfb59f6db950351f06 to remote] DEBUG org.asynchttpclient.netty.request.NettyRequestSender - Using pooled Channel '[id: 0x075cee92, L:/127.0.0.1:64558 - R:localhost/127.0.0.1:47734]' for 'POST' to 'http://localhost:47734/session/888b3365caf0b6cfb59f6db950351f06/execute/sync'
15:04:54.680 [Forwarding getPageSource on session 888b3365caf0b6cfb59f6db950351f06 to remote] DEBUG org.asynchttpclient.netty.request.NettyRequestSender - Using open Channel [id: 0x075cee92, L:/127.0.0.1:64558 - R:localhost/127.0.0.1:47734] for POST '/session/888b3365caf0b6cfb59f6db950351f06/execute/sync'
15:04:54.684 [AsyncHttpClient-1-5] DEBUG org.asynchttpclient.netty.handler.HttpHandler - 

Request DefaultHttpRequest(decodeResult: success, version: HTTP/1.1)
POST /session/888b3365caf0b6cfb59f6db950351f06/execute/sync HTTP/1.1
User-Agent: selenium/4.8.1 (java windows)
Content-Length: 176
Content-Type: application/json; charset=utf-8
host: localhost:47734
accept: */*

Response DefaultHttpResponse(decodeResult: success, version: HTTP/1.1)
HTTP/1.1 200 OK
Content-Length: 16095
Content-Type: application/json; charset=utf-8
cache-control: no-cache

15:04:54.684 [AsyncHttpClient-1-5] DEBUG org.asynchttpclient.netty.channel.ChannelManager - Adding key: http://localhost:47734 for channel [id: 0x075cee92, L:/127.0.0.1:64558 - R:localhost/127.0.0.1:47734]
15:04:54.688 [Forwarding getCurrentUrl on session 888b3365caf0b6cfb59f6db950351f06 to remote] DEBUG org.asynchttpclient.netty.request.NettyRequestSender - Using pooled Channel '[id: 0x075cee92, L:/127.0.0.1:64558 - R:localhost/127.0.0.1:47734]' for 'GET' to 'http://localhost:47734/session/888b3365caf0b6cfb59f6db950351f06/url'
15:04:54.688 [Forwarding getCurrentUrl on session 888b3365caf0b6cfb59f6db950351f06 to remote] DEBUG org.asynchttpclient.netty.request.NettyRequestSender - Using open Channel [id: 0x075cee92, L:/127.0.0.1:64558 - R:localhost/127.0.0.1:47734] for GET '/session/888b3365caf0b6cfb59f6db950351f06/url'
15:04:54.692 [AsyncHttpClient-1-5] DEBUG org.asynchttpclient.netty.handler.HttpHandler - 

Request DefaultFullHttpRequest(decodeResult: success, version: HTTP/1.1, content: EmptyByteBufBE)
GET /session/888b3365caf0b6cfb59f6db950351f06/url HTTP/1.1
User-Agent: selenium/4.8.1 (java windows)
Cache-Control: no-cache
Content-Type: application/json; charset=utf-8
host: localhost:47734
accept: */*

Response DefaultHttpResponse(decodeResult: success, version: HTTP/1.1)
HTTP/1.1 200 OK
Content-Length: 78
Content-Type: application/json; charset=utf-8
cache-control: no-cache

15:04:54.692 [AsyncHttpClient-1-5] DEBUG org.asynchttpclient.netty.channel.ChannelManager - Adding key: http://localhost:47734 for channel [id: 0x075cee92, L:/127.0.0.1:64558 - R:localhost/127.0.0.1:47734]
15:04:54.700 [main] DEBUG net.thucydides.core.steps.StepInterceptor - STARTING STEP: LoginOrangeTest.unsucessfulLogin - Error Message on unsuccessful login
15:04:54.703 [Forwarding findElement on session 888b3365caf0b6cfb59f6db950351f06 to remote] DEBUG org.asynchttpclient.netty.request.NettyRequestSender - Using pooled Channel '[id: 0x075cee92, L:/127.0.0.1:64558 - R:localhost/127.0.0.1:47734]' for 'POST' to 'http://localhost:47734/session/888b3365caf0b6cfb59f6db950351f06/element'
15:04:54.703 [Forwarding findElement on session 888b3365caf0b6cfb59f6db950351f06 to remote] DEBUG org.asynchttpclient.netty.request.NettyRequestSender - Using open Channel [id: 0x075cee92, L:/127.0.0.1:64558 - R:localhost/127.0.0.1:47734] for POST '/session/888b3365caf0b6cfb59f6db950351f06/element'
15:04:55.513 [AsyncHttpClient-1-1] DEBUG org.asynchttpclient.netty.channel.DefaultChannelPool - Entry count for : http://localhost:64559 : 1
15:04:56.619 [AsyncHttpClient-1-1] DEBUG org.asynchttpclient.netty.channel.DefaultChannelPool - Entry count for : http://localhost:64559 : 1
15:04:56.720 [AsyncHttpClient-1-5] DEBUG org.asynchttpclient.netty.handler.HttpHandler - 

Request DefaultHttpRequest(decodeResult: success, version: HTTP/1.1)
POST /session/888b3365caf0b6cfb59f6db950351f06/element HTTP/1.1
User-Agent: selenium/4.8.1 (java windows)
Content-Length: 167
Content-Type: application/json; charset=utf-8
host: localhost:47734
accept: */*

Response DefaultHttpResponse(decodeResult: success, version: HTTP/1.1)
HTTP/1.1 404 Not Found
Content-Length: 986
Content-Type: application/json; charset=utf-8
cache-control: no-cache

15:04:56.720 [AsyncHttpClient-1-5] DEBUG org.asynchttpclient.netty.channel.ChannelManager - Adding key: http://localhost:47734 for channel [id: 0x075cee92, L:/127.0.0.1:64558 - R:localhost/127.0.0.1:47734]
15:04:56.727 [Forwarding getAlertText on session 888b3365caf0b6cfb59f6db950351f06 to remote] DEBUG org.asynchttpclient.netty.request.NettyRequestSender - Using pooled Channel '[id: 0x075cee92, L:/127.0.0.1:64558 - R:localhost/127.0.0.1:47734]' for 'GET' to 'http://localhost:47734/session/888b3365caf0b6cfb59f6db950351f06/alert/text'
15:04:56.727 [Forwarding getAlertText on session 888b3365caf0b6cfb59f6db950351f06 to remote] DEBUG org.asynchttpclient.netty.request.NettyRequestSender - Using open Channel [id: 0x075cee92, L:/127.0.0.1:64558 - R:localhost/127.0.0.1:47734] for GET '/session/888b3365caf0b6cfb59f6db950351f06/alert/text'
15:04:56.729 [AsyncHttpClient-1-5] DEBUG org.asynchttpclient.netty.handler.HttpHandler - 

Request DefaultFullHttpRequest(decodeResult: success, version: HTTP/1.1, content: EmptyByteBufBE)
GET /session/888b3365caf0b6cfb59f6db950351f06/alert/text HTTP/1.1
User-Agent: selenium/4.8.1 (java windows)
Cache-Control: no-cache
Content-Type: application/json; charset=utf-8
host: localhost:47734
accept: */*

Response DefaultHttpResponse(decodeResult: success, version: HTTP/1.1)
HTTP/1.1 404 Not Found
Content-Length: 816
Content-Type: application/json; charset=utf-8
cache-control: no-cache

15:04:56.729 [AsyncHttpClient-1-5] DEBUG org.asynchttpclient.netty.channel.ChannelManager - Adding key: http://localhost:47734 for channel [id: 0x075cee92, L:/127.0.0.1:64558 - R:localhost/127.0.0.1:47734]
15:04:56.731 [Forwarding getCurrentUrl on session 888b3365caf0b6cfb59f6db950351f06 to remote] DEBUG org.asynchttpclient.netty.request.NettyRequestSender - Using pooled Channel '[id: 0x075cee92, L:/127.0.0.1:64558 - R:localhost/127.0.0.1:47734]' for 'GET' to 'http://localhost:47734/session/888b3365caf0b6cfb59f6db950351f06/url'
15:04:56.731 [Forwarding getCurrentUrl on session 888b3365caf0b6cfb59f6db950351f06 to remote] DEBUG org.asynchttpclient.netty.request.NettyRequestSender - Using open Channel [id: 0x075cee92, L:/127.0.0.1:64558 - R:localhost/127.0.0.1:47734] for GET '/session/888b3365caf0b6cfb59f6db950351f06/url'
15:04:56.735 [AsyncHttpClient-1-5] DEBUG org.asynchttpclient.netty.handler.HttpHandler - 

Request DefaultFullHttpRequest(decodeResult: success, version: HTTP/1.1, content: EmptyByteBufBE)
GET /session/888b3365caf0b6cfb59f6db950351f06/url HTTP/1.1
User-Agent: selenium/4.8.1 (java windows)
Cache-Control: no-cache
Content-Type: application/json; charset=utf-8
host: localhost:47734
accept: */*

Response DefaultHttpResponse(decodeResult: success, version: HTTP/1.1)
HTTP/1.1 200 OK
Content-Length: 78
Content-Type: application/json; charset=utf-8
cache-control: no-cache

15:04:56.735 [AsyncHttpClient-1-5] DEBUG org.asynchttpclient.netty.channel.ChannelManager - Adding key: http://localhost:47734 for channel [id: 0x075cee92, L:/127.0.0.1:64558 - R:localhost/127.0.0.1:47734]
15:04:56.736 [Forwarding screenshot on session 888b3365caf0b6cfb59f6db950351f06 to remote] DEBUG org.asynchttpclient.netty.request.NettyRequestSender - Using pooled Channel '[id: 0x075cee92, L:/127.0.0.1:64558 - R:localhost/127.0.0.1:47734]' for 'GET' to 'http://localhost:47734/session/888b3365caf0b6cfb59f6db950351f06/screenshot'
15:04:56.736 [Forwarding screenshot on session 888b3365caf0b6cfb59f6db950351f06 to remote] DEBUG org.asynchttpclient.netty.request.NettyRequestSender - Using open Channel [id: 0x075cee92, L:/127.0.0.1:64558 - R:localhost/127.0.0.1:47734] for GET '/session/888b3365caf0b6cfb59f6db950351f06/screenshot'
15:04:56.850 [AsyncHttpClient-1-5] DEBUG org.asynchttpclient.netty.handler.HttpHandler - 

Request DefaultFullHttpRequest(decodeResult: success, version: HTTP/1.1, content: EmptyByteBufBE)
GET /session/888b3365caf0b6cfb59f6db950351f06/screenshot HTTP/1.1
User-Agent: selenium/4.8.1 (java windows)
Cache-Control: no-cache
Content-Type: application/json; charset=utf-8
host: localhost:47734
accept: */*

Response DefaultHttpResponse(decodeResult: success, version: HTTP/1.1)
HTTP/1.1 200 OK
Content-Length: 113080
Content-Type: application/json; charset=utf-8
cache-control: no-cache

15:04:56.851 [AsyncHttpClient-1-5] DEBUG org.asynchttpclient.netty.channel.ChannelManager - Adding key: http://localhost:47734 for channel [id: 0x075cee92, L:/127.0.0.1:64558 - R:localhost/127.0.0.1:47734]
15:04:56.854 [main] DEBUG net.serenitybdd.core.photography.Darkroom - Send negative for processing for target\site\serenity\6c6bd7dffe933ee738979b68773c4e15747443ff837232966114492387a54e11.png
15:04:56.855 [Forwarding getPageSource on session 888b3365caf0b6cfb59f6db950351f06 to remote] DEBUG org.asynchttpclient.netty.request.NettyRequestSender - Using pooled Channel '[id: 0x075cee92, L:/127.0.0.1:64558 - R:localhost/127.0.0.1:47734]' for 'POST' to 'http://localhost:47734/session/888b3365caf0b6cfb59f6db950351f06/execute/sync'
15:04:56.855 [Forwarding getPageSource on session 888b3365caf0b6cfb59f6db950351f06 to remote] DEBUG org.asynchttpclient.netty.request.NettyRequestSender - Using open Channel [id: 0x075cee92, L:/127.0.0.1:64558 - R:localhost/127.0.0.1:47734] for POST '/session/888b3365caf0b6cfb59f6db950351f06/execute/sync'
15:04:56.856 [Darkroom Processing Line] DEBUG net.serenitybdd.core.photography.DarkroomProcessingLine - Processing screenshot image in /var/screenshots/screenshot-5658079362274670783
15:04:56.856 [Darkroom Processing Line] DEBUG net.serenitybdd.core.photography.DarkroomProcessingLine - Saving screenshot to target\site\serenity\6c6bd7dffe933ee738979b68773c4e15747443ff837232966114492387a54e11.png
15:04:56.861 [AsyncHttpClient-1-5] DEBUG org.asynchttpclient.netty.handler.HttpHandler - 

Request DefaultHttpRequest(decodeResult: success, version: HTTP/1.1)
POST /session/888b3365caf0b6cfb59f6db950351f06/execute/sync HTTP/1.1
User-Agent: selenium/4.8.1 (java windows)
Content-Length: 176
Content-Type: application/json; charset=utf-8
host: localhost:47734
accept: */*

Response DefaultHttpResponse(decodeResult: success, version: HTTP/1.1)
HTTP/1.1 200 OK
Content-Length: 16095
Content-Type: application/json; charset=utf-8
cache-control: no-cache

15:04:56.862 [AsyncHttpClient-1-5] DEBUG org.asynchttpclient.netty.channel.ChannelManager - Adding key: http://localhost:47734 for channel [id: 0x075cee92, L:/127.0.0.1:64558 - R:localhost/127.0.0.1:47734]
15:04:56.864 [Forwarding getCurrentUrl on session 888b3365caf0b6cfb59f6db950351f06 to remote] DEBUG org.asynchttpclient.netty.request.NettyRequestSender - Using pooled Channel '[id: 0x075cee92, L:/127.0.0.1:64558 - R:localhost/127.0.0.1:47734]' for 'GET' to 'http://localhost:47734/session/888b3365caf0b6cfb59f6db950351f06/url'
15:04:56.864 [Forwarding getCurrentUrl on session 888b3365caf0b6cfb59f6db950351f06 to remote] DEBUG org.asynchttpclient.netty.request.NettyRequestSender - Using open Channel [id: 0x075cee92, L:/127.0.0.1:64558 - R:localhost/127.0.0.1:47734] for GET '/session/888b3365caf0b6cfb59f6db950351f06/url'
15:04:56.868 [AsyncHttpClient-1-5] DEBUG org.asynchttpclient.netty.handler.HttpHandler - 

Request DefaultFullHttpRequest(decodeResult: success, version: HTTP/1.1, content: EmptyByteBufBE)
GET /session/888b3365caf0b6cfb59f6db950351f06/url HTTP/1.1
User-Agent: selenium/4.8.1 (java windows)
Cache-Control: no-cache
Content-Type: application/json; charset=utf-8
host: localhost:47734
accept: */*

Response DefaultHttpResponse(decodeResult: success, version: HTTP/1.1)
HTTP/1.1 200 OK
Content-Length: 78
Content-Type: application/json; charset=utf-8
cache-control: no-cache

15:04:56.868 [AsyncHttpClient-1-5] DEBUG org.asynchttpclient.netty.channel.ChannelManager - Adding key: http://localhost:47734 for channel [id: 0x075cee92, L:/127.0.0.1:64558 - R:localhost/127.0.0.1:47734]
  Then User should be able to see error message 'Invalid credentials' # stepdefinitions.LoginOrangeTest.unsucessfulLogin(java.lang.String)
      org.openqa.selenium.NoSuchElementException: no such element: Unable to locate element: {"method":"xpath","selector":"//*[@id='app']/div[1]/div/div[1]/div/div[2]/div[2]/div/div[1]/div[1]/p"}
  (Session info: chrome=112.0.5615.138)
For documentation on this error, please visit: https://selenium.dev/exceptions/#no_such_element
Build info: version: '4.8.1', revision: '8ebccac989'
System info: os.name: 'Windows 11', os.arch: 'amd64', os.version: '10.0', java.version: '19'
Driver info: org.openqa.selenium.chrome.ChromeDriver
Command: [888b3365caf0b6cfb59f6db950351f06, findElement {using=xpath, value=//*[@id='app']/div[1]/div/div[1]/div/div[2]/div[2]/div/div[1]/div[1]/p}]
Capabilities {acceptInsecureCerts: false, browserName: chrome, browserVersion: 112.0.5615.138, chrome: {chromedriverVersion: 111.0.5563.64 (c710e93d5b63..., userDataDir: C:\Users\VIJAYA~1.RAJ\AppDa...}, goog:chromeOptions: {debuggerAddress: localhost:64559}, networkConnectionEnabled: false, pageLoadStrategy: normal, platformName: WINDOWS, proxy: Proxy(), se:cdp: ws://localhost:64559/devtoo..., se:cdpVersion: 112.0.5615.138, setWindowRect: true, strictFileInteractability: false, timeouts: {implicit: 0, pageLoad: 300000, script: 30000}, unhandledPromptBehavior: dismiss and notify, webauthn:extension:credBlob: true, webauthn:extension:largeBlob: true, webauthn:extension:minPinLength: true, webauthn:extension:prf: true, webauthn:virtualAuthenticators: true}
Session ID: 888b3365caf0b6cfb59f6db950351f06
	at java.base/jdk.internal.reflect.DirectConstructorHandleAccessor.newInstance(DirectConstructorHandleAccessor.java:67)
	at java.base/java.lang.reflect.Constructor.newInstanceWithCaller(Constructor.java:500)
	at java.base/java.lang.reflect.Constructor.newInstance(Constructor.java:484)
	at org.openqa.selenium.remote.codec.w3c.W3CHttpResponseCodec.createException(W3CHttpResponseCodec.java:200)
	at org.openqa.selenium.remote.codec.w3c.W3CHttpResponseCodec.decode(W3CHttpResponseCodec.java:133)
	at org.openqa.selenium.remote.codec.w3c.W3CHttpResponseCodec.decode(W3CHttpResponseCodec.java:53)
	at org.openqa.selenium.remote.HttpCommandExecutor.execute(HttpCommandExecutor.java:184)
	at org.openqa.selenium.remote.service.DriverCommandExecutor.invokeExecute(DriverCommandExecutor.java:167)
	at org.openqa.selenium.remote.service.DriverCommandExecutor.execute(DriverCommandExecutor.java:142)
	at org.openqa.selenium.remote.RemoteWebDriver.execute(RemoteWebDriver.java:543)
	at org.openqa.selenium.remote.ElementLocation$ElementFinder$2.findElement(ElementLocation.java:162)
	at org.openqa.selenium.remote.ElementLocation.findElement(ElementLocation.java:60)
	at org.openqa.selenium.remote.RemoteWebDriver.findElement(RemoteWebDriver.java:352)
	at org.openqa.selenium.remote.RemoteWebDriver.findElement(RemoteWebDriver.java:344)
	at net.thucydides.core.webdriver.WebDriverFacade.findElement(WebDriverFacade.java:242)
	at net.serenitybdd.core.pages.WebElementResolverByLocator.resolveForDriver(WebElementResolverByLocator.java:25)
	at net.serenitybdd.core.pages.WebElementFacadeImpl.getResolvedElement(WebElementFacadeImpl.java:189)
	at net.serenitybdd.core.pages.WebElementFacadeImpl.getElement(WebElementFacadeImpl.java:184)
	at net.serenitybdd.core.pages.WebElementFacadeImpl.getText(WebElementFacadeImpl.java:1091)
	at SerenityProject@0.0.1-SNAPSHOT/pages.LoginPage.errorMessage(LoginPage.java:27)
	at SerenityProject@0.0.1-SNAPSHOT/pages.LoginPage$ByteBuddy$05COehHA.errorMessage$accessor$uVMzfmaK(Unknown Source)
	at java.base/jdk.internal.reflect.DirectMethodHandleAccessor.invoke(DirectMethodHandleAccessor.java:104)
	at java.base/java.lang.reflect.Method.invoke(Method.java:578)
	at net.thucydides.core.steps.StepInterceptor.invokeMethod(StepInterceptor.java:518)
	at net.thucydides.core.steps.StepInterceptor.executeTestStepMethod(StepInterceptor.java:498)
	at net.thucydides.core.steps.StepInterceptor.runTestStep(StepInterceptor.java:472)
	at net.thucydides.core.steps.StepInterceptor.runOrSkipMethod(StepInterceptor.java:211)
	at net.thucydides.core.steps.StepInterceptor.testStepResult(StepInterceptor.java:198)
	at net.thucydides.core.steps.StepInterceptor.intercept(StepInterceptor.java:86)
	at net.thucydides.core.steps.ProxyConfiguration$InterceptorDispatcher.intercept(ProxyConfiguration.java:51)
	at SerenityProject@0.0.1-SNAPSHOT/pages.LoginPage$ByteBuddy$05COehHA.errorMessage(Unknown Source)
	at SerenityProject@0.0.1-SNAPSHOT/stepdefinitions.LoginOrangeTest.unsucessfulLogin(LoginOrangeTest.java:46)
	at ✽.User should be able to see error message 'Invalid credentials'(file:///C:/Users/vijayalaxmi.rajaa/eclipse-workspace/SerenityProject/Features/LoginOrange.feature:15)

15:04:56.907 [Driver Command Executor] DEBUG org.asynchttpclient.netty.request.NettyRequestSender - Using pooled Channel '[id: 0x075cee92, L:/127.0.0.1:64558 - R:localhost/127.0.0.1:47734]' for 'DELETE' to 'http://localhost:47734/session/888b3365caf0b6cfb59f6db950351f06'
15:04:56.908 [Driver Command Executor] DEBUG org.asynchttpclient.netty.request.NettyRequestSender - Using open Channel [id: 0x075cee92, L:/127.0.0.1:64558 - R:localhost/127.0.0.1:47734] for DELETE '/session/888b3365caf0b6cfb59f6db950351f06'
15:04:56.908 [AsyncHttpClient-1-7] DEBUG org.asynchttpclient.netty.handler.WebSocketHandler - Channel Closed: [id: 0x13f63613, L:/127.0.0.1:64566 ! R:localhost/127.0.0.1:64559] with attribute NettyResponseFuture{currentRetry=0,
	isDone=1,
	isCancelled=0,
	asyncHandler=org.asynchttpclient.ws.WebSocketUpgradeHandler@774a8143,
	nettyRequest=org.asynchttpclient.netty.request.NettyRequest@324801ce,
	future=java.util.concurrent.CompletableFuture@58c196c6[Completed normally],
	uri=ws://localhost:64559/devtools/browser/8bba589a-9d82-49d3-829f-0b16bc3e3ff5,
	keepAlive=true,
	redirectCount=0,
	timeoutsHolder=null,
	inAuth=0,
	touch=1682933686326}
15:04:56.909 [AsyncHttpClient-1-7] DEBUG org.asynchttpclient.netty.channel.ChannelManager - Closing Channel [id: 0x13f63613, L:/127.0.0.1:64566 ! R:localhost/127.0.0.1:64559] 
15:04:56.979 [AsyncHttpClient-1-6] DEBUG org.asynchttpclient.netty.handler.HttpHandler - Unexpected I/O exception on channel [id: 0x80c7661a, L:/127.0.0.1:64565 - R:localhost/127.0.0.1:64559]
java.net.SocketException: Connection reset
	at java.base/sun.nio.ch.SocketChannelImpl.throwConnectionReset(SocketChannelImpl.java:401)
	at java.base/sun.nio.ch.SocketChannelImpl.read(SocketChannelImpl.java:434)
	at io.netty.buffer.PooledByteBuf.setBytes(PooledByteBuf.java:259)
	at io.netty.buffer.AbstractByteBuf.writeBytes(AbstractByteBuf.java:1132)
	at io.netty.channel.socket.nio.NioSocketChannel.doReadBytes(NioSocketChannel.java:357)
	at io.netty.channel.nio.AbstractNioByteChannel$NioByteUnsafe.read(AbstractNioByteChannel.java:151)
	at io.netty.channel.nio.NioEventLoop.processSelectedKey(NioEventLoop.java:788)
	at io.netty.channel.nio.NioEventLoop.processSelectedKeysOptimized(NioEventLoop.java:724)
	at io.netty.channel.nio.NioEventLoop.processSelectedKeys(NioEventLoop.java:650)
	at io.netty.channel.nio.NioEventLoop.run(NioEventLoop.java:562)
	at io.netty.util.concurrent.SingleThreadEventExecutor$4.run(SingleThreadEventExecutor.java:997)
	at io.netty.util.internal.ThreadExecutorMap$2.run(ThreadExecutorMap.java:74)
	at io.netty.util.concurrent.FastThreadLocalRunnable.run(FastThreadLocalRunnable.java:30)
	at java.base/java.lang.Thread.run(Thread.java:1589)
15:04:56.980 [AsyncHttpClient-1-6] DEBUG org.asynchttpclient.netty.channel.ChannelManager - Closing Channel [id: 0x80c7661a, L:/127.0.0.1:64565 - R:localhost/127.0.0.1:64559] 
15:04:56.980 [AsyncHttpClient-1-6] DEBUG org.asynchttpclient.netty.handler.HttpHandler - Channel Closed: [id: 0x80c7661a, L:/127.0.0.1:64565 ! R:localhost/127.0.0.1:64559] with attribute DISCARD
15:04:57.005 [AsyncHttpClient-1-5] DEBUG org.asynchttpclient.netty.handler.HttpHandler - 

Request DefaultFullHttpRequest(decodeResult: success, version: HTTP/1.1, content: EmptyByteBufBE)
DELETE /session/888b3365caf0b6cfb59f6db950351f06 HTTP/1.1
User-Agent: selenium/4.8.1 (java windows)
Content-Type: application/json; charset=utf-8
host: localhost:47734
accept: */*

Response DefaultHttpResponse(decodeResult: success, version: HTTP/1.1)
HTTP/1.1 200 OK
Content-Length: 14
Content-Type: application/json; charset=utf-8
cache-control: no-cache

15:04:57.006 [AsyncHttpClient-1-5] DEBUG org.asynchttpclient.netty.channel.ChannelManager - Adding key: http://localhost:47734 for channel [id: 0x075cee92, L:/127.0.0.1:64558 - R:localhost/127.0.0.1:47734]
15:04:57.427 [AsyncHttpClient-1-5] DEBUG org.asynchttpclient.netty.handler.HttpHandler - Channel Closed: [id: 0x075cee92, L:/127.0.0.1:64558 ! R:localhost/127.0.0.1:47734] with attribute DISCARD
15:04:57.462 [main] ERROR  - 
  _____   ___   ___   _____     ___   ___   ___    ___    ___ 
 |_   _| | __| / __| |_   _|   | __| | _ \ | _ \  / _ \  | _ \
   | |   | _|  \__ \   | |     | _|  |   / |   / | (_) | |   /
   |_|   |___| |___/   |_|     |___| |_|_\ |_|_\  \___/  |_|_\

Login with invalid credentials
---------------------------------------------------------------
15:04:57.466 [main] DEBUG  - RELATED ISSUES: 
15:04:57.467 [main] ERROR  -     Test failed at step: Error Message on unsuccessful login
15:04:57.467 [main] ERROR  -     no such element: Unable to locate element: {"method":"xpath","selector":"//*[@id='app']/div[1]/div/div[1]/div/div[2]/div[2]/div/div[1]/div[1]/p"}
]]></system-out>
    <system-err><![CDATA[Starting ChromeDriver 111.0.5563.64 (c710e93d5b63b7095afe8c2c17df34408078439d-refs/branch-heads/5563@{#995}) on port 47734
Only local connections are allowed.
Please see https://chromedriver.chromium.org/security-considerations for suggestions on keeping ChromeDriver safe.
ChromeDriver was started successfully.
[1682933686.119][WARNING]: This version of ChromeDriver has not been tested with Chrome version 112.
May 01, 2023 3:04:46 PM org.openqa.selenium.devtools.CdpVersionFinder findNearestMatch
WARNING: Unable to find an exact match for CDP version 112, so returning the closest version found: 110
]]></system-err>
  </testcase>
  <testcase name="Login with invalid credentials #2" classname="Login to HRM" time="13.868">
    <error type="org.openqa.selenium.NoSuchElementException"><![CDATA[org.openqa.selenium.NoSuchElementException: 
no such element: Unable to locate element: {"method":"xpath","selector":"//*[@id='app']/div[1]/div/div[1]/div/div[2]/div[2]/div/div[1]/div[1]/p"}
  (Session info: chrome=112.0.5615.138)
For documentation on this error, please visit: https://selenium.dev/exceptions/#no_such_element
Build info: version: '4.8.1', revision: '8ebccac989'
System info: os.name: 'Windows 11', os.arch: 'amd64', os.version: '10.0', java.version: '19'
Driver info: org.openqa.selenium.chrome.ChromeDriver
Command: [fc428d77729771e83e9d0a90f8940b3a, findElement {using=xpath, value=//*[@id='app']/div[1]/div/div[1]/div/div[2]/div[2]/div/div[1]/div[1]/p}]
Capabilities {acceptInsecureCerts: false, browserName: chrome, browserVersion: 112.0.5615.138, chrome: {chromedriverVersion: 111.0.5563.64 (c710e93d5b63..., userDataDir: C:\Users\VIJAYA~1.RAJ\AppDa...}, goog:chromeOptions: {debuggerAddress: localhost:64583}, networkConnectionEnabled: false, pageLoadStrategy: normal, platformName: WINDOWS, proxy: Proxy(), se:cdp: ws://localhost:64583/devtoo..., se:cdpVersion: 112.0.5615.138, setWindowRect: true, strictFileInteractability: false, timeouts: {implicit: 0, pageLoad: 300000, script: 30000}, unhandledPromptBehavior: dismiss and notify, webauthn:extension:credBlob: true, webauthn:extension:largeBlob: true, webauthn:extension:minPinLength: true, webauthn:extension:prf: true, webauthn:virtualAuthenticators: true}
Session ID: fc428d77729771e83e9d0a90f8940b3a
]]></error>
    <system-out><![CDATA[
@InValidCredentials
Scenario Outline: Login with invalid credentials                           # Features/LoginOrange.feature:20
15:04:57.479 [main] DEBUG io.cucumber.core.plugin.SerenityReporter - Running feature from file:///C:/Users/vijayalaxmi.rajaa/eclipse-workspace/SerenityProject/Features/LoginOrange.feature
15:04:57.479 [main] WARN io.cucumber.core.plugin.SerenityReporter - Feature from file:///C:/Users/vijayalaxmi.rajaa/eclipse-workspace/SerenityProject/Features/LoginOrange.feature is not under the 'features' directory. Requirements report will not be correctly generated!
15:04:57.602 [main] INFO net.serenitybdd.core.webdriver.driverproviders.ChromeDriverProvider - Starting Chrome driver instance with capabilities:
15:04:57.603 [main] INFO net.serenitybdd.core.webdriver.driverproviders.ChromeDriverProvider - Capabilities {acceptInsecureCerts: false, browserName: chrome, goog:chromeOptions: {args: [remote-allow-origins=*], extensions: []}}
15:04:57.711 [AsyncHttpClient-1-1] DEBUG org.asynchttpclient.netty.channel.DefaultChannelPool - Entry count for : http://localhost:64559 : 1
15:04:57.711 [AsyncHttpClient-1-1] DEBUG org.asynchttpclient.netty.channel.DefaultChannelPool - Entry count for : http://localhost:47734 : 1
15:04:57.711 [AsyncHttpClient-1-1] DEBUG org.asynchttpclient.netty.channel.DefaultChannelPool - Adding Candidate expired Channel [id: 0x80c7661a, L:/127.0.0.1:64565 ! R:localhost/127.0.0.1:64559] isIdleTimeoutExpired=false isRemotelyClosed=true isTtlExpired=false
15:04:57.711 [AsyncHttpClient-1-1] DEBUG org.asynchttpclient.netty.channel.DefaultChannelPool - Closing Idle Channel [id: 0x80c7661a, L:/127.0.0.1:64565 ! R:localhost/127.0.0.1:64559]
15:04:57.711 [AsyncHttpClient-1-1] DEBUG org.asynchttpclient.netty.channel.DefaultChannelPool - Adding Candidate expired Channel [id: 0x075cee92, L:/127.0.0.1:64558 ! R:localhost/127.0.0.1:47734] isIdleTimeoutExpired=false isRemotelyClosed=true isTtlExpired=false
15:04:57.711 [AsyncHttpClient-1-1] DEBUG org.asynchttpclient.netty.channel.DefaultChannelPool - Closing Idle Channel [id: 0x075cee92, L:/127.0.0.1:64558 ! R:localhost/127.0.0.1:47734]
15:04:57.711 [AsyncHttpClient-1-1] DEBUG org.asynchttpclient.netty.channel.DefaultChannelPool - Closed 2 connections out of 2 in 0 ms
15:04:58.496 [AsyncHttpClient-1-8] DEBUG org.asynchttpclient.netty.channel.NettyConnectListener - Using new Channel '[id: 0x30ca35b6, L:/127.0.0.1:64582 - R:localhost/127.0.0.1:45879]' for 'POST' to '/session'
15:04:59.422 [AsyncHttpClient-1-8] DEBUG org.asynchttpclient.netty.handler.HttpHandler - 

Request DefaultHttpRequest(decodeResult: success, version: HTTP/1.1)
POST /session HTTP/1.1
User-Agent: selenium/4.8.1 (java windows)
Content-Length: 507
Content-Type: application/json; charset=utf-8
host: localhost:45879
accept: */*

Response DefaultHttpResponse(decodeResult: success, version: HTTP/1.1)
HTTP/1.1 200 OK
Content-Length: 866
Content-Type: application/json; charset=utf-8
cache-control: no-cache

15:04:59.422 [AsyncHttpClient-1-8] DEBUG org.asynchttpclient.netty.channel.ChannelManager - Adding key: http://localhost:45879 for channel [id: 0x30ca35b6, L:/127.0.0.1:64582 - R:localhost/127.0.0.1:45879]
15:04:59.437 [AsyncHttpClient-1-9] DEBUG org.asynchttpclient.netty.channel.NettyConnectListener - Using new Channel '[id: 0x50965584, L:/127.0.0.1:64589 - R:localhost/127.0.0.1:64583]' for 'GET' to '/json/version'
15:04:59.439 [AsyncHttpClient-1-9] DEBUG org.asynchttpclient.netty.handler.HttpHandler - 

Request DefaultFullHttpRequest(decodeResult: success, version: HTTP/1.1, content: EmptyByteBufBE)
GET /json/version HTTP/1.1
User-Agent: selenium/4.8.1 (java windows)
host: localhost:64583
accept: */*

Response DefaultHttpResponse(decodeResult: success, version: HTTP/1.1)
HTTP/1.1 200 OK
Content-Security-Policy: frame-ancestors 'none'
Content-Length: 424
Content-Type: application/json; charset=UTF-8

15:04:59.440 [AsyncHttpClient-1-9] DEBUG org.asynchttpclient.netty.channel.ChannelManager - Adding key: http://localhost:64583 for channel [id: 0x50965584, L:/127.0.0.1:64589 - R:localhost/127.0.0.1:64583]
15:04:59.444 [AsyncHttpClient-1-10] DEBUG org.asynchttpclient.netty.channel.NettyConnectListener - Using new Channel '[id: 0xe914fd5a, L:/127.0.0.1:64590 - R:localhost/127.0.0.1:64583]' for 'GET' to '/devtools/browser/866e6c70-7a70-4c82-b58e-10b72dffea28'
15:04:59.449 [AsyncHttpClient-1-10] DEBUG org.asynchttpclient.netty.handler.WebSocketHandler - 

Request DefaultFullHttpRequest(decodeResult: success, version: HTTP/1.1, content: EmptyByteBufBE)
GET /devtools/browser/866e6c70-7a70-4c82-b58e-10b72dffea28 HTTP/1.1
upgrade: websocket
connection: upgrade
sec-websocket-key: NFnoee00hTmXOKqkWH2JQg==
sec-websocket-version: 13
origin: http://localhost:64583
host: localhost:64583
accept: */*
user-agent: AHC/2.1

Response DefaultHttpResponse(decodeResult: success, version: HTTP/1.1)
HTTP/1.1 101 WebSocket Protocol Handshake
Upgrade: WebSocket
Connection: Upgrade
Sec-WebSocket-Accept: 7d8h6wDtOk6a4IdvE3oG5xwilpQ=

15:04:59.459 [Forwarding get on session fc428d77729771e83e9d0a90f8940b3a to remote] DEBUG org.asynchttpclient.netty.request.NettyRequestSender - Using pooled Channel '[id: 0x30ca35b6, L:/127.0.0.1:64582 - R:localhost/127.0.0.1:45879]' for 'POST' to 'http://localhost:45879/session/fc428d77729771e83e9d0a90f8940b3a/url'
15:04:59.459 [Forwarding get on session fc428d77729771e83e9d0a90f8940b3a to remote] DEBUG org.asynchttpclient.netty.request.NettyRequestSender - Using open Channel [id: 0x30ca35b6, L:/127.0.0.1:64582 - R:localhost/127.0.0.1:45879] for POST '/session/fc428d77729771e83e9d0a90f8940b3a/url'
15:04:59.911 [AsyncHttpClient-1-1] DEBUG org.asynchttpclient.netty.channel.DefaultChannelPool - Entry count for : http://localhost:64583 : 1
15:05:01.021 [AsyncHttpClient-1-1] DEBUG org.asynchttpclient.netty.channel.DefaultChannelPool - Entry count for : http://localhost:64583 : 1
15:05:02.126 [AsyncHttpClient-1-1] DEBUG org.asynchttpclient.netty.channel.DefaultChannelPool - Entry count for : http://localhost:64583 : 1
15:05:03.211 [AsyncHttpClient-1-1] DEBUG org.asynchttpclient.netty.channel.DefaultChannelPool - Entry count for : http://localhost:64583 : 1
15:05:04.312 [AsyncHttpClient-1-1] DEBUG org.asynchttpclient.netty.channel.DefaultChannelPool - Entry count for : http://localhost:64583 : 1
15:05:05.410 [AsyncHttpClient-1-1] DEBUG org.asynchttpclient.netty.channel.DefaultChannelPool - Entry count for : http://localhost:64583 : 1
15:05:06.309 [AsyncHttpClient-1-8] DEBUG org.asynchttpclient.netty.handler.HttpHandler - 

Request DefaultHttpRequest(decodeResult: success, version: HTTP/1.1)
POST /session/fc428d77729771e83e9d0a90f8940b3a/url HTTP/1.1
User-Agent: selenium/4.8.1 (java windows)
Content-Length: 72
Content-Type: application/json; charset=utf-8
host: localhost:45879
accept: */*

Response DefaultHttpResponse(decodeResult: success, version: HTTP/1.1)
HTTP/1.1 200 OK
Content-Length: 14
Content-Type: application/json; charset=utf-8
cache-control: no-cache

15:05:06.309 [AsyncHttpClient-1-8] DEBUG org.asynchttpclient.netty.channel.ChannelManager - Adding key: http://localhost:45879 for channel [id: 0x30ca35b6, L:/127.0.0.1:64582 - R:localhost/127.0.0.1:45879]
15:05:06.311 [Forwarding setTimeout on session fc428d77729771e83e9d0a90f8940b3a to remote] DEBUG org.asynchttpclient.netty.request.NettyRequestSender - Using pooled Channel '[id: 0x30ca35b6, L:/127.0.0.1:64582 - R:localhost/127.0.0.1:45879]' for 'POST' to 'http://localhost:45879/session/fc428d77729771e83e9d0a90f8940b3a/timeouts'
15:05:06.311 [Forwarding setTimeout on session fc428d77729771e83e9d0a90f8940b3a to remote] DEBUG org.asynchttpclient.netty.request.NettyRequestSender - Using open Channel [id: 0x30ca35b6, L:/127.0.0.1:64582 - R:localhost/127.0.0.1:45879] for POST '/session/fc428d77729771e83e9d0a90f8940b3a/timeouts'
15:05:06.313 [AsyncHttpClient-1-8] DEBUG org.asynchttpclient.netty.handler.HttpHandler - 

Request DefaultHttpRequest(decodeResult: success, version: HTTP/1.1)
POST /session/fc428d77729771e83e9d0a90f8940b3a/timeouts HTTP/1.1
User-Agent: selenium/4.8.1 (java windows)
Content-Length: 22
Content-Type: application/json; charset=utf-8
host: localhost:45879
accept: */*

Response DefaultHttpResponse(decodeResult: success, version: HTTP/1.1)
HTTP/1.1 200 OK
Content-Length: 14
Content-Type: application/json; charset=utf-8
cache-control: no-cache

15:05:06.314 [AsyncHttpClient-1-8] DEBUG org.asynchttpclient.netty.channel.ChannelManager - Adding key: http://localhost:45879 for channel [id: 0x30ca35b6, L:/127.0.0.1:64582 - R:localhost/127.0.0.1:45879]
User in the correct page
  Given User is on Home page                                               # stepdefinitions.LoginOrangeTest.user_is_on_home_page()
15:05:06.322 [Forwarding getAlertText on session fc428d77729771e83e9d0a90f8940b3a to remote] DEBUG org.asynchttpclient.netty.request.NettyRequestSender - Using pooled Channel '[id: 0x30ca35b6, L:/127.0.0.1:64582 - R:localhost/127.0.0.1:45879]' for 'GET' to 'http://localhost:45879/session/fc428d77729771e83e9d0a90f8940b3a/alert/text'
15:05:06.322 [Forwarding getAlertText on session fc428d77729771e83e9d0a90f8940b3a to remote] DEBUG org.asynchttpclient.netty.request.NettyRequestSender - Using open Channel [id: 0x30ca35b6, L:/127.0.0.1:64582 - R:localhost/127.0.0.1:45879] for GET '/session/fc428d77729771e83e9d0a90f8940b3a/alert/text'
15:05:06.325 [AsyncHttpClient-1-8] DEBUG org.asynchttpclient.netty.handler.HttpHandler - 

Request DefaultFullHttpRequest(decodeResult: success, version: HTTP/1.1, content: EmptyByteBufBE)
GET /session/fc428d77729771e83e9d0a90f8940b3a/alert/text HTTP/1.1
User-Agent: selenium/4.8.1 (java windows)
Cache-Control: no-cache
Content-Type: application/json; charset=utf-8
host: localhost:45879
accept: */*

Response DefaultHttpResponse(decodeResult: success, version: HTTP/1.1)
HTTP/1.1 404 Not Found
Content-Length: 816
Content-Type: application/json; charset=utf-8
cache-control: no-cache

15:05:06.325 [AsyncHttpClient-1-8] DEBUG org.asynchttpclient.netty.channel.ChannelManager - Adding key: http://localhost:45879 for channel [id: 0x30ca35b6, L:/127.0.0.1:64582 - R:localhost/127.0.0.1:45879]
15:05:06.326 [Forwarding getCurrentUrl on session fc428d77729771e83e9d0a90f8940b3a to remote] DEBUG org.asynchttpclient.netty.request.NettyRequestSender - Using pooled Channel '[id: 0x30ca35b6, L:/127.0.0.1:64582 - R:localhost/127.0.0.1:45879]' for 'GET' to 'http://localhost:45879/session/fc428d77729771e83e9d0a90f8940b3a/url'
15:05:06.326 [Forwarding getCurrentUrl on session fc428d77729771e83e9d0a90f8940b3a to remote] DEBUG org.asynchttpclient.netty.request.NettyRequestSender - Using open Channel [id: 0x30ca35b6, L:/127.0.0.1:64582 - R:localhost/127.0.0.1:45879] for GET '/session/fc428d77729771e83e9d0a90f8940b3a/url'
15:05:06.333 [AsyncHttpClient-1-8] DEBUG org.asynchttpclient.netty.handler.HttpHandler - 

Request DefaultFullHttpRequest(decodeResult: success, version: HTTP/1.1, content: EmptyByteBufBE)
GET /session/fc428d77729771e83e9d0a90f8940b3a/url HTTP/1.1
User-Agent: selenium/4.8.1 (java windows)
Cache-Control: no-cache
Content-Type: application/json; charset=utf-8
host: localhost:45879
accept: */*

Response DefaultHttpResponse(decodeResult: success, version: HTTP/1.1)
HTTP/1.1 200 OK
Content-Length: 78
Content-Type: application/json; charset=utf-8
cache-control: no-cache

15:05:06.333 [AsyncHttpClient-1-8] DEBUG org.asynchttpclient.netty.channel.ChannelManager - Adding key: http://localhost:45879 for channel [id: 0x30ca35b6, L:/127.0.0.1:64582 - R:localhost/127.0.0.1:45879]
15:05:06.334 [Forwarding screenshot on session fc428d77729771e83e9d0a90f8940b3a to remote] DEBUG org.asynchttpclient.netty.request.NettyRequestSender - Using pooled Channel '[id: 0x30ca35b6, L:/127.0.0.1:64582 - R:localhost/127.0.0.1:45879]' for 'GET' to 'http://localhost:45879/session/fc428d77729771e83e9d0a90f8940b3a/screenshot'
15:05:06.334 [Forwarding screenshot on session fc428d77729771e83e9d0a90f8940b3a to remote] DEBUG org.asynchttpclient.netty.request.NettyRequestSender - Using open Channel [id: 0x30ca35b6, L:/127.0.0.1:64582 - R:localhost/127.0.0.1:45879] for GET '/session/fc428d77729771e83e9d0a90f8940b3a/screenshot'
15:05:06.445 [AsyncHttpClient-1-8] DEBUG org.asynchttpclient.netty.handler.HttpHandler - 

Request DefaultFullHttpRequest(decodeResult: success, version: HTTP/1.1, content: EmptyByteBufBE)
GET /session/fc428d77729771e83e9d0a90f8940b3a/screenshot HTTP/1.1
User-Agent: selenium/4.8.1 (java windows)
Cache-Control: no-cache
Content-Type: application/json; charset=utf-8
host: localhost:45879
accept: */*

Response DefaultHttpResponse(decodeResult: success, version: HTTP/1.1)
HTTP/1.1 200 OK
Content-Length: 8604
Content-Type: application/json; charset=utf-8
cache-control: no-cache

15:05:06.446 [AsyncHttpClient-1-8] DEBUG org.asynchttpclient.netty.channel.ChannelManager - Adding key: http://localhost:45879 for channel [id: 0x30ca35b6, L:/127.0.0.1:64582 - R:localhost/127.0.0.1:45879]
15:05:06.446 [main] DEBUG net.serenitybdd.core.photography.Darkroom - Send negative for processing for target\site\serenity\e2aedbb90ffd4b658d8efb97c378dca08967f9dcfbb77a9593c93c2f2845deac.png
15:05:06.451 [Forwarding getPageSource on session fc428d77729771e83e9d0a90f8940b3a to remote] DEBUG org.asynchttpclient.netty.request.NettyRequestSender - Using pooled Channel '[id: 0x30ca35b6, L:/127.0.0.1:64582 - R:localhost/127.0.0.1:45879]' for 'POST' to 'http://localhost:45879/session/fc428d77729771e83e9d0a90f8940b3a/execute/sync'
15:05:06.451 [Forwarding getPageSource on session fc428d77729771e83e9d0a90f8940b3a to remote] DEBUG org.asynchttpclient.netty.request.NettyRequestSender - Using open Channel [id: 0x30ca35b6, L:/127.0.0.1:64582 - R:localhost/127.0.0.1:45879] for POST '/session/fc428d77729771e83e9d0a90f8940b3a/execute/sync'
15:05:06.461 [AsyncHttpClient-1-8] DEBUG org.asynchttpclient.netty.handler.HttpHandler - 

Request DefaultHttpRequest(decodeResult: success, version: HTTP/1.1)
POST /session/fc428d77729771e83e9d0a90f8940b3a/execute/sync HTTP/1.1
User-Agent: selenium/4.8.1 (java windows)
Content-Length: 176
Content-Type: application/json; charset=utf-8
host: localhost:45879
accept: */*

Response DefaultHttpResponse(decodeResult: success, version: HTTP/1.1)
HTTP/1.1 200 OK
Content-Length: 3653
Content-Type: application/json; charset=utf-8
cache-control: no-cache

15:05:06.461 [AsyncHttpClient-1-8] DEBUG org.asynchttpclient.netty.channel.ChannelManager - Adding key: http://localhost:45879 for channel [id: 0x30ca35b6, L:/127.0.0.1:64582 - R:localhost/127.0.0.1:45879]
15:05:06.463 [Forwarding getCurrentUrl on session fc428d77729771e83e9d0a90f8940b3a to remote] DEBUG org.asynchttpclient.netty.request.NettyRequestSender - Using pooled Channel '[id: 0x30ca35b6, L:/127.0.0.1:64582 - R:localhost/127.0.0.1:45879]' for 'GET' to 'http://localhost:45879/session/fc428d77729771e83e9d0a90f8940b3a/url'
15:05:06.463 [Forwarding getCurrentUrl on session fc428d77729771e83e9d0a90f8940b3a to remote] DEBUG org.asynchttpclient.netty.request.NettyRequestSender - Using open Channel [id: 0x30ca35b6, L:/127.0.0.1:64582 - R:localhost/127.0.0.1:45879] for GET '/session/fc428d77729771e83e9d0a90f8940b3a/url'
15:05:06.469 [AsyncHttpClient-1-8] DEBUG org.asynchttpclient.netty.handler.HttpHandler - 

Request DefaultFullHttpRequest(decodeResult: success, version: HTTP/1.1, content: EmptyByteBufBE)
GET /session/fc428d77729771e83e9d0a90f8940b3a/url HTTP/1.1
User-Agent: selenium/4.8.1 (java windows)
Cache-Control: no-cache
Content-Type: application/json; charset=utf-8
host: localhost:45879
accept: */*

Response DefaultHttpResponse(decodeResult: success, version: HTTP/1.1)
HTTP/1.1 200 OK
Content-Length: 78
Content-Type: application/json; charset=utf-8
cache-control: no-cache

15:05:06.469 [AsyncHttpClient-1-8] DEBUG org.asynchttpclient.netty.channel.ChannelManager - Adding key: http://localhost:45879 for channel [id: 0x30ca35b6, L:/127.0.0.1:64582 - R:localhost/127.0.0.1:45879]
15:05:06.480 [Forwarding getPageSource on session fc428d77729771e83e9d0a90f8940b3a to remote] DEBUG org.asynchttpclient.netty.request.NettyRequestSender - Using pooled Channel '[id: 0x30ca35b6, L:/127.0.0.1:64582 - R:localhost/127.0.0.1:45879]' for 'POST' to 'http://localhost:45879/session/fc428d77729771e83e9d0a90f8940b3a/execute/sync'
15:05:06.480 [Forwarding getPageSource on session fc428d77729771e83e9d0a90f8940b3a to remote] DEBUG org.asynchttpclient.netty.request.NettyRequestSender - Using open Channel [id: 0x30ca35b6, L:/127.0.0.1:64582 - R:localhost/127.0.0.1:45879] for POST '/session/fc428d77729771e83e9d0a90f8940b3a/execute/sync'
15:05:06.487 [AsyncHttpClient-1-8] DEBUG org.asynchttpclient.netty.handler.HttpHandler - 

Request DefaultHttpRequest(decodeResult: success, version: HTTP/1.1)
POST /session/fc428d77729771e83e9d0a90f8940b3a/execute/sync HTTP/1.1
User-Agent: selenium/4.8.1 (java windows)
Content-Length: 176
Content-Type: application/json; charset=utf-8
host: localhost:45879
accept: */*

Response DefaultHttpResponse(decodeResult: success, version: HTTP/1.1)
HTTP/1.1 200 OK
Content-Length: 3653
Content-Type: application/json; charset=utf-8
cache-control: no-cache

15:05:06.487 [AsyncHttpClient-1-8] DEBUG org.asynchttpclient.netty.channel.ChannelManager - Adding key: http://localhost:45879 for channel [id: 0x30ca35b6, L:/127.0.0.1:64582 - R:localhost/127.0.0.1:45879]
15:05:06.488 [Forwarding getCurrentUrl on session fc428d77729771e83e9d0a90f8940b3a to remote] DEBUG org.asynchttpclient.netty.request.NettyRequestSender - Using pooled Channel '[id: 0x30ca35b6, L:/127.0.0.1:64582 - R:localhost/127.0.0.1:45879]' for 'GET' to 'http://localhost:45879/session/fc428d77729771e83e9d0a90f8940b3a/url'
15:05:06.488 [Forwarding getCurrentUrl on session fc428d77729771e83e9d0a90f8940b3a to remote] DEBUG org.asynchttpclient.netty.request.NettyRequestSender - Using open Channel [id: 0x30ca35b6, L:/127.0.0.1:64582 - R:localhost/127.0.0.1:45879] for GET '/session/fc428d77729771e83e9d0a90f8940b3a/url'
15:05:06.493 [AsyncHttpClient-1-8] DEBUG org.asynchttpclient.netty.handler.HttpHandler - 

Request DefaultFullHttpRequest(decodeResult: success, version: HTTP/1.1, content: EmptyByteBufBE)
GET /session/fc428d77729771e83e9d0a90f8940b3a/url HTTP/1.1
User-Agent: selenium/4.8.1 (java windows)
Cache-Control: no-cache
Content-Type: application/json; charset=utf-8
host: localhost:45879
accept: */*

Response DefaultHttpResponse(decodeResult: success, version: HTTP/1.1)
HTTP/1.1 200 OK
Content-Length: 78
Content-Type: application/json; charset=utf-8
cache-control: no-cache

15:05:06.494 [AsyncHttpClient-1-8] DEBUG org.asynchttpclient.netty.channel.ChannelManager - Adding key: http://localhost:45879 for channel [id: 0x30ca35b6, L:/127.0.0.1:64582 - R:localhost/127.0.0.1:45879]
15:05:06.498 [main] DEBUG net.thucydides.core.steps.StepInterceptor - STARTING STEP: LoginOrangeTest.user_enters_username_as - Enter Username
15:05:06.500 [Forwarding findElement on session fc428d77729771e83e9d0a90f8940b3a to remote] DEBUG org.asynchttpclient.netty.request.NettyRequestSender - Using pooled Channel '[id: 0x30ca35b6, L:/127.0.0.1:64582 - R:localhost/127.0.0.1:45879]' for 'POST' to 'http://localhost:45879/session/fc428d77729771e83e9d0a90f8940b3a/element'
15:05:06.501 [Forwarding findElement on session fc428d77729771e83e9d0a90f8940b3a to remote] DEBUG org.asynchttpclient.netty.request.NettyRequestSender - Using open Channel [id: 0x30ca35b6, L:/127.0.0.1:64582 - R:localhost/127.0.0.1:45879] for POST '/session/fc428d77729771e83e9d0a90f8940b3a/element'
15:05:06.516 [AsyncHttpClient-1-1] DEBUG org.asynchttpclient.netty.channel.DefaultChannelPool - Entry count for : http://localhost:64583 : 1
15:05:07.564 [AsyncHttpClient-1-8] DEBUG org.asynchttpclient.netty.handler.HttpHandler - 

Request DefaultHttpRequest(decodeResult: success, version: HTTP/1.1)
POST /session/fc428d77729771e83e9d0a90f8940b3a/element HTTP/1.1
User-Agent: selenium/4.8.1 (java windows)
Content-Length: 62
Content-Type: application/json; charset=utf-8
host: localhost:45879
accept: */*

Response DefaultHttpResponse(decodeResult: success, version: HTTP/1.1)
HTTP/1.1 200 OK
Content-Length: 88
Content-Type: application/json; charset=utf-8
cache-control: no-cache

15:05:07.564 [AsyncHttpClient-1-8] DEBUG org.asynchttpclient.netty.channel.ChannelManager - Adding key: http://localhost:45879 for channel [id: 0x30ca35b6, L:/127.0.0.1:64582 - R:localhost/127.0.0.1:45879]
15:05:07.567 [Forwarding sendKeysToElement on session fc428d77729771e83e9d0a90f8940b3a to remote] DEBUG org.asynchttpclient.netty.request.NettyRequestSender - Using pooled Channel '[id: 0x30ca35b6, L:/127.0.0.1:64582 - R:localhost/127.0.0.1:45879]' for 'POST' to 'http://localhost:45879/session/fc428d77729771e83e9d0a90f8940b3a/element/8eaee069-24ab-47cd-b39a-d17417c02f1d/value'
15:05:07.567 [Forwarding sendKeysToElement on session fc428d77729771e83e9d0a90f8940b3a to remote] DEBUG org.asynchttpclient.netty.request.NettyRequestSender - Using open Channel [id: 0x30ca35b6, L:/127.0.0.1:64582 - R:localhost/127.0.0.1:45879] for POST '/session/fc428d77729771e83e9d0a90f8940b3a/element/8eaee069-24ab-47cd-b39a-d17417c02f1d/value'
15:05:07.595 [AsyncHttpClient-1-8] DEBUG org.asynchttpclient.netty.handler.HttpHandler - 

Request DefaultHttpRequest(decodeResult: success, version: HTTP/1.1)
POST /session/fc428d77729771e83e9d0a90f8940b3a/element/8eaee069-24ab-47cd-b39a-d17417c02f1d/value HTTP/1.1
User-Agent: selenium/4.8.1 (java windows)
Content-Length: 82
Content-Type: application/json; charset=utf-8
host: localhost:45879
accept: */*

Response DefaultHttpResponse(decodeResult: success, version: HTTP/1.1)
HTTP/1.1 200 OK
Content-Length: 14
Content-Type: application/json; charset=utf-8
cache-control: no-cache

15:05:07.595 [AsyncHttpClient-1-8] DEBUG org.asynchttpclient.netty.channel.ChannelManager - Adding key: http://localhost:45879 for channel [id: 0x30ca35b6, L:/127.0.0.1:64582 - R:localhost/127.0.0.1:45879]
15:05:07.602 [Forwarding getAlertText on session fc428d77729771e83e9d0a90f8940b3a to remote] DEBUG org.asynchttpclient.netty.request.NettyRequestSender - Using pooled Channel '[id: 0x30ca35b6, L:/127.0.0.1:64582 - R:localhost/127.0.0.1:45879]' for 'GET' to 'http://localhost:45879/session/fc428d77729771e83e9d0a90f8940b3a/alert/text'
15:05:07.602 [Forwarding getAlertText on session fc428d77729771e83e9d0a90f8940b3a to remote] DEBUG org.asynchttpclient.netty.request.NettyRequestSender - Using open Channel [id: 0x30ca35b6, L:/127.0.0.1:64582 - R:localhost/127.0.0.1:45879] for GET '/session/fc428d77729771e83e9d0a90f8940b3a/alert/text'
15:05:07.604 [AsyncHttpClient-1-8] DEBUG org.asynchttpclient.netty.handler.HttpHandler - 

Request DefaultFullHttpRequest(decodeResult: success, version: HTTP/1.1, content: EmptyByteBufBE)
GET /session/fc428d77729771e83e9d0a90f8940b3a/alert/text HTTP/1.1
User-Agent: selenium/4.8.1 (java windows)
Cache-Control: no-cache
Content-Type: application/json; charset=utf-8
host: localhost:45879
accept: */*

Response DefaultHttpResponse(decodeResult: success, version: HTTP/1.1)
HTTP/1.1 404 Not Found
Content-Length: 816
Content-Type: application/json; charset=utf-8
cache-control: no-cache

15:05:07.605 [AsyncHttpClient-1-8] DEBUG org.asynchttpclient.netty.channel.ChannelManager - Adding key: http://localhost:45879 for channel [id: 0x30ca35b6, L:/127.0.0.1:64582 - R:localhost/127.0.0.1:45879]
15:05:07.606 [Forwarding getCurrentUrl on session fc428d77729771e83e9d0a90f8940b3a to remote] DEBUG org.asynchttpclient.netty.request.NettyRequestSender - Using pooled Channel '[id: 0x30ca35b6, L:/127.0.0.1:64582 - R:localhost/127.0.0.1:45879]' for 'GET' to 'http://localhost:45879/session/fc428d77729771e83e9d0a90f8940b3a/url'
15:05:07.606 [Forwarding getCurrentUrl on session fc428d77729771e83e9d0a90f8940b3a to remote] DEBUG org.asynchttpclient.netty.request.NettyRequestSender - Using open Channel [id: 0x30ca35b6, L:/127.0.0.1:64582 - R:localhost/127.0.0.1:45879] for GET '/session/fc428d77729771e83e9d0a90f8940b3a/url'
15:05:07.611 [AsyncHttpClient-1-8] DEBUG org.asynchttpclient.netty.handler.HttpHandler - 

Request DefaultFullHttpRequest(decodeResult: success, version: HTTP/1.1, content: EmptyByteBufBE)
GET /session/fc428d77729771e83e9d0a90f8940b3a/url HTTP/1.1
User-Agent: selenium/4.8.1 (java windows)
Cache-Control: no-cache
Content-Type: application/json; charset=utf-8
host: localhost:45879
accept: */*

Response DefaultHttpResponse(decodeResult: success, version: HTTP/1.1)
HTTP/1.1 200 OK
Content-Length: 78
Content-Type: application/json; charset=utf-8
cache-control: no-cache

15:05:07.612 [AsyncHttpClient-1-8] DEBUG org.asynchttpclient.netty.channel.ChannelManager - Adding key: http://localhost:45879 for channel [id: 0x30ca35b6, L:/127.0.0.1:64582 - R:localhost/127.0.0.1:45879]
15:05:07.612 [AsyncHttpClient-1-1] DEBUG org.asynchttpclient.netty.channel.DefaultChannelPool - Entry count for : http://localhost:45879 : 1
15:05:07.612 [AsyncHttpClient-1-1] DEBUG org.asynchttpclient.netty.channel.DefaultChannelPool - Entry count for : http://localhost:64583 : 1
15:05:07.613 [Forwarding screenshot on session fc428d77729771e83e9d0a90f8940b3a to remote] DEBUG org.asynchttpclient.netty.request.NettyRequestSender - Using pooled Channel '[id: 0x30ca35b6, L:/127.0.0.1:64582 - R:localhost/127.0.0.1:45879]' for 'GET' to 'http://localhost:45879/session/fc428d77729771e83e9d0a90f8940b3a/screenshot'
15:05:07.613 [Forwarding screenshot on session fc428d77729771e83e9d0a90f8940b3a to remote] DEBUG org.asynchttpclient.netty.request.NettyRequestSender - Using open Channel [id: 0x30ca35b6, L:/127.0.0.1:64582 - R:localhost/127.0.0.1:45879] for GET '/session/fc428d77729771e83e9d0a90f8940b3a/screenshot'
15:05:07.876 [AsyncHttpClient-1-8] DEBUG org.asynchttpclient.netty.handler.HttpHandler - 

Request DefaultFullHttpRequest(decodeResult: success, version: HTTP/1.1, content: EmptyByteBufBE)
GET /session/fc428d77729771e83e9d0a90f8940b3a/screenshot HTTP/1.1
User-Agent: selenium/4.8.1 (java windows)
Cache-Control: no-cache
Content-Type: application/json; charset=utf-8
host: localhost:45879
accept: */*

Response DefaultHttpResponse(decodeResult: success, version: HTTP/1.1)
HTTP/1.1 200 OK
Content-Length: 49276
Content-Type: application/json; charset=utf-8
cache-control: no-cache

15:05:07.877 [AsyncHttpClient-1-8] DEBUG org.asynchttpclient.netty.channel.ChannelManager - Adding key: http://localhost:45879 for channel [id: 0x30ca35b6, L:/127.0.0.1:64582 - R:localhost/127.0.0.1:45879]
15:05:07.881 [main] DEBUG net.serenitybdd.core.photography.Darkroom - Send negative for processing for target\site\serenity\c84f758e2232a393388ee27e80436cbee3c0c910ec9ce3f31f629f29bf6c63df.png
15:05:07.881 [main] DEBUG net.thucydides.core.steps.StepInterceptor - STEP DONE: Enter Username
  When User enters username as ''                                          # stepdefinitions.LoginOrangeTest.user_enters_username_as(java.lang.String)
15:05:07.884 [Darkroom Processing Line] DEBUG net.serenitybdd.core.photography.DarkroomProcessingLine - Processing screenshot image in /var/screenshots/screenshot-1627562587269634611
15:05:07.884 [Darkroom Processing Line] DEBUG net.serenitybdd.core.photography.DarkroomProcessingLine - Saving screenshot to target\site\serenity\c84f758e2232a393388ee27e80436cbee3c0c910ec9ce3f31f629f29bf6c63df.png
15:05:07.926 [Forwarding getPageSource on session fc428d77729771e83e9d0a90f8940b3a to remote] DEBUG org.asynchttpclient.netty.request.NettyRequestSender - Using pooled Channel '[id: 0x30ca35b6, L:/127.0.0.1:64582 - R:localhost/127.0.0.1:45879]' for 'POST' to 'http://localhost:45879/session/fc428d77729771e83e9d0a90f8940b3a/execute/sync'
15:05:07.927 [Forwarding getPageSource on session fc428d77729771e83e9d0a90f8940b3a to remote] DEBUG org.asynchttpclient.netty.request.NettyRequestSender - Using open Channel [id: 0x30ca35b6, L:/127.0.0.1:64582 - R:localhost/127.0.0.1:45879] for POST '/session/fc428d77729771e83e9d0a90f8940b3a/execute/sync'
15:05:07.955 [AsyncHttpClient-1-8] DEBUG org.asynchttpclient.netty.handler.HttpHandler - 

Request DefaultHttpRequest(decodeResult: success, version: HTTP/1.1)
POST /session/fc428d77729771e83e9d0a90f8940b3a/execute/sync HTTP/1.1
User-Agent: selenium/4.8.1 (java windows)
Content-Length: 176
Content-Type: application/json; charset=utf-8
host: localhost:45879
accept: */*

Response DefaultHttpResponse(decodeResult: success, version: HTTP/1.1)
HTTP/1.1 200 OK
Content-Length: 16077
Content-Type: application/json; charset=utf-8
cache-control: no-cache

15:05:07.955 [AsyncHttpClient-1-8] DEBUG org.asynchttpclient.netty.channel.ChannelManager - Adding key: http://localhost:45879 for channel [id: 0x30ca35b6, L:/127.0.0.1:64582 - R:localhost/127.0.0.1:45879]
15:05:07.967 [Forwarding getCurrentUrl on session fc428d77729771e83e9d0a90f8940b3a to remote] DEBUG org.asynchttpclient.netty.request.NettyRequestSender - Using pooled Channel '[id: 0x30ca35b6, L:/127.0.0.1:64582 - R:localhost/127.0.0.1:45879]' for 'GET' to 'http://localhost:45879/session/fc428d77729771e83e9d0a90f8940b3a/url'
15:05:07.967 [Forwarding getCurrentUrl on session fc428d77729771e83e9d0a90f8940b3a to remote] DEBUG org.asynchttpclient.netty.request.NettyRequestSender - Using open Channel [id: 0x30ca35b6, L:/127.0.0.1:64582 - R:localhost/127.0.0.1:45879] for GET '/session/fc428d77729771e83e9d0a90f8940b3a/url'
15:05:07.986 [AsyncHttpClient-1-8] DEBUG org.asynchttpclient.netty.handler.HttpHandler - 

Request DefaultFullHttpRequest(decodeResult: success, version: HTTP/1.1, content: EmptyByteBufBE)
GET /session/fc428d77729771e83e9d0a90f8940b3a/url HTTP/1.1
User-Agent: selenium/4.8.1 (java windows)
Cache-Control: no-cache
Content-Type: application/json; charset=utf-8
host: localhost:45879
accept: */*

Response DefaultHttpResponse(decodeResult: success, version: HTTP/1.1)
HTTP/1.1 200 OK
Content-Length: 78
Content-Type: application/json; charset=utf-8
cache-control: no-cache

15:05:07.987 [AsyncHttpClient-1-8] DEBUG org.asynchttpclient.netty.channel.ChannelManager - Adding key: http://localhost:45879 for channel [id: 0x30ca35b6, L:/127.0.0.1:64582 - R:localhost/127.0.0.1:45879]
15:05:08.036 [Forwarding getAlertText on session fc428d77729771e83e9d0a90f8940b3a to remote] DEBUG org.asynchttpclient.netty.request.NettyRequestSender - Using pooled Channel '[id: 0x30ca35b6, L:/127.0.0.1:64582 - R:localhost/127.0.0.1:45879]' for 'GET' to 'http://localhost:45879/session/fc428d77729771e83e9d0a90f8940b3a/alert/text'
15:05:08.037 [Forwarding getAlertText on session fc428d77729771e83e9d0a90f8940b3a to remote] DEBUG org.asynchttpclient.netty.request.NettyRequestSender - Using open Channel [id: 0x30ca35b6, L:/127.0.0.1:64582 - R:localhost/127.0.0.1:45879] for GET '/session/fc428d77729771e83e9d0a90f8940b3a/alert/text'
15:05:08.042 [AsyncHttpClient-1-8] DEBUG org.asynchttpclient.netty.handler.HttpHandler - 

Request DefaultFullHttpRequest(decodeResult: success, version: HTTP/1.1, content: EmptyByteBufBE)
GET /session/fc428d77729771e83e9d0a90f8940b3a/alert/text HTTP/1.1
User-Agent: selenium/4.8.1 (java windows)
Cache-Control: no-cache
Content-Type: application/json; charset=utf-8
host: localhost:45879
accept: */*

Response DefaultHttpResponse(decodeResult: success, version: HTTP/1.1)
HTTP/1.1 404 Not Found
Content-Length: 816
Content-Type: application/json; charset=utf-8
cache-control: no-cache

15:05:08.043 [AsyncHttpClient-1-8] DEBUG org.asynchttpclient.netty.channel.ChannelManager - Adding key: http://localhost:45879 for channel [id: 0x30ca35b6, L:/127.0.0.1:64582 - R:localhost/127.0.0.1:45879]
15:05:08.048 [Forwarding getCurrentUrl on session fc428d77729771e83e9d0a90f8940b3a to remote] DEBUG org.asynchttpclient.netty.request.NettyRequestSender - Using pooled Channel '[id: 0x30ca35b6, L:/127.0.0.1:64582 - R:localhost/127.0.0.1:45879]' for 'GET' to 'http://localhost:45879/session/fc428d77729771e83e9d0a90f8940b3a/url'
15:05:08.049 [Forwarding getCurrentUrl on session fc428d77729771e83e9d0a90f8940b3a to remote] DEBUG org.asynchttpclient.netty.request.NettyRequestSender - Using open Channel [id: 0x30ca35b6, L:/127.0.0.1:64582 - R:localhost/127.0.0.1:45879] for GET '/session/fc428d77729771e83e9d0a90f8940b3a/url'
15:05:08.064 [AsyncHttpClient-1-8] DEBUG org.asynchttpclient.netty.handler.HttpHandler - 

Request DefaultFullHttpRequest(decodeResult: success, version: HTTP/1.1, content: EmptyByteBufBE)
GET /session/fc428d77729771e83e9d0a90f8940b3a/url HTTP/1.1
User-Agent: selenium/4.8.1 (java windows)
Cache-Control: no-cache
Content-Type: application/json; charset=utf-8
host: localhost:45879
accept: */*

Response DefaultHttpResponse(decodeResult: success, version: HTTP/1.1)
HTTP/1.1 200 OK
Content-Length: 78
Content-Type: application/json; charset=utf-8
cache-control: no-cache

15:05:08.065 [AsyncHttpClient-1-8] DEBUG org.asynchttpclient.netty.channel.ChannelManager - Adding key: http://localhost:45879 for channel [id: 0x30ca35b6, L:/127.0.0.1:64582 - R:localhost/127.0.0.1:45879]
15:05:08.068 [Forwarding screenshot on session fc428d77729771e83e9d0a90f8940b3a to remote] DEBUG org.asynchttpclient.netty.request.NettyRequestSender - Using pooled Channel '[id: 0x30ca35b6, L:/127.0.0.1:64582 - R:localhost/127.0.0.1:45879]' for 'GET' to 'http://localhost:45879/session/fc428d77729771e83e9d0a90f8940b3a/screenshot'
15:05:08.068 [Forwarding screenshot on session fc428d77729771e83e9d0a90f8940b3a to remote] DEBUG org.asynchttpclient.netty.request.NettyRequestSender - Using open Channel [id: 0x30ca35b6, L:/127.0.0.1:64582 - R:localhost/127.0.0.1:45879] for GET '/session/fc428d77729771e83e9d0a90f8940b3a/screenshot'
15:05:08.224 [AsyncHttpClient-1-8] DEBUG org.asynchttpclient.netty.handler.HttpHandler - 

Request DefaultFullHttpRequest(decodeResult: success, version: HTTP/1.1, content: EmptyByteBufBE)
GET /session/fc428d77729771e83e9d0a90f8940b3a/screenshot HTTP/1.1
User-Agent: selenium/4.8.1 (java windows)
Cache-Control: no-cache
Content-Type: application/json; charset=utf-8
host: localhost:45879
accept: */*

Response DefaultHttpResponse(decodeResult: success, version: HTTP/1.1)
HTTP/1.1 200 OK
Content-Length: 88728
Content-Type: application/json; charset=utf-8
cache-control: no-cache

15:05:08.225 [AsyncHttpClient-1-8] DEBUG org.asynchttpclient.netty.channel.ChannelManager - Adding key: http://localhost:45879 for channel [id: 0x30ca35b6, L:/127.0.0.1:64582 - R:localhost/127.0.0.1:45879]
15:05:08.231 [main] DEBUG net.serenitybdd.core.photography.Darkroom - Send negative for processing for target\site\serenity\24a54fd6eb4c0755475029f31805c2f311a67ee4a452338ab338e4214a85c5dc.png
15:05:08.232 [Forwarding getPageSource on session fc428d77729771e83e9d0a90f8940b3a to remote] DEBUG org.asynchttpclient.netty.request.NettyRequestSender - Using pooled Channel '[id: 0x30ca35b6, L:/127.0.0.1:64582 - R:localhost/127.0.0.1:45879]' for 'POST' to 'http://localhost:45879/session/fc428d77729771e83e9d0a90f8940b3a/execute/sync'
15:05:08.232 [Forwarding getPageSource on session fc428d77729771e83e9d0a90f8940b3a to remote] DEBUG org.asynchttpclient.netty.request.NettyRequestSender - Using open Channel [id: 0x30ca35b6, L:/127.0.0.1:64582 - R:localhost/127.0.0.1:45879] for POST '/session/fc428d77729771e83e9d0a90f8940b3a/execute/sync'
15:05:08.232 [Darkroom Processing Line] DEBUG net.serenitybdd.core.photography.DarkroomProcessingLine - Processing screenshot image in /var/screenshots/screenshot-552596099515792316
15:05:08.232 [Darkroom Processing Line] DEBUG net.serenitybdd.core.photography.DarkroomProcessingLine - Saving screenshot to target\site\serenity\24a54fd6eb4c0755475029f31805c2f311a67ee4a452338ab338e4214a85c5dc.png
15:05:08.237 [AsyncHttpClient-1-8] DEBUG org.asynchttpclient.netty.handler.HttpHandler - 

Request DefaultHttpRequest(decodeResult: success, version: HTTP/1.1)
POST /session/fc428d77729771e83e9d0a90f8940b3a/execute/sync HTTP/1.1
User-Agent: selenium/4.8.1 (java windows)
Content-Length: 176
Content-Type: application/json; charset=utf-8
host: localhost:45879
accept: */*

Response DefaultHttpResponse(decodeResult: success, version: HTTP/1.1)
HTTP/1.1 200 OK
Content-Length: 16077
Content-Type: application/json; charset=utf-8
cache-control: no-cache

15:05:08.237 [AsyncHttpClient-1-8] DEBUG org.asynchttpclient.netty.channel.ChannelManager - Adding key: http://localhost:45879 for channel [id: 0x30ca35b6, L:/127.0.0.1:64582 - R:localhost/127.0.0.1:45879]
15:05:08.239 [Forwarding getCurrentUrl on session fc428d77729771e83e9d0a90f8940b3a to remote] DEBUG org.asynchttpclient.netty.request.NettyRequestSender - Using pooled Channel '[id: 0x30ca35b6, L:/127.0.0.1:64582 - R:localhost/127.0.0.1:45879]' for 'GET' to 'http://localhost:45879/session/fc428d77729771e83e9d0a90f8940b3a/url'
15:05:08.240 [Forwarding getCurrentUrl on session fc428d77729771e83e9d0a90f8940b3a to remote] DEBUG org.asynchttpclient.netty.request.NettyRequestSender - Using open Channel [id: 0x30ca35b6, L:/127.0.0.1:64582 - R:localhost/127.0.0.1:45879] for GET '/session/fc428d77729771e83e9d0a90f8940b3a/url'
15:05:08.243 [AsyncHttpClient-1-8] DEBUG org.asynchttpclient.netty.handler.HttpHandler - 

Request DefaultFullHttpRequest(decodeResult: success, version: HTTP/1.1, content: EmptyByteBufBE)
GET /session/fc428d77729771e83e9d0a90f8940b3a/url HTTP/1.1
User-Agent: selenium/4.8.1 (java windows)
Cache-Control: no-cache
Content-Type: application/json; charset=utf-8
host: localhost:45879
accept: */*

Response DefaultHttpResponse(decodeResult: success, version: HTTP/1.1)
HTTP/1.1 200 OK
Content-Length: 78
Content-Type: application/json; charset=utf-8
cache-control: no-cache

15:05:08.244 [AsyncHttpClient-1-8] DEBUG org.asynchttpclient.netty.channel.ChannelManager - Adding key: http://localhost:45879 for channel [id: 0x30ca35b6, L:/127.0.0.1:64582 - R:localhost/127.0.0.1:45879]
15:05:08.251 [main] DEBUG net.thucydides.core.steps.StepInterceptor - STARTING STEP: LoginOrangeTest.user_enters_password_as - Enter Password
15:05:08.253 [Forwarding findElement on session fc428d77729771e83e9d0a90f8940b3a to remote] DEBUG org.asynchttpclient.netty.request.NettyRequestSender - Using pooled Channel '[id: 0x30ca35b6, L:/127.0.0.1:64582 - R:localhost/127.0.0.1:45879]' for 'POST' to 'http://localhost:45879/session/fc428d77729771e83e9d0a90f8940b3a/element'
15:05:08.254 [Forwarding findElement on session fc428d77729771e83e9d0a90f8940b3a to remote] DEBUG org.asynchttpclient.netty.request.NettyRequestSender - Using open Channel [id: 0x30ca35b6, L:/127.0.0.1:64582 - R:localhost/127.0.0.1:45879] for POST '/session/fc428d77729771e83e9d0a90f8940b3a/element'
15:05:08.265 [AsyncHttpClient-1-8] DEBUG org.asynchttpclient.netty.handler.HttpHandler - 

Request DefaultHttpRequest(decodeResult: success, version: HTTP/1.1)
POST /session/fc428d77729771e83e9d0a90f8940b3a/element HTTP/1.1
User-Agent: selenium/4.8.1 (java windows)
Content-Length: 62
Content-Type: application/json; charset=utf-8
host: localhost:45879
accept: */*

Response DefaultHttpResponse(decodeResult: success, version: HTTP/1.1)
HTTP/1.1 200 OK
Content-Length: 88
Content-Type: application/json; charset=utf-8
cache-control: no-cache

15:05:08.265 [AsyncHttpClient-1-8] DEBUG org.asynchttpclient.netty.channel.ChannelManager - Adding key: http://localhost:45879 for channel [id: 0x30ca35b6, L:/127.0.0.1:64582 - R:localhost/127.0.0.1:45879]
15:05:08.268 [Forwarding sendKeysToElement on session fc428d77729771e83e9d0a90f8940b3a to remote] DEBUG org.asynchttpclient.netty.request.NettyRequestSender - Using pooled Channel '[id: 0x30ca35b6, L:/127.0.0.1:64582 - R:localhost/127.0.0.1:45879]' for 'POST' to 'http://localhost:45879/session/fc428d77729771e83e9d0a90f8940b3a/element/faf4237a-56f2-4c6c-b70f-449c31fc9510/value'
15:05:08.268 [Forwarding sendKeysToElement on session fc428d77729771e83e9d0a90f8940b3a to remote] DEBUG org.asynchttpclient.netty.request.NettyRequestSender - Using open Channel [id: 0x30ca35b6, L:/127.0.0.1:64582 - R:localhost/127.0.0.1:45879] for POST '/session/fc428d77729771e83e9d0a90f8940b3a/element/faf4237a-56f2-4c6c-b70f-449c31fc9510/value'
15:05:08.344 [AsyncHttpClient-1-8] DEBUG org.asynchttpclient.netty.handler.HttpHandler - 

Request DefaultHttpRequest(decodeResult: success, version: HTTP/1.1)
POST /session/fc428d77729771e83e9d0a90f8940b3a/element/faf4237a-56f2-4c6c-b70f-449c31fc9510/value HTTP/1.1
User-Agent: selenium/4.8.1 (java windows)
Content-Length: 161
Content-Type: application/json; charset=utf-8
host: localhost:45879
accept: */*

Response DefaultHttpResponse(decodeResult: success, version: HTTP/1.1)
HTTP/1.1 200 OK
Content-Length: 14
Content-Type: application/json; charset=utf-8
cache-control: no-cache

15:05:08.344 [AsyncHttpClient-1-8] DEBUG org.asynchttpclient.netty.channel.ChannelManager - Adding key: http://localhost:45879 for channel [id: 0x30ca35b6, L:/127.0.0.1:64582 - R:localhost/127.0.0.1:45879]
15:05:08.352 [Forwarding getAlertText on session fc428d77729771e83e9d0a90f8940b3a to remote] DEBUG org.asynchttpclient.netty.request.NettyRequestSender - Using pooled Channel '[id: 0x30ca35b6, L:/127.0.0.1:64582 - R:localhost/127.0.0.1:45879]' for 'GET' to 'http://localhost:45879/session/fc428d77729771e83e9d0a90f8940b3a/alert/text'
15:05:08.352 [Forwarding getAlertText on session fc428d77729771e83e9d0a90f8940b3a to remote] DEBUG org.asynchttpclient.netty.request.NettyRequestSender - Using open Channel [id: 0x30ca35b6, L:/127.0.0.1:64582 - R:localhost/127.0.0.1:45879] for GET '/session/fc428d77729771e83e9d0a90f8940b3a/alert/text'
15:05:08.354 [AsyncHttpClient-1-8] DEBUG org.asynchttpclient.netty.handler.HttpHandler - 

Request DefaultFullHttpRequest(decodeResult: success, version: HTTP/1.1, content: EmptyByteBufBE)
GET /session/fc428d77729771e83e9d0a90f8940b3a/alert/text HTTP/1.1
User-Agent: selenium/4.8.1 (java windows)
Cache-Control: no-cache
Content-Type: application/json; charset=utf-8
host: localhost:45879
accept: */*

Response DefaultHttpResponse(decodeResult: success, version: HTTP/1.1)
HTTP/1.1 404 Not Found
Content-Length: 816
Content-Type: application/json; charset=utf-8
cache-control: no-cache

15:05:08.354 [AsyncHttpClient-1-8] DEBUG org.asynchttpclient.netty.channel.ChannelManager - Adding key: http://localhost:45879 for channel [id: 0x30ca35b6, L:/127.0.0.1:64582 - R:localhost/127.0.0.1:45879]
15:05:08.356 [Forwarding getCurrentUrl on session fc428d77729771e83e9d0a90f8940b3a to remote] DEBUG org.asynchttpclient.netty.request.NettyRequestSender - Using pooled Channel '[id: 0x30ca35b6, L:/127.0.0.1:64582 - R:localhost/127.0.0.1:45879]' for 'GET' to 'http://localhost:45879/session/fc428d77729771e83e9d0a90f8940b3a/url'
15:05:08.356 [Forwarding getCurrentUrl on session fc428d77729771e83e9d0a90f8940b3a to remote] DEBUG org.asynchttpclient.netty.request.NettyRequestSender - Using open Channel [id: 0x30ca35b6, L:/127.0.0.1:64582 - R:localhost/127.0.0.1:45879] for GET '/session/fc428d77729771e83e9d0a90f8940b3a/url'
15:05:08.359 [AsyncHttpClient-1-8] DEBUG org.asynchttpclient.netty.handler.HttpHandler - 

Request DefaultFullHttpRequest(decodeResult: success, version: HTTP/1.1, content: EmptyByteBufBE)
GET /session/fc428d77729771e83e9d0a90f8940b3a/url HTTP/1.1
User-Agent: selenium/4.8.1 (java windows)
Cache-Control: no-cache
Content-Type: application/json; charset=utf-8
host: localhost:45879
accept: */*

Response DefaultHttpResponse(decodeResult: success, version: HTTP/1.1)
HTTP/1.1 200 OK
Content-Length: 78
Content-Type: application/json; charset=utf-8
cache-control: no-cache

15:05:08.359 [AsyncHttpClient-1-8] DEBUG org.asynchttpclient.netty.channel.ChannelManager - Adding key: http://localhost:45879 for channel [id: 0x30ca35b6, L:/127.0.0.1:64582 - R:localhost/127.0.0.1:45879]
15:05:08.360 [Forwarding screenshot on session fc428d77729771e83e9d0a90f8940b3a to remote] DEBUG org.asynchttpclient.netty.request.NettyRequestSender - Using pooled Channel '[id: 0x30ca35b6, L:/127.0.0.1:64582 - R:localhost/127.0.0.1:45879]' for 'GET' to 'http://localhost:45879/session/fc428d77729771e83e9d0a90f8940b3a/screenshot'
15:05:08.360 [Forwarding screenshot on session fc428d77729771e83e9d0a90f8940b3a to remote] DEBUG org.asynchttpclient.netty.request.NettyRequestSender - Using open Channel [id: 0x30ca35b6, L:/127.0.0.1:64582 - R:localhost/127.0.0.1:45879] for GET '/session/fc428d77729771e83e9d0a90f8940b3a/screenshot'
15:05:08.497 [AsyncHttpClient-1-8] DEBUG org.asynchttpclient.netty.handler.HttpHandler - 

Request DefaultFullHttpRequest(decodeResult: success, version: HTTP/1.1, content: EmptyByteBufBE)
GET /session/fc428d77729771e83e9d0a90f8940b3a/screenshot HTTP/1.1
User-Agent: selenium/4.8.1 (java windows)
Cache-Control: no-cache
Content-Type: application/json; charset=utf-8
host: localhost:45879
accept: */*

Response DefaultHttpResponse(decodeResult: success, version: HTTP/1.1)
HTTP/1.1 200 OK
Content-Length: 88664
Content-Type: application/json; charset=utf-8
cache-control: no-cache

15:05:08.497 [AsyncHttpClient-1-8] DEBUG org.asynchttpclient.netty.channel.ChannelManager - Adding key: http://localhost:45879 for channel [id: 0x30ca35b6, L:/127.0.0.1:64582 - R:localhost/127.0.0.1:45879]
15:05:08.500 [main] DEBUG net.serenitybdd.core.photography.Darkroom - Send negative for processing for target\site\serenity\ea8fe6e1611f80ccb0bd6b85b66209a0b3920ef5693a00fb6b4a1f29780b725b.png
15:05:08.500 [main] DEBUG net.thucydides.core.steps.StepInterceptor - STEP DONE: Enter Password
  And User enters password as 'admin123'                                   # stepdefinitions.LoginOrangeTest.user_enters_password_as(java.lang.String)
15:05:08.501 [Darkroom Processing Line] DEBUG net.serenitybdd.core.photography.DarkroomProcessingLine - Processing screenshot image in /var/screenshots/screenshot-14470048718725102863
15:05:08.501 [Darkroom Processing Line] DEBUG net.serenitybdd.core.photography.DarkroomProcessingLine - Saving screenshot to target\site\serenity\ea8fe6e1611f80ccb0bd6b85b66209a0b3920ef5693a00fb6b4a1f29780b725b.png
15:05:08.512 [Forwarding getPageSource on session fc428d77729771e83e9d0a90f8940b3a to remote] DEBUG org.asynchttpclient.netty.request.NettyRequestSender - Using pooled Channel '[id: 0x30ca35b6, L:/127.0.0.1:64582 - R:localhost/127.0.0.1:45879]' for 'POST' to 'http://localhost:45879/session/fc428d77729771e83e9d0a90f8940b3a/execute/sync'
15:05:08.512 [Forwarding getPageSource on session fc428d77729771e83e9d0a90f8940b3a to remote] DEBUG org.asynchttpclient.netty.request.NettyRequestSender - Using open Channel [id: 0x30ca35b6, L:/127.0.0.1:64582 - R:localhost/127.0.0.1:45879] for POST '/session/fc428d77729771e83e9d0a90f8940b3a/execute/sync'
15:05:08.518 [AsyncHttpClient-1-8] DEBUG org.asynchttpclient.netty.handler.HttpHandler - 

Request DefaultHttpRequest(decodeResult: success, version: HTTP/1.1)
POST /session/fc428d77729771e83e9d0a90f8940b3a/execute/sync HTTP/1.1
User-Agent: selenium/4.8.1 (java windows)
Content-Length: 176
Content-Type: application/json; charset=utf-8
host: localhost:45879
accept: */*

Response DefaultHttpResponse(decodeResult: success, version: HTTP/1.1)
HTTP/1.1 200 OK
Content-Length: 16077
Content-Type: application/json; charset=utf-8
cache-control: no-cache

15:05:08.518 [AsyncHttpClient-1-8] DEBUG org.asynchttpclient.netty.channel.ChannelManager - Adding key: http://localhost:45879 for channel [id: 0x30ca35b6, L:/127.0.0.1:64582 - R:localhost/127.0.0.1:45879]
15:05:08.520 [Forwarding getCurrentUrl on session fc428d77729771e83e9d0a90f8940b3a to remote] DEBUG org.asynchttpclient.netty.request.NettyRequestSender - Using pooled Channel '[id: 0x30ca35b6, L:/127.0.0.1:64582 - R:localhost/127.0.0.1:45879]' for 'GET' to 'http://localhost:45879/session/fc428d77729771e83e9d0a90f8940b3a/url'
15:05:08.520 [Forwarding getCurrentUrl on session fc428d77729771e83e9d0a90f8940b3a to remote] DEBUG org.asynchttpclient.netty.request.NettyRequestSender - Using open Channel [id: 0x30ca35b6, L:/127.0.0.1:64582 - R:localhost/127.0.0.1:45879] for GET '/session/fc428d77729771e83e9d0a90f8940b3a/url'
15:05:08.524 [AsyncHttpClient-1-8] DEBUG org.asynchttpclient.netty.handler.HttpHandler - 

Request DefaultFullHttpRequest(decodeResult: success, version: HTTP/1.1, content: EmptyByteBufBE)
GET /session/fc428d77729771e83e9d0a90f8940b3a/url HTTP/1.1
User-Agent: selenium/4.8.1 (java windows)
Cache-Control: no-cache
Content-Type: application/json; charset=utf-8
host: localhost:45879
accept: */*

Response DefaultHttpResponse(decodeResult: success, version: HTTP/1.1)
HTTP/1.1 200 OK
Content-Length: 78
Content-Type: application/json; charset=utf-8
cache-control: no-cache

15:05:08.524 [AsyncHttpClient-1-8] DEBUG org.asynchttpclient.netty.channel.ChannelManager - Adding key: http://localhost:45879 for channel [id: 0x30ca35b6, L:/127.0.0.1:64582 - R:localhost/127.0.0.1:45879]
15:05:08.539 [Forwarding getPageSource on session fc428d77729771e83e9d0a90f8940b3a to remote] DEBUG org.asynchttpclient.netty.request.NettyRequestSender - Using pooled Channel '[id: 0x30ca35b6, L:/127.0.0.1:64582 - R:localhost/127.0.0.1:45879]' for 'POST' to 'http://localhost:45879/session/fc428d77729771e83e9d0a90f8940b3a/execute/sync'
15:05:08.539 [Forwarding getPageSource on session fc428d77729771e83e9d0a90f8940b3a to remote] DEBUG org.asynchttpclient.netty.request.NettyRequestSender - Using open Channel [id: 0x30ca35b6, L:/127.0.0.1:64582 - R:localhost/127.0.0.1:45879] for POST '/session/fc428d77729771e83e9d0a90f8940b3a/execute/sync'
15:05:08.544 [AsyncHttpClient-1-8] DEBUG org.asynchttpclient.netty.handler.HttpHandler - 

Request DefaultHttpRequest(decodeResult: success, version: HTTP/1.1)
POST /session/fc428d77729771e83e9d0a90f8940b3a/execute/sync HTTP/1.1
User-Agent: selenium/4.8.1 (java windows)
Content-Length: 176
Content-Type: application/json; charset=utf-8
host: localhost:45879
accept: */*

Response DefaultHttpResponse(decodeResult: success, version: HTTP/1.1)
HTTP/1.1 200 OK
Content-Length: 16077
Content-Type: application/json; charset=utf-8
cache-control: no-cache

15:05:08.544 [AsyncHttpClient-1-8] DEBUG org.asynchttpclient.netty.channel.ChannelManager - Adding key: http://localhost:45879 for channel [id: 0x30ca35b6, L:/127.0.0.1:64582 - R:localhost/127.0.0.1:45879]
15:05:08.546 [Forwarding getCurrentUrl on session fc428d77729771e83e9d0a90f8940b3a to remote] DEBUG org.asynchttpclient.netty.request.NettyRequestSender - Using pooled Channel '[id: 0x30ca35b6, L:/127.0.0.1:64582 - R:localhost/127.0.0.1:45879]' for 'GET' to 'http://localhost:45879/session/fc428d77729771e83e9d0a90f8940b3a/url'
15:05:08.546 [Forwarding getCurrentUrl on session fc428d77729771e83e9d0a90f8940b3a to remote] DEBUG org.asynchttpclient.netty.request.NettyRequestSender - Using open Channel [id: 0x30ca35b6, L:/127.0.0.1:64582 - R:localhost/127.0.0.1:45879] for GET '/session/fc428d77729771e83e9d0a90f8940b3a/url'
15:05:08.549 [AsyncHttpClient-1-8] DEBUG org.asynchttpclient.netty.handler.HttpHandler - 

Request DefaultFullHttpRequest(decodeResult: success, version: HTTP/1.1, content: EmptyByteBufBE)
GET /session/fc428d77729771e83e9d0a90f8940b3a/url HTTP/1.1
User-Agent: selenium/4.8.1 (java windows)
Cache-Control: no-cache
Content-Type: application/json; charset=utf-8
host: localhost:45879
accept: */*

Response DefaultHttpResponse(decodeResult: success, version: HTTP/1.1)
HTTP/1.1 200 OK
Content-Length: 78
Content-Type: application/json; charset=utf-8
cache-control: no-cache

15:05:08.549 [AsyncHttpClient-1-8] DEBUG org.asynchttpclient.netty.channel.ChannelManager - Adding key: http://localhost:45879 for channel [id: 0x30ca35b6, L:/127.0.0.1:64582 - R:localhost/127.0.0.1:45879]
15:05:08.554 [main] DEBUG net.thucydides.core.steps.StepInterceptor - STARTING STEP: LoginOrangeTest.unsucessfulLogin - Error Message on unsuccessful login
15:05:08.557 [Forwarding findElement on session fc428d77729771e83e9d0a90f8940b3a to remote] DEBUG org.asynchttpclient.netty.request.NettyRequestSender - Using pooled Channel '[id: 0x30ca35b6, L:/127.0.0.1:64582 - R:localhost/127.0.0.1:45879]' for 'POST' to 'http://localhost:45879/session/fc428d77729771e83e9d0a90f8940b3a/element'
15:05:08.557 [Forwarding findElement on session fc428d77729771e83e9d0a90f8940b3a to remote] DEBUG org.asynchttpclient.netty.request.NettyRequestSender - Using open Channel [id: 0x30ca35b6, L:/127.0.0.1:64582 - R:localhost/127.0.0.1:45879] for POST '/session/fc428d77729771e83e9d0a90f8940b3a/element'
15:05:08.712 [AsyncHttpClient-1-1] DEBUG org.asynchttpclient.netty.channel.DefaultChannelPool - Entry count for : http://localhost:64583 : 1
15:05:09.821 [AsyncHttpClient-1-1] DEBUG org.asynchttpclient.netty.channel.DefaultChannelPool - Entry count for : http://localhost:64583 : 1
15:05:10.579 [AsyncHttpClient-1-8] DEBUG org.asynchttpclient.netty.handler.HttpHandler - 

Request DefaultHttpRequest(decodeResult: success, version: HTTP/1.1)
POST /session/fc428d77729771e83e9d0a90f8940b3a/element HTTP/1.1
User-Agent: selenium/4.8.1 (java windows)
Content-Length: 167
Content-Type: application/json; charset=utf-8
host: localhost:45879
accept: */*

Response DefaultHttpResponse(decodeResult: success, version: HTTP/1.1)
HTTP/1.1 404 Not Found
Content-Length: 986
Content-Type: application/json; charset=utf-8
cache-control: no-cache

15:05:10.580 [AsyncHttpClient-1-8] DEBUG org.asynchttpclient.netty.channel.ChannelManager - Adding key: http://localhost:45879 for channel [id: 0x30ca35b6, L:/127.0.0.1:64582 - R:localhost/127.0.0.1:45879]
15:05:10.584 [Forwarding getAlertText on session fc428d77729771e83e9d0a90f8940b3a to remote] DEBUG org.asynchttpclient.netty.request.NettyRequestSender - Using pooled Channel '[id: 0x30ca35b6, L:/127.0.0.1:64582 - R:localhost/127.0.0.1:45879]' for 'GET' to 'http://localhost:45879/session/fc428d77729771e83e9d0a90f8940b3a/alert/text'
15:05:10.584 [Forwarding getAlertText on session fc428d77729771e83e9d0a90f8940b3a to remote] DEBUG org.asynchttpclient.netty.request.NettyRequestSender - Using open Channel [id: 0x30ca35b6, L:/127.0.0.1:64582 - R:localhost/127.0.0.1:45879] for GET '/session/fc428d77729771e83e9d0a90f8940b3a/alert/text'
15:05:10.586 [AsyncHttpClient-1-8] DEBUG org.asynchttpclient.netty.handler.HttpHandler - 

Request DefaultFullHttpRequest(decodeResult: success, version: HTTP/1.1, content: EmptyByteBufBE)
GET /session/fc428d77729771e83e9d0a90f8940b3a/alert/text HTTP/1.1
User-Agent: selenium/4.8.1 (java windows)
Cache-Control: no-cache
Content-Type: application/json; charset=utf-8
host: localhost:45879
accept: */*

Response DefaultHttpResponse(decodeResult: success, version: HTTP/1.1)
HTTP/1.1 404 Not Found
Content-Length: 816
Content-Type: application/json; charset=utf-8
cache-control: no-cache

15:05:10.586 [AsyncHttpClient-1-8] DEBUG org.asynchttpclient.netty.channel.ChannelManager - Adding key: http://localhost:45879 for channel [id: 0x30ca35b6, L:/127.0.0.1:64582 - R:localhost/127.0.0.1:45879]
15:05:10.587 [Forwarding getCurrentUrl on session fc428d77729771e83e9d0a90f8940b3a to remote] DEBUG org.asynchttpclient.netty.request.NettyRequestSender - Using pooled Channel '[id: 0x30ca35b6, L:/127.0.0.1:64582 - R:localhost/127.0.0.1:45879]' for 'GET' to 'http://localhost:45879/session/fc428d77729771e83e9d0a90f8940b3a/url'
15:05:10.587 [Forwarding getCurrentUrl on session fc428d77729771e83e9d0a90f8940b3a to remote] DEBUG org.asynchttpclient.netty.request.NettyRequestSender - Using open Channel [id: 0x30ca35b6, L:/127.0.0.1:64582 - R:localhost/127.0.0.1:45879] for GET '/session/fc428d77729771e83e9d0a90f8940b3a/url'
15:05:10.591 [AsyncHttpClient-1-8] DEBUG org.asynchttpclient.netty.handler.HttpHandler - 

Request DefaultFullHttpRequest(decodeResult: success, version: HTTP/1.1, content: EmptyByteBufBE)
GET /session/fc428d77729771e83e9d0a90f8940b3a/url HTTP/1.1
User-Agent: selenium/4.8.1 (java windows)
Cache-Control: no-cache
Content-Type: application/json; charset=utf-8
host: localhost:45879
accept: */*

Response DefaultHttpResponse(decodeResult: success, version: HTTP/1.1)
HTTP/1.1 200 OK
Content-Length: 78
Content-Type: application/json; charset=utf-8
cache-control: no-cache

15:05:10.591 [AsyncHttpClient-1-8] DEBUG org.asynchttpclient.netty.channel.ChannelManager - Adding key: http://localhost:45879 for channel [id: 0x30ca35b6, L:/127.0.0.1:64582 - R:localhost/127.0.0.1:45879]
15:05:10.592 [Forwarding screenshot on session fc428d77729771e83e9d0a90f8940b3a to remote] DEBUG org.asynchttpclient.netty.request.NettyRequestSender - Using pooled Channel '[id: 0x30ca35b6, L:/127.0.0.1:64582 - R:localhost/127.0.0.1:45879]' for 'GET' to 'http://localhost:45879/session/fc428d77729771e83e9d0a90f8940b3a/screenshot'
15:05:10.592 [Forwarding screenshot on session fc428d77729771e83e9d0a90f8940b3a to remote] DEBUG org.asynchttpclient.netty.request.NettyRequestSender - Using open Channel [id: 0x30ca35b6, L:/127.0.0.1:64582 - R:localhost/127.0.0.1:45879] for GET '/session/fc428d77729771e83e9d0a90f8940b3a/screenshot'
15:05:10.708 [AsyncHttpClient-1-8] DEBUG org.asynchttpclient.netty.handler.HttpHandler - 

Request DefaultFullHttpRequest(decodeResult: success, version: HTTP/1.1, content: EmptyByteBufBE)
GET /session/fc428d77729771e83e9d0a90f8940b3a/screenshot HTTP/1.1
User-Agent: selenium/4.8.1 (java windows)
Cache-Control: no-cache
Content-Type: application/json; charset=utf-8
host: localhost:45879
accept: */*

Response DefaultHttpResponse(decodeResult: success, version: HTTP/1.1)
HTTP/1.1 200 OK
Content-Length: 113976
Content-Type: application/json; charset=utf-8
cache-control: no-cache

15:05:10.709 [AsyncHttpClient-1-8] DEBUG org.asynchttpclient.netty.channel.ChannelManager - Adding key: http://localhost:45879 for channel [id: 0x30ca35b6, L:/127.0.0.1:64582 - R:localhost/127.0.0.1:45879]
15:05:10.712 [main] DEBUG net.serenitybdd.core.photography.Darkroom - Send negative for processing for target\site\serenity\097700310e95b3f99b36592cd502e4f08c056f3e2c1d06352e7baa35c5de40dc.png
15:05:10.712 [Forwarding getPageSource on session fc428d77729771e83e9d0a90f8940b3a to remote] DEBUG org.asynchttpclient.netty.request.NettyRequestSender - Using pooled Channel '[id: 0x30ca35b6, L:/127.0.0.1:64582 - R:localhost/127.0.0.1:45879]' for 'POST' to 'http://localhost:45879/session/fc428d77729771e83e9d0a90f8940b3a/execute/sync'
15:05:10.712 [Forwarding getPageSource on session fc428d77729771e83e9d0a90f8940b3a to remote] DEBUG org.asynchttpclient.netty.request.NettyRequestSender - Using open Channel [id: 0x30ca35b6, L:/127.0.0.1:64582 - R:localhost/127.0.0.1:45879] for POST '/session/fc428d77729771e83e9d0a90f8940b3a/execute/sync'
15:05:10.713 [Darkroom Processing Line] DEBUG net.serenitybdd.core.photography.DarkroomProcessingLine - Processing screenshot image in /var/screenshots/screenshot-7780388157026847529
15:05:10.713 [Darkroom Processing Line] DEBUG net.serenitybdd.core.photography.DarkroomProcessingLine - Saving screenshot to target\site\serenity\097700310e95b3f99b36592cd502e4f08c056f3e2c1d06352e7baa35c5de40dc.png
15:05:10.718 [AsyncHttpClient-1-8] DEBUG org.asynchttpclient.netty.handler.HttpHandler - 

Request DefaultHttpRequest(decodeResult: success, version: HTTP/1.1)
POST /session/fc428d77729771e83e9d0a90f8940b3a/execute/sync HTTP/1.1
User-Agent: selenium/4.8.1 (java windows)
Content-Length: 176
Content-Type: application/json; charset=utf-8
host: localhost:45879
accept: */*

Response DefaultHttpResponse(decodeResult: success, version: HTTP/1.1)
HTTP/1.1 200 OK
Content-Length: 16077
Content-Type: application/json; charset=utf-8
cache-control: no-cache

15:05:10.718 [AsyncHttpClient-1-8] DEBUG org.asynchttpclient.netty.channel.ChannelManager - Adding key: http://localhost:45879 for channel [id: 0x30ca35b6, L:/127.0.0.1:64582 - R:localhost/127.0.0.1:45879]
15:05:10.720 [Forwarding getCurrentUrl on session fc428d77729771e83e9d0a90f8940b3a to remote] DEBUG org.asynchttpclient.netty.request.NettyRequestSender - Using pooled Channel '[id: 0x30ca35b6, L:/127.0.0.1:64582 - R:localhost/127.0.0.1:45879]' for 'GET' to 'http://localhost:45879/session/fc428d77729771e83e9d0a90f8940b3a/url'
15:05:10.720 [Forwarding getCurrentUrl on session fc428d77729771e83e9d0a90f8940b3a to remote] DEBUG org.asynchttpclient.netty.request.NettyRequestSender - Using open Channel [id: 0x30ca35b6, L:/127.0.0.1:64582 - R:localhost/127.0.0.1:45879] for GET '/session/fc428d77729771e83e9d0a90f8940b3a/url'
15:05:10.724 [AsyncHttpClient-1-8] DEBUG org.asynchttpclient.netty.handler.HttpHandler - 

Request DefaultFullHttpRequest(decodeResult: success, version: HTTP/1.1, content: EmptyByteBufBE)
GET /session/fc428d77729771e83e9d0a90f8940b3a/url HTTP/1.1
User-Agent: selenium/4.8.1 (java windows)
Cache-Control: no-cache
Content-Type: application/json; charset=utf-8
host: localhost:45879
accept: */*

Response DefaultHttpResponse(decodeResult: success, version: HTTP/1.1)
HTTP/1.1 200 OK
Content-Length: 78
Content-Type: application/json; charset=utf-8
cache-control: no-cache

15:05:10.724 [AsyncHttpClient-1-8] DEBUG org.asynchttpclient.netty.channel.ChannelManager - Adding key: http://localhost:45879 for channel [id: 0x30ca35b6, L:/127.0.0.1:64582 - R:localhost/127.0.0.1:45879]
  Then User should be able to see error message 'Username cannot be empty' # stepdefinitions.LoginOrangeTest.unsucessfulLogin(java.lang.String)
      org.openqa.selenium.NoSuchElementException: no such element: Unable to locate element: {"method":"xpath","selector":"//*[@id='app']/div[1]/div/div[1]/div/div[2]/div[2]/div/div[1]/div[1]/p"}
  (Session info: chrome=112.0.5615.138)
For documentation on this error, please visit: https://selenium.dev/exceptions/#no_such_element
Build info: version: '4.8.1', revision: '8ebccac989'
System info: os.name: 'Windows 11', os.arch: 'amd64', os.version: '10.0', java.version: '19'
Driver info: org.openqa.selenium.chrome.ChromeDriver
Command: [fc428d77729771e83e9d0a90f8940b3a, findElement {using=xpath, value=//*[@id='app']/div[1]/div/div[1]/div/div[2]/div[2]/div/div[1]/div[1]/p}]
Capabilities {acceptInsecureCerts: false, browserName: chrome, browserVersion: 112.0.5615.138, chrome: {chromedriverVersion: 111.0.5563.64 (c710e93d5b63..., userDataDir: C:\Users\VIJAYA~1.RAJ\AppDa...}, goog:chromeOptions: {debuggerAddress: localhost:64583}, networkConnectionEnabled: false, pageLoadStrategy: normal, platformName: WINDOWS, proxy: Proxy(), se:cdp: ws://localhost:64583/devtoo..., se:cdpVersion: 112.0.5615.138, setWindowRect: true, strictFileInteractability: false, timeouts: {implicit: 0, pageLoad: 300000, script: 30000}, unhandledPromptBehavior: dismiss and notify, webauthn:extension:credBlob: true, webauthn:extension:largeBlob: true, webauthn:extension:minPinLength: true, webauthn:extension:prf: true, webauthn:virtualAuthenticators: true}
Session ID: fc428d77729771e83e9d0a90f8940b3a
	at java.base/jdk.internal.reflect.DirectConstructorHandleAccessor.newInstance(DirectConstructorHandleAccessor.java:67)
	at java.base/java.lang.reflect.Constructor.newInstanceWithCaller(Constructor.java:500)
	at java.base/java.lang.reflect.Constructor.newInstance(Constructor.java:484)
	at org.openqa.selenium.remote.codec.w3c.W3CHttpResponseCodec.createException(W3CHttpResponseCodec.java:200)
	at org.openqa.selenium.remote.codec.w3c.W3CHttpResponseCodec.decode(W3CHttpResponseCodec.java:133)
	at org.openqa.selenium.remote.codec.w3c.W3CHttpResponseCodec.decode(W3CHttpResponseCodec.java:53)
	at org.openqa.selenium.remote.HttpCommandExecutor.execute(HttpCommandExecutor.java:184)
	at org.openqa.selenium.remote.service.DriverCommandExecutor.invokeExecute(DriverCommandExecutor.java:167)
	at org.openqa.selenium.remote.service.DriverCommandExecutor.execute(DriverCommandExecutor.java:142)
	at org.openqa.selenium.remote.RemoteWebDriver.execute(RemoteWebDriver.java:543)
	at org.openqa.selenium.remote.ElementLocation$ElementFinder$2.findElement(ElementLocation.java:162)
	at org.openqa.selenium.remote.ElementLocation.findElement(ElementLocation.java:60)
	at org.openqa.selenium.remote.RemoteWebDriver.findElement(RemoteWebDriver.java:352)
	at org.openqa.selenium.remote.RemoteWebDriver.findElement(RemoteWebDriver.java:344)
	at net.thucydides.core.webdriver.WebDriverFacade.findElement(WebDriverFacade.java:242)
	at net.serenitybdd.core.pages.WebElementResolverByLocator.resolveForDriver(WebElementResolverByLocator.java:25)
	at net.serenitybdd.core.pages.WebElementFacadeImpl.getResolvedElement(WebElementFacadeImpl.java:189)
	at net.serenitybdd.core.pages.WebElementFacadeImpl.getElement(WebElementFacadeImpl.java:184)
	at net.serenitybdd.core.pages.WebElementFacadeImpl.getText(WebElementFacadeImpl.java:1091)
	at SerenityProject@0.0.1-SNAPSHOT/pages.LoginPage.errorMessage(LoginPage.java:27)
	at SerenityProject@0.0.1-SNAPSHOT/pages.LoginPage$ByteBuddy$05COehHA.errorMessage$accessor$uVMzfmaK(Unknown Source)
	at java.base/jdk.internal.reflect.DirectMethodHandleAccessor.invoke(DirectMethodHandleAccessor.java:104)
	at java.base/java.lang.reflect.Method.invoke(Method.java:578)
	at net.thucydides.core.steps.StepInterceptor.invokeMethod(StepInterceptor.java:518)
	at net.thucydides.core.steps.StepInterceptor.executeTestStepMethod(StepInterceptor.java:498)
	at net.thucydides.core.steps.StepInterceptor.runTestStep(StepInterceptor.java:472)
	at net.thucydides.core.steps.StepInterceptor.runOrSkipMethod(StepInterceptor.java:211)
	at net.thucydides.core.steps.StepInterceptor.testStepResult(StepInterceptor.java:198)
	at net.thucydides.core.steps.StepInterceptor.intercept(StepInterceptor.java:86)
	at net.thucydides.core.steps.ProxyConfiguration$InterceptorDispatcher.intercept(ProxyConfiguration.java:51)
	at SerenityProject@0.0.1-SNAPSHOT/pages.LoginPage$ByteBuddy$05COehHA.errorMessage(Unknown Source)
	at SerenityProject@0.0.1-SNAPSHOT/stepdefinitions.LoginOrangeTest.unsucessfulLogin(LoginOrangeTest.java:46)
	at ✽.User should be able to see error message 'Username cannot be empty'(file:///C:/Users/vijayalaxmi.rajaa/eclipse-workspace/SerenityProject/Features/LoginOrange.feature:15)

15:05:10.742 [Driver Command Executor] DEBUG org.asynchttpclient.netty.request.NettyRequestSender - Using pooled Channel '[id: 0x30ca35b6, L:/127.0.0.1:64582 - R:localhost/127.0.0.1:45879]' for 'DELETE' to 'http://localhost:45879/session/fc428d77729771e83e9d0a90f8940b3a'
15:05:10.742 [Driver Command Executor] DEBUG org.asynchttpclient.netty.request.NettyRequestSender - Using open Channel [id: 0x30ca35b6, L:/127.0.0.1:64582 - R:localhost/127.0.0.1:45879] for DELETE '/session/fc428d77729771e83e9d0a90f8940b3a'
15:05:10.742 [AsyncHttpClient-1-10] DEBUG org.asynchttpclient.netty.handler.WebSocketHandler - Channel Closed: [id: 0xe914fd5a, L:/127.0.0.1:64590 ! R:localhost/127.0.0.1:64583] with attribute NettyResponseFuture{currentRetry=0,
	isDone=1,
	isCancelled=0,
	asyncHandler=org.asynchttpclient.ws.WebSocketUpgradeHandler@7080ca92,
	nettyRequest=org.asynchttpclient.netty.request.NettyRequest@35825ae6,
	future=java.util.concurrent.CompletableFuture@a4a8a05[Completed normally],
	uri=ws://localhost:64583/devtools/browser/866e6c70-7a70-4c82-b58e-10b72dffea28,
	keepAlive=true,
	redirectCount=0,
	timeoutsHolder=null,
	inAuth=0,
	touch=1682933699453}
15:05:10.743 [AsyncHttpClient-1-10] DEBUG org.asynchttpclient.netty.channel.ChannelManager - Closing Channel [id: 0xe914fd5a, L:/127.0.0.1:64590 ! R:localhost/127.0.0.1:64583] 
15:05:10.806 [AsyncHttpClient-1-9] DEBUG org.asynchttpclient.netty.handler.HttpHandler - Unexpected I/O exception on channel [id: 0x50965584, L:/127.0.0.1:64589 - R:localhost/127.0.0.1:64583]
java.net.SocketException: Connection reset
	at java.base/sun.nio.ch.SocketChannelImpl.throwConnectionReset(SocketChannelImpl.java:401)
	at java.base/sun.nio.ch.SocketChannelImpl.read(SocketChannelImpl.java:434)
	at io.netty.buffer.PooledByteBuf.setBytes(PooledByteBuf.java:259)
	at io.netty.buffer.AbstractByteBuf.writeBytes(AbstractByteBuf.java:1132)
	at io.netty.channel.socket.nio.NioSocketChannel.doReadBytes(NioSocketChannel.java:357)
	at io.netty.channel.nio.AbstractNioByteChannel$NioByteUnsafe.read(AbstractNioByteChannel.java:151)
	at io.netty.channel.nio.NioEventLoop.processSelectedKey(NioEventLoop.java:788)
	at io.netty.channel.nio.NioEventLoop.processSelectedKeysOptimized(NioEventLoop.java:724)
	at io.netty.channel.nio.NioEventLoop.processSelectedKeys(NioEventLoop.java:650)
	at io.netty.channel.nio.NioEventLoop.run(NioEventLoop.java:562)
	at io.netty.util.concurrent.SingleThreadEventExecutor$4.run(SingleThreadEventExecutor.java:997)
	at io.netty.util.internal.ThreadExecutorMap$2.run(ThreadExecutorMap.java:74)
	at io.netty.util.concurrent.FastThreadLocalRunnable.run(FastThreadLocalRunnable.java:30)
	at java.base/java.lang.Thread.run(Thread.java:1589)
15:05:10.806 [AsyncHttpClient-1-9] DEBUG org.asynchttpclient.netty.channel.ChannelManager - Closing Channel [id: 0x50965584, L:/127.0.0.1:64589 - R:localhost/127.0.0.1:64583] 
15:05:10.806 [AsyncHttpClient-1-9] DEBUG org.asynchttpclient.netty.handler.HttpHandler - Channel Closed: [id: 0x50965584, L:/127.0.0.1:64589 ! R:localhost/127.0.0.1:64583] with attribute DISCARD
15:05:10.826 [AsyncHttpClient-1-8] DEBUG org.asynchttpclient.netty.handler.HttpHandler - 

Request DefaultFullHttpRequest(decodeResult: success, version: HTTP/1.1, content: EmptyByteBufBE)
DELETE /session/fc428d77729771e83e9d0a90f8940b3a HTTP/1.1
User-Agent: selenium/4.8.1 (java windows)
Content-Type: application/json; charset=utf-8
host: localhost:45879
accept: */*

Response DefaultHttpResponse(decodeResult: success, version: HTTP/1.1)
HTTP/1.1 200 OK
Content-Length: 14
Content-Type: application/json; charset=utf-8
cache-control: no-cache

15:05:10.827 [AsyncHttpClient-1-8] DEBUG org.asynchttpclient.netty.channel.ChannelManager - Adding key: http://localhost:45879 for channel [id: 0x30ca35b6, L:/127.0.0.1:64582 - R:localhost/127.0.0.1:45879]
15:05:10.912 [AsyncHttpClient-1-1] DEBUG org.asynchttpclient.netty.channel.DefaultChannelPool - Entry count for : http://localhost:45879 : 1
15:05:10.912 [AsyncHttpClient-1-1] DEBUG org.asynchttpclient.netty.channel.DefaultChannelPool - Entry count for : http://localhost:64583 : 1
15:05:10.912 [AsyncHttpClient-1-1] DEBUG org.asynchttpclient.netty.channel.DefaultChannelPool - Adding Candidate expired Channel [id: 0x50965584, L:/127.0.0.1:64589 ! R:localhost/127.0.0.1:64583] isIdleTimeoutExpired=false isRemotelyClosed=true isTtlExpired=false
15:05:10.912 [AsyncHttpClient-1-1] DEBUG org.asynchttpclient.netty.channel.DefaultChannelPool - Closing Idle Channel [id: 0x50965584, L:/127.0.0.1:64589 ! R:localhost/127.0.0.1:64583]
15:05:10.912 [AsyncHttpClient-1-1] DEBUG org.asynchttpclient.netty.channel.DefaultChannelPool - Closed 1 connections out of 2 in 0 ms
15:05:11.286 [AsyncHttpClient-1-8] DEBUG org.asynchttpclient.netty.handler.HttpHandler - Channel Closed: [id: 0x30ca35b6, L:/127.0.0.1:64582 ! R:localhost/127.0.0.1:45879] with attribute DISCARD
]]></system-out>
    <system-err><![CDATA[Starting ChromeDriver 111.0.5563.64 (c710e93d5b63b7095afe8c2c17df34408078439d-refs/branch-heads/5563@{#995}) on port 45879
Only local connections are allowed.
Please see https://chromedriver.chromium.org/security-considerations for suggestions on keeping ChromeDriver safe.
ChromeDriver was started successfully.
[1682933699.267][WARNING]: This version of ChromeDriver has not been tested with Chrome version 112.
May 01, 2023 3:04:59 PM org.openqa.selenium.devtools.CdpVersionFinder findNearestMatch
WARNING: Unable to find an exact match for CDP version 112, so returning the closest version found: 110
]]></system-err>
  </testcase>
</testsuite>